<?xml version="1.0" encoding="UTF-8"?>
<!-- Generated by org.testng.reporters.JUnitXMLReporter -->
<testsuite ignored="0" hostname="iramtech-Vostro-3470" failures="0" tests="49" name="AlertMessages" time="163.152" errors="0" timestamp="2024-04-04T13:29:32 IST">
  <testcase classname="com.selenium.AlertMessages" name="login" time="3.722"/>
  <testcase classname="com.selenium.AlertMessages" name="revenueDashboardOpen" time="5.119"/>
  <testcase classname="com.selenium.AlertMessages" name="siteConfigurationPage" time="2.371"/>
  <testcase classname="com.selenium.AlertMessages" name="jstreeOrg" time="3.224"/>
  <testcase classname="com.selenium.AlertMessages" name="applicationMsgs" time="2.24"/>
  <testcase classname="com.selenium.AlertMessages" name="applicationMsgsAnchor" time="5.262"/>
  <testcase classname="com.selenium.AlertMessages" name="selectEng" time="3.324"/>
  <testcase classname="com.selenium.AlertMessages" name="createMessage_English" time="0.067"/>
  <testcase classname="com.selenium.AlertMessages" name="msgSubmit" time="3.236"/>
  <testcase classname="com.selenium.AlertMessages" name="alertStatus" time="3.04"/>
  <testcase classname="com.selenium.AlertMessages" name="engStatusOk" time="3.244"/>
  <testcase classname="com.selenium.AlertMessages" name="messagesToView" time="5.262"/>
  <testcase classname="com.selenium.AlertMessages" name="getAlertMessagesTableDetails" time="0.278"/>
  <testcase classname="com.selenium.AlertMessages" name="engMsgDeleteRow" time="5.124"/>
  <testcase classname="com.selenium.AlertMessages" name="engMsgDeleteBtn" time="2.233"/>
  <testcase classname="com.selenium.AlertMessages" name="alertDelStatus" time="3.057"/>
  <testcase classname="com.selenium.AlertMessages" name="engDeleteOK" time="3.224"/>
  <testcase classname="com.selenium.AlertMessages" name="applicationMsgs_ToCreate_Hindi" time="5.234"/>
  <testcase classname="com.selenium.AlertMessages" name="selectHindi" time="3.347"/>
  <testcase classname="com.selenium.AlertMessages" name="createMessageHindi" time="0.063"/>
  <testcase classname="com.selenium.AlertMessages" name="hindiSubmit" time="3.222"/>
  <testcase classname="com.selenium.AlertMessages" name="alertHindiStatus" time="6.063"/>
  <testcase classname="com.selenium.AlertMessages" name="hindiOK" time="3.233"/>
  <testcase classname="com.selenium.AlertMessages" name="messagesToView_AfterCreate_Hindi" time="5.243"/>
  <testcase classname="com.selenium.AlertMessages" name="messsgesAnchorHindi" time="0.286"/>
  <testcase classname="com.selenium.AlertMessages" name="hindiMsgDeleteRow" time="0.006"/>
  <testcase classname="com.selenium.AlertMessages" name="deleteAlertMsgHindi" time="2.244"/>
  <testcase classname="com.selenium.AlertMessages" name="alertHindiDelStatus" time="6.064"/>
  <testcase classname="com.selenium.AlertMessages" name="hindiDeleteOK" time="3.221"/>
  <testcase classname="com.selenium.AlertMessages" name="applicationMsgs_ToCreate_TwiceEnglish" time="5.233"/>
  <testcase classname="com.selenium.AlertMessages" name="secondSelectEng" time="3.326"/>
  <testcase classname="com.selenium.AlertMessages" name="secondCreateEng" time="0.051"/>
  <testcase classname="com.selenium.AlertMessages" name="secondMsgSubmit" time="3.234"/>
  <testcase classname="com.selenium.AlertMessages" name="secondStatus" time="6.062"/>
  <testcase classname="com.selenium.AlertMessages" name="secondStatusOk" time="3.237"/>
  <testcase classname="com.selenium.AlertMessages" name="messagesToView_AfterCreate_TwiceEnglish" time="5.233"/>
  <testcase classname="com.selenium.AlertMessages" name="applicationMsgs_ToCreate_Marathi" time="5.229"/>
  <testcase classname="com.selenium.AlertMessages" name="selectMarathi" time="3.308"/>
  <testcase classname="com.selenium.AlertMessages" name="createMessageMarathi" time="2.018"/>
  <testcase classname="com.selenium.AlertMessages" name="MarathiSubmit" time="3.232"/>
  <testcase classname="com.selenium.AlertMessages" name="alertMarathiStatus" time="6.06"/>
  <testcase classname="com.selenium.AlertMessages" name="marathiOK" time="3.265"/>
  <testcase classname="com.selenium.AlertMessages" name="messagesToView_AfterCreate_Marathi" time="5.242"/>
  <testcase classname="com.selenium.AlertMessages" name="messsgesAnchorMarathi" time="0.328"/>
  <testcase classname="com.selenium.AlertMessages" name="marathiMsgDeleteRow" time="0.006"/>
  <testcase classname="com.selenium.AlertMessages" name="deleteAlertMsgMarathi" time="2.249"/>
  <testcase classname="com.selenium.AlertMessages" name="alertMarathiDelStatus" time="6.057"/>
  <testcase classname="com.selenium.AlertMessages" name="marathiDeleteOK" time="0.237"/>
  <testcase classname="com.selenium.AlertMessages" name="logout" time="5.271"/>
</testsuite> <!-- AlertMessages -->
