<?xml version="1.0" encoding="UTF-8"?>
<!-- Generated by org.testng.reporters.JUnitXMLReporter -->
<testsuite ignored="0" hostname="iramtech-Vostro-3470" failures="0" tests="13" name="AttenderLiveSessions" time="58.626" errors="0" timestamp="2024-04-04T13:51:31 IST">
  <testcase classname="com.selenium.AttenderLiveSessions" name="login" time="3.78"/>
  <testcase classname="com.selenium.AttenderLiveSessions" name="revenueDashboard" time="5.175"/>
  <testcase classname="com.selenium.AttenderLiveSessions" name="attenderLiveSessionsPage" time="3.381"/>
  <testcase classname="com.selenium.AttenderLiveSessions" name="selectSitesList" time="8.573"/>
  <testcase classname="com.selenium.AttenderLiveSessions" name="attenderSessionCount" time="5.284"/>
  <testcase classname="com.selenium.AttenderLiveSessions" name="clickLogoutButton" time="0.007"/>
  <testcase classname="com.selenium.AttenderLiveSessions" name="confirmAttenderLogoutAction" time="0.006"/>
  <testcase classname="com.selenium.AttenderLiveSessions" name="selectReason" time="3.034"/>
  <testcase classname="com.selenium.AttenderLiveSessions" name="clickSubmitButtonWithExplicitWait" time="5.212"/>
  <testcase classname="com.selenium.AttenderLiveSessions" name="extractPopupText" time="3.006"/>
  <testcase classname="com.selenium.AttenderLiveSessions" name="statusOK" time="5.007"/>
  <testcase classname="com.selenium.AttenderLiveSessions" name="selectSitesListTwice" time="8.499"/>
  <testcase classname="com.selenium.AttenderLiveSessions" name="logout" time="5.279"/>
</testsuite> <!-- AttenderLiveSessions -->
