<?xml version="1.0" encoding="UTF-8"?>
<!-- Generated by org.testng.reporters.JUnitXMLReporter -->
<testsuite ignored="0" hostname="iramtech-Vostro-3470" failures="0" tests="35" name="Dashboard" time="161.551" errors="0" timestamp="2024-04-04T12:32:17 IST">
  <testcase classname="com.selenium.Dashboard" name="login" time="4.008"/>
  <testcase classname="com.selenium.Dashboard" name="revenueDashboardOpen" time="5.126"/>
  <testcase classname="com.selenium.Dashboard" name="getSummaryCards" time="0.093"/>
  <testcase classname="com.selenium.Dashboard" name="revenueDatesEnabled" time="1.066"/>
  <testcase classname="com.selenium.Dashboard" name="getMonthRevenue" time="4.303"/>
  <testcase classname="com.selenium.Dashboard" name="getWeekRevenue" time="3.375"/>
  <testcase classname="com.selenium.Dashboard" name="getDayRevenue" time="4.345"/>
  <testcase classname="com.selenium.Dashboard" name="selectCountDashboard" time="8.366"/>
  <testcase classname="com.selenium.Dashboard" name="selectDashboardStartDate" time="8.816"/>
  <testcase classname="com.selenium.Dashboard" name="selectDashboardEndDate" time="11.594"/>
  <testcase classname="com.selenium.Dashboard" name="sitenamesDashboard" time="0.491"/>
  <testcase classname="com.selenium.Dashboard" name="validateRevenue" time="0.204"/>
  <testcase classname="com.selenium.Dashboard" name="searchSiteName" time="8.171"/>
  <testcase classname="com.selenium.Dashboard" name="cityRevenueViewButton" time="2.473"/>
  <testcase classname="com.selenium.Dashboard" name="count_InViewDetails" time="8.296"/>
  <testcase classname="com.selenium.Dashboard" name="searchSiteName_InVieDetails" time="8.152"/>
  <testcase classname="com.selenium.Dashboard" name="cityRevenueCSVButton" time="2.273"/>
  <testcase classname="com.selenium.Dashboard" name="cityRevenuePDFButton" time="2.406"/>
  <testcase classname="com.selenium.Dashboard" name="cityRevenuePopUpClose" time="2.222"/>
  <testcase classname="com.selenium.Dashboard" name="cityRevenueColumnFilterBtn" time="2.244"/>
  <testcase classname="com.selenium.Dashboard" name="columnFilterSelectVehicleTypes" time="35.471"/>
  <testcase classname="com.selenium.Dashboard" name="columnFilterPopUpClose" time="2.213"/>
  <testcase classname="com.selenium.Dashboard" name="occupancyTabDashboard" time="2.268"/>
  <testcase classname="com.selenium.Dashboard" name="getOccupancyPercentage" time="0.297"/>
  <testcase classname="com.selenium.Dashboard" name="getOperatingSitesPercentage" time="0.268"/>
  <testcase classname="com.selenium.Dashboard" name="operatingsSitesSelectCount" time="4.24"/>
  <testcase classname="com.selenium.Dashboard" name="searchSiteStatus_OperationalTab" time="8.112"/>
  <testcase classname="com.selenium.Dashboard" name="operatingsitesList" time="2.318"/>
  <testcase classname="com.selenium.Dashboard" name="deviceStatusTab" time="0.241"/>
  <testcase classname="com.selenium.Dashboard" name="selectCountDeviceStatus" time="4.285"/>
  <testcase classname="com.selenium.Dashboard" name="deviceStatusPercentage" time="3.061"/>
  <testcase classname="com.selenium.Dashboard" name="devicesStatusTable" time="0.433"/>
  <testcase classname="com.selenium.Dashboard" name="alertsTab" time="0.443"/>
  <testcase classname="com.selenium.Dashboard" name="alertsCount" time="5.017"/>
  <testcase classname="com.selenium.Dashboard" name="logout" time="2.243"/>
</testsuite> <!-- Dashboard -->
