<?xml version="1.0" encoding="UTF-8"?>
<!-- Generated by org.testng.reporters.JUnitXMLReporter -->
<testsuite ignored="0" hostname="iramtech-Vostro-3470" failures="0" tests="13" name="Feedback" time="80.173" errors="0" timestamp="2024-04-04T13:53:31 IST">
  <testcase classname="com.selenium.Feedback" name="login" time="3.77"/>
  <testcase classname="com.selenium.Feedback" name="revenueDashboard" time="5.129"/>
  <testcase classname="com.selenium.Feedback" name="redirectFeedBackPage" time="3.105"/>
  <testcase classname="com.selenium.Feedback" name="selectFeedbackSitesList" time="8.563"/>
  <testcase classname="com.selenium.Feedback" name="feedbackDatesEnabled" time="3.692"/>
  <testcase classname="com.selenium.Feedback" name="selectFeedbackStartDate" time="7.746"/>
  <testcase classname="com.selenium.Feedback" name="selectFeedbackEndDate" time="8.423"/>
  <testcase classname="com.selenium.Feedback" name="clickComplaintsTab" time="5.91"/>
  <testcase classname="com.selenium.Feedback" name="selectComplaintSitesList" time="8.545"/>
  <testcase classname="com.selenium.Feedback" name="complaintsDatesEnabled" time="3.699"/>
  <testcase classname="com.selenium.Feedback" name="selectComplaintStartDate" time="7.399"/>
  <testcase classname="com.selenium.Feedback" name="selectComplaintEndDate" time="6.469"/>
  <testcase classname="com.selenium.Feedback" name="logout" time="5.295"/>
</testsuite> <!-- Feedback -->
