<?xml version="1.0" encoding="UTF-8"?>
<!-- Generated by org.testng.reporters.JUnitXMLReporter -->
<testsuite ignored="0" hostname="iramtech-Vostro-3470" failures="0" tests="132" name="MobileNumberSearch" time="183.901" errors="0" timestamp="2024-04-04T12:57:56 IST">
  <testcase classname="com.selenium.MobileNumberSearch" name="login" time="4.032"/>
  <testcase classname="com.selenium.MobileNumberSearch" name="revenueDashboardOpen" time="5.123"/>
  <testcase classname="com.selenium.MobileNumberSearch" name="redirectMobileNumberSearchPage" time="5.355"/>
  <testcase classname="com.selenium.MobileNumberSearch" name="mobileNumberEnter" time="2.042"/>
  <testcase classname="com.selenium.MobileNumberSearch" name="mobileNumberSubmit" time="2.263"/>
  <testcase classname="com.selenium.MobileNumberSearch" name="mobileNumberTransactions" time="0.493"/>
  <testcase classname="com.selenium.MobileNumberSearch" name="mobileNumberTransactionsDates" time="4.67"/>
  <testcase classname="com.selenium.MobileNumberSearch" name="selectStartDateTransactions" time="6.495"/>
  <testcase classname="com.selenium.MobileNumberSearch" name="selectEndDateTransactions" time="7.234"/>
  <testcase classname="com.selenium.MobileNumberSearch" name="selectTransactionCount" time="4.231"/>
  <testcase classname="com.selenium.MobileNumberSearch" name="mobileNumberTransactionsTable" time="6.146"/>
  <testcase classname="com.selenium.MobileNumberSearch" name="validateTransactionSiteName" time="0.05"/>
  <testcase classname="com.selenium.MobileNumberSearch" name="validateTransactionVehicleNumber" time="0.024"/>
  <testcase classname="com.selenium.MobileNumberSearch" name="validateTransactionVehicleType" time="0.016"/>
  <testcase classname="com.selenium.MobileNumberSearch" name="validateTransactionType" time="0.015"/>
  <testcase classname="com.selenium.MobileNumberSearch" name="validateCreatedDateTimeHeader" time="0.013"/>
  <testcase classname="com.selenium.MobileNumberSearch" name="validateTransactionCreatedDate" time="0.015"/>
  <testcase classname="com.selenium.MobileNumberSearch" name="validateStartDateTimeHeader" time="0.013"/>
  <testcase classname="com.selenium.MobileNumberSearch" name="validateTransactionStartDate" time="0.015"/>
  <testcase classname="com.selenium.MobileNumberSearch" name="validateEndDateTimeHeader" time="0.013"/>
  <testcase classname="com.selenium.MobileNumberSearch" name="validateTransactionEndDate" time="0.014"/>
  <testcase classname="com.selenium.MobileNumberSearch" name="validateTransactionPayU_reference" time="0.015"/>
  <testcase classname="com.selenium.MobileNumberSearch" name="validateTransactionId" time="0.015"/>
  <testcase classname="com.selenium.MobileNumberSearch" name="validateTransactionAmount" time="0.014"/>
  <testcase classname="com.selenium.MobileNumberSearch" name="validateTransactionStatus" time="0.015"/>
  <testcase classname="com.selenium.MobileNumberSearch" name="mobileNumberPass" time="2.23"/>
  <testcase classname="com.selenium.MobileNumberSearch" name="mobileNumberPassDates" time="6.713"/>
  <testcase classname="com.selenium.MobileNumberSearch" name="selectPassCount" time="4.238"/>
  <testcase classname="com.selenium.MobileNumberSearch" name="passTable" time="6.009"/>
  <testcase classname="com.selenium.MobileNumberSearch" name="validatePassesSiteName" time="0.044"/>
  <testcase classname="com.selenium.MobileNumberSearch" name="validatePassesVehicleNumber" time="0.01"/>
  <testcase classname="com.selenium.MobileNumberSearch" name="validatePassesVehicleType" time="0.009"/>
  <testcase classname="com.selenium.MobileNumberSearch" name="validatePassesType" time="0.008"/>
  <testcase classname="com.selenium.MobileNumberSearch" name="validatePassCreatedDateTimeHeader" time="0.013"/>
  <testcase classname="com.selenium.MobileNumberSearch" name="validatePassesCreatedDate" time="0.007"/>
  <testcase classname="com.selenium.MobileNumberSearch" name="validatePassStartDateTimeHeader" time="0.014"/>
  <testcase classname="com.selenium.MobileNumberSearch" name="validatePassesStartDate" time="0.007"/>
  <testcase classname="com.selenium.MobileNumberSearch" name="validatePassEndDateTimeHeader" time="0.013"/>
  <testcase classname="com.selenium.MobileNumberSearch" name="validatePassesEndDate" time="0.008"/>
  <testcase classname="com.selenium.MobileNumberSearch" name="validatePassesPayU_reference" time="0.007"/>
  <testcase classname="com.selenium.MobileNumberSearch" name="validatePassesTransactionId" time="0.008"/>
  <testcase classname="com.selenium.MobileNumberSearch" name="validatePassesAmount" time="0.007"/>
  <testcase classname="com.selenium.MobileNumberSearch" name="validatePassesStatus" time="0.007"/>
  <testcase classname="com.selenium.MobileNumberSearch" name="mobileNumberReservation" time="2.21"/>
  <testcase classname="com.selenium.MobileNumberSearch" name="mobileReservationDates" time="4.716"/>
  <testcase classname="com.selenium.MobileNumberSearch" name="selectReservationsCount" time="4.242"/>
  <testcase classname="com.selenium.MobileNumberSearch" name="reservationsTable" time="9.376"/>
  <testcase classname="com.selenium.MobileNumberSearch" name="validateReservationsSiteName" time="0.065"/>
  <testcase classname="com.selenium.MobileNumberSearch" name="validateReservationsVehicleNumber" time="0.025"/>
  <testcase classname="com.selenium.MobileNumberSearch" name="validateReservationsVehicleType" time="0.024"/>
  <testcase classname="com.selenium.MobileNumberSearch" name="validateReservationsType" time="0.026"/>
  <testcase classname="com.selenium.MobileNumberSearch" name="validateReserveCreatedDateTimeHeader" time="0.013"/>
  <testcase classname="com.selenium.MobileNumberSearch" name="validateReservationsCreatedDate" time="0.025"/>
  <testcase classname="com.selenium.MobileNumberSearch" name="validateReserveStartDateTimeHeader" time="0.013"/>
  <testcase classname="com.selenium.MobileNumberSearch" name="validateReservationsStartDate" time="0.023"/>
  <testcase classname="com.selenium.MobileNumberSearch" name="validateReserveEndDateTimeHeader" time="0.013"/>
  <testcase classname="com.selenium.MobileNumberSearch" name="validateReservationsEndDate" time="0.024"/>
  <testcase classname="com.selenium.MobileNumberSearch" name="validateReservationsPayU_reference" time="0.024"/>
  <testcase classname="com.selenium.MobileNumberSearch" name="validateReservationsTransactionId" time="0.025"/>
  <testcase classname="com.selenium.MobileNumberSearch" name="validateReservationsAmount" time="0.026"/>
  <testcase classname="com.selenium.MobileNumberSearch" name="validateReservationsStatus" time="0.025"/>
  <testcase classname="com.selenium.MobileNumberSearch" name="mobileNumberCheckInOut" time="3.221"/>
  <testcase classname="com.selenium.MobileNumberSearch" name="mobileNumberCheckInOutDates" time="4.659"/>
  <testcase classname="com.selenium.MobileNumberSearch" name="selectCountCheckInOut" time="2.245"/>
  <testcase classname="com.selenium.MobileNumberSearch" name="checkInOutTable" time="6.008"/>
  <testcase classname="com.selenium.MobileNumberSearch" name="validateCheckInOutSiteName" time="0.017"/>
  <testcase classname="com.selenium.MobileNumberSearch" name="validateCheckInOutVehicleType" time="0.008"/>
  <testcase classname="com.selenium.MobileNumberSearch" name="validateCheckInOutVehicleNumber" time="0.011"/>
  <testcase classname="com.selenium.MobileNumberSearch" name="validateCheckInDateTimeHeader" time="0.028"/>
  <testcase classname="com.selenium.MobileNumberSearch" name="validateCheckInRow" time="0.017"/>
  <testcase classname="com.selenium.MobileNumberSearch" name="validateCheckOutDateTimeHeader" time="0.019"/>
  <testcase classname="com.selenium.MobileNumberSearch" name="validateCheckOutRow" time="0.012"/>
  <testcase classname="com.selenium.MobileNumberSearch" name="validateCheckInOutType" time="0.01"/>
  <testcase classname="com.selenium.MobileNumberSearch" name="validateCheckInOutPayU_reference" time="0.011"/>
  <testcase classname="com.selenium.MobileNumberSearch" name="validateCheckInOutTransactionId" time="0.009"/>
  <testcase classname="com.selenium.MobileNumberSearch" name="validateCheckInOutAmount" time="0.009"/>
  <testcase classname="com.selenium.MobileNumberSearch" name="validateCheckInOutDueAmount" time="0.01"/>
  <testcase classname="com.selenium.MobileNumberSearch" name="validateCheckInOutStatus" time="0.01"/>
  <testcase classname="com.selenium.MobileNumberSearch" name="mobileNumberDueAmount" time="2.212"/>
  <testcase classname="com.selenium.MobileNumberSearch" name="mobileNumberDueAmountDates" time="4.662"/>
  <testcase classname="com.selenium.MobileNumberSearch" name="selectDueAmountCount" time="4.253"/>
  <testcase classname="com.selenium.MobileNumberSearch" name="dueAmountTable" time="6.025"/>
  <testcase classname="com.selenium.MobileNumberSearch" name="validateDueAmountSiteName" time="0.039"/>
  <testcase classname="com.selenium.MobileNumberSearch" name="validateDueAmountVehicleNumber" time="0.009"/>
  <testcase classname="com.selenium.MobileNumberSearch" name="validateDueAmountVehicleType" time="0.008"/>
  <testcase classname="com.selenium.MobileNumberSearch" name="validateRDueAmountPayU_reference" time="0.006"/>
  <testcase classname="com.selenium.MobileNumberSearch" name="validateDueAmountCreatedDateTimeHeader" time="0.012"/>
  <testcase classname="com.selenium.MobileNumberSearch" name="validateDueAmountCreatedDate" time="0.006"/>
  <testcase classname="com.selenium.MobileNumberSearch" name="validateDueAmountsTransactionId" time="0.006"/>
  <testcase classname="com.selenium.MobileNumberSearch" name="validateDueAmountAmount" time="0.005"/>
  <testcase classname="com.selenium.MobileNumberSearch" name="validateDueAmountStatus" time="0.006"/>
  <testcase classname="com.selenium.MobileNumberSearch" name="mobileNumberFeedback" time="2.21"/>
  <testcase classname="com.selenium.MobileNumberSearch" name="mobileNumberFeedbackDates" time="4.678"/>
  <testcase classname="com.selenium.MobileNumberSearch" name="selectPassFeedback" time="2.278"/>
  <testcase classname="com.selenium.MobileNumberSearch" name="FeedbackTable" time="6.022"/>
  <testcase classname="com.selenium.MobileNumberSearch" name="validateFeedbackSiteName" time="0.052"/>
  <testcase classname="com.selenium.MobileNumberSearch" name="validateFeedbackCategory" time="0.012"/>
  <testcase classname="com.selenium.MobileNumberSearch" name="validateFeedbackId" time="0.009"/>
  <testcase classname="com.selenium.MobileNumberSearch" name="validateFeedbackType" time="0.008"/>
  <testcase classname="com.selenium.MobileNumberSearch" name="validateFeedBackCreatedDateTimeHeader" time="0.012"/>
  <testcase classname="com.selenium.MobileNumberSearch" name="validateFeedbackCreatedDate" time="0.006"/>
  <testcase classname="com.selenium.MobileNumberSearch" name="validateFeedbackStatus" time="0.006"/>
  <testcase classname="com.selenium.MobileNumberSearch" name="validateFeedbackDescription" time="0.007"/>
  <testcase classname="com.selenium.MobileNumberSearch" name="mobileNumberBlockListClick" time="2.228"/>
  <testcase classname="com.selenium.MobileNumberSearch" name="mobileNumberBlockListDates" time="6.718"/>
  <testcase classname="com.selenium.MobileNumberSearch" name="selectBlockListCount" time="2.236"/>
  <testcase classname="com.selenium.MobileNumberSearch" name="BlockListTable" time="6.021"/>
  <testcase classname="com.selenium.MobileNumberSearch" name="validateBlockListSiteName" time="0.017"/>
  <testcase classname="com.selenium.MobileNumberSearch" name="validateBlockListVehicleNumber" time="0.007"/>
  <testcase classname="com.selenium.MobileNumberSearch" name="validateBlockListVehicleType" time="0.007"/>
  <testcase classname="com.selenium.MobileNumberSearch" name="validateBlockListCreatedDateTimeHeader" time="0.013"/>
  <testcase classname="com.selenium.MobileNumberSearch" name="validateBlockListnCreatedDate" time="0.007"/>
  <testcase classname="com.selenium.MobileNumberSearch" name="validateBlockListAmount" time="0.007"/>
  <testcase classname="com.selenium.MobileNumberSearch" name="validateBlockListStatus" time="0.007"/>
  <testcase classname="com.selenium.MobileNumberSearch" name="mobileNumberUnAccountedClick" time="2.213"/>
  <testcase classname="com.selenium.MobileNumberSearch" name="mobileNumberUnAccountedDates" time="4.683"/>
  <testcase classname="com.selenium.MobileNumberSearch" name="selectUnAccountedCount" time="4.282"/>
  <testcase classname="com.selenium.MobileNumberSearch" name="unAccountedTable" time="6.025"/>
  <testcase classname="com.selenium.MobileNumberSearch" name="validateUnAccountedSiteName" time="0.044"/>
  <testcase classname="com.selenium.MobileNumberSearch" name="validateUnAccountedVehicleNumber" time="0.01"/>
  <testcase classname="com.selenium.MobileNumberSearch" name="validateUnAccountedDateTimeHeader" time="0.014"/>
  <testcase classname="com.selenium.MobileNumberSearch" name="validateUnAccountedVehicleType" time="0.007"/>
  <testcase classname="com.selenium.MobileNumberSearch" name="validateUnAccountedType" time="0.006"/>
  <testcase classname="com.selenium.MobileNumberSearch" name="validateUnAccountedBankrefNo" time="0.007"/>
  <testcase classname="com.selenium.MobileNumberSearch" name="validateUnAccountedAmount" time="0.007"/>
  <testcase classname="com.selenium.MobileNumberSearch" name="validateUnAccountedMode" time="0.007"/>
  <testcase classname="com.selenium.MobileNumberSearch" name="validateUnAccountedStatus" time="0.007"/>
  <testcase classname="com.selenium.MobileNumberSearch" name="validateVehicleNumber" time="0.124"/>
  <testcase classname="com.selenium.MobileNumberSearch" name="validateVehicleType" time="0.115"/>
  <testcase classname="com.selenium.MobileNumberSearch" name="mobileNumberGuestPasses" time="2.21"/>
  <testcase classname="com.selenium.MobileNumberSearch" name="mobileNumberGuestPassesDates" time="2.009"/>
  <testcase classname="com.selenium.MobileNumberSearch" name="logout" time="5.254"/>
</testsuite> <!-- MobileNumberSearch -->
