<?xml version="1.0" encoding="UTF-8"?>
<!-- Generated by org.testng.reporters.JUnitXMLReporter -->
<testsuite ignored="0" hostname="iramtech-Vostro-3470" failures="0" tests="22" name="ReservationReports" time="97.117" errors="0" timestamp="2024-04-04T12:33:55 IST">
  <testcase classname="com.selenium.ReservationReports" name="login" time="3.677"/>
  <testcase classname="com.selenium.ReservationReports" name="revenueDashboardOpen" time="5.137"/>
  <testcase classname="com.selenium.ReservationReports" name="redirectReservationReportsPage" time="4.347"/>
  <testcase classname="com.selenium.ReservationReports" name="selectReservationSitesList" time="3.743"/>
  <testcase classname="com.selenium.ReservationReports" name="reservationReportDateEnabled" time="4.853"/>
  <testcase classname="com.selenium.ReservationReports" name="selectReservationStartDate" time="8.761"/>
  <testcase classname="com.selenium.ReservationReports" name="selectReservationEndDate" time="11.536"/>
  <testcase classname="com.selenium.ReservationReports" name="selectCountReservations" time="2.285"/>
  <testcase classname="com.selenium.ReservationReports" name="selectReservations" time="2.043"/>
  <testcase classname="com.selenium.ReservationReports" name="getreservationsList" time="0.158"/>
  <testcase classname="com.selenium.ReservationReports" name="verify_ReservationsTiming" time="0.008"/>
  <testcase classname="com.selenium.ReservationReports" name="selectPasses" time="4.062"/>
  <testcase classname="com.selenium.ReservationReports" name="getPassesList" time="0.127"/>
  <testcase classname="com.selenium.ReservationReports" name="verify_PassBookingTimings" time="0.012"/>
  <testcase classname="com.selenium.ReservationReports" name="selectGuestpasses" time="4.042"/>
  <testcase classname="com.selenium.ReservationReports" name="selectgPassesStartDate" time="8.767"/>
  <testcase classname="com.selenium.ReservationReports" name="selectPassesEndDate" time="11.544"/>
  <testcase classname="com.selenium.ReservationReports" name="getGuestPassesList" time="5.036"/>
  <testcase classname="com.selenium.ReservationReports" name="verify_GuestPass_EntryExitDateTime" time="5.031"/>
  <testcase classname="com.selenium.ReservationReports" name="guestPassesViewButton" time="2.015"/>
  <testcase classname="com.selenium.ReservationReports" name="guestPassPopUpClose" time="2.026"/>
  <testcase classname="com.selenium.ReservationReports" name="logout" time="5.27"/>
</testsuite> <!-- ReservationReports -->
