<?xml version="1.0" encoding="UTF-8"?>
<!-- Generated by org.testng.reporters.JUnitXMLReporter -->
<testsuite ignored="0" hostname="iramtech-Vostro-3470" failures="33" tests="40" name="SiteConfig" time="170.28" errors="0" timestamp="2024-02-01T14:59:37 IST">
  <testcase classname="com.selenium.SiteConfig" name="login" time="5.598"/>
  <testcase classname="com.selenium.SiteConfig" name="revenueDashboardOpen" time="5.302"/>
  <testcase classname="com.selenium.SiteConfig" name="siteConfigurationPage" time="2.59"/>
  <testcase classname="com.selenium.SiteConfig" name="jstreeOrg" time="2.415"/>
  <testcase classname="com.selenium.SiteConfig" name="jstreeZone" time="2.004">
    <failure type="org.openqa.selenium.NoSuchElementException" message="Unable to locate element: //li[@id=&amp;apos;city_5&amp;apos;]/i
For documentation on this error, please visit: https://www.selenium.dev/documentation/webdriver/troubleshooting/errors#no-such-element-exception
Build info: version: &amp;apos;4.10.0&amp;apos;, revision: &amp;apos;c14d967899&amp;apos;
System info: os.name: &amp;apos;Linux&amp;apos;, os.arch: &amp;apos;amd64&amp;apos;, os.version: &amp;apos;6.2.0-39-generic&amp;apos;, java.version: &amp;apos;18.0.2-ea&amp;apos;
Driver info: org.openqa.selenium.firefox.FirefoxDriver
Command: [9ad7a0bc-b90b-473d-89f5-c72f6ce7faa0, findElement {using=xpath, value=//li[@id=&amp;apos;city_5&amp;apos;]/i}]
Capabilities {acceptInsecureCerts: true, browserName: firefox, browserVersion: 121.0, moz:accessibilityChecks: false, moz:buildID: 20231220184444, moz:debuggerAddress: 127.0.0.1:2266, moz:geckodriverVersion: 0.33.0, moz:headless: false, moz:platformVersion: 6.2.0-39-generic, moz:processID: 1217703, moz:profile: /tmp/rust_mozprofileWURFkL, moz:shutdownTimeout: 60000, moz:webdriverClick: true, moz:windowless: false, pageLoadStrategy: normal, platformName: linux, proxy: Proxy(), se:cdp: ws://127.0.0.1:2266/devtool..., se:cdpVersion: 85.0, setWindowRect: true, strictFileInteractability: false, timeouts: {implicit: 0, pageLoad: 300000, script: 30000}, unhandledPromptBehavior: dismiss and notify}
Session ID: 9ad7a0bc-b90b-473d-89f5-c72f6ce7faa0">
      <![CDATA[org.openqa.selenium.NoSuchElementException: Unable to locate element: //li[@id='city_5']/i
For documentation on this error, please visit: https://www.selenium.dev/documentation/webdriver/troubleshooting/errors#no-such-element-exception
Build info: version: '4.10.0', revision: 'c14d967899'
System info: os.name: 'Linux', os.arch: 'amd64', os.version: '6.2.0-39-generic', java.version: '18.0.2-ea'
Driver info: org.openqa.selenium.firefox.FirefoxDriver
Command: [9ad7a0bc-b90b-473d-89f5-c72f6ce7faa0, findElement {using=xpath, value=//li[@id='city_5']/i}]
Capabilities {acceptInsecureCerts: true, browserName: firefox, browserVersion: 121.0, moz:accessibilityChecks: false, moz:buildID: 20231220184444, moz:debuggerAddress: 127.0.0.1:2266, moz:geckodriverVersion: 0.33.0, moz:headless: false, moz:platformVersion: 6.2.0-39-generic, moz:processID: 1217703, moz:profile: /tmp/rust_mozprofileWURFkL, moz:shutdownTimeout: 60000, moz:webdriverClick: true, moz:windowless: false, pageLoadStrategy: normal, platformName: linux, proxy: Proxy(), se:cdp: ws://127.0.0.1:2266/devtool..., se:cdpVersion: 85.0, setWindowRect: true, strictFileInteractability: false, timeouts: {implicit: 0, pageLoad: 300000, script: 30000}, unhandledPromptBehavior: dismiss and notify}
Session ID: 9ad7a0bc-b90b-473d-89f5-c72f6ce7faa0
at org.openqa.selenium.remote.codec.w3c.W3CHttpResponseCodec.createException(W3CHttpResponseCodec.java:199)
at org.openqa.selenium.remote.codec.w3c.W3CHttpResponseCodec.decode(W3CHttpResponseCodec.java:132)
at org.openqa.selenium.remote.codec.w3c.W3CHttpResponseCodec.decode(W3CHttpResponseCodec.java:51)
at org.openqa.selenium.remote.HttpCommandExecutor.execute(HttpCommandExecutor.java:191)
at org.openqa.selenium.remote.service.DriverCommandExecutor.invokeExecute(DriverCommandExecutor.java:196)
at org.openqa.selenium.remote.service.DriverCommandExecutor.execute(DriverCommandExecutor.java:171)
at org.openqa.selenium.remote.RemoteWebDriver.execute(RemoteWebDriver.java:531)
at org.openqa.selenium.remote.ElementLocation$ElementFinder$2.findElement(ElementLocation.java:165)
at org.openqa.selenium.remote.ElementLocation.findElement(ElementLocation.java:59)
at org.openqa.selenium.remote.RemoteWebDriver.findElement(RemoteWebDriver.java:350)
at org.openqa.selenium.remote.RemoteWebDriver.findElement(RemoteWebDriver.java:344)
at com.selenium.SiteConfig.jstreeZone(SiteConfig.java:82)
at java.base/java.util.ArrayList.forEach(ArrayList.java:1511)
... Removed 32 stack frames]]>
    </failure>
  </testcase> <!-- jstreeZone -->
  <testcase classname="com.selenium.SiteConfig" name="jstreeSites" time="0.003">
    <failure type="org.openqa.selenium.NoSuchElementException" message="Unable to locate element: //li[@id=&amp;apos;zone_1&amp;apos;]/i
For documentation on this error, please visit: https://www.selenium.dev/documentation/webdriver/troubleshooting/errors#no-such-element-exception
Build info: version: &amp;apos;4.10.0&amp;apos;, revision: &amp;apos;c14d967899&amp;apos;
System info: os.name: &amp;apos;Linux&amp;apos;, os.arch: &amp;apos;amd64&amp;apos;, os.version: &amp;apos;6.2.0-39-generic&amp;apos;, java.version: &amp;apos;18.0.2-ea&amp;apos;
Driver info: org.openqa.selenium.firefox.FirefoxDriver
Command: [9ad7a0bc-b90b-473d-89f5-c72f6ce7faa0, findElement {using=xpath, value=//li[@id=&amp;apos;zone_1&amp;apos;]/i}]
Capabilities {acceptInsecureCerts: true, browserName: firefox, browserVersion: 121.0, moz:accessibilityChecks: false, moz:buildID: 20231220184444, moz:debuggerAddress: 127.0.0.1:2266, moz:geckodriverVersion: 0.33.0, moz:headless: false, moz:platformVersion: 6.2.0-39-generic, moz:processID: 1217703, moz:profile: /tmp/rust_mozprofileWURFkL, moz:shutdownTimeout: 60000, moz:webdriverClick: true, moz:windowless: false, pageLoadStrategy: normal, platformName: linux, proxy: Proxy(), se:cdp: ws://127.0.0.1:2266/devtool..., se:cdpVersion: 85.0, setWindowRect: true, strictFileInteractability: false, timeouts: {implicit: 0, pageLoad: 300000, script: 30000}, unhandledPromptBehavior: dismiss and notify}
Session ID: 9ad7a0bc-b90b-473d-89f5-c72f6ce7faa0">
      <![CDATA[org.openqa.selenium.NoSuchElementException: Unable to locate element: //li[@id='zone_1']/i
For documentation on this error, please visit: https://www.selenium.dev/documentation/webdriver/troubleshooting/errors#no-such-element-exception
Build info: version: '4.10.0', revision: 'c14d967899'
System info: os.name: 'Linux', os.arch: 'amd64', os.version: '6.2.0-39-generic', java.version: '18.0.2-ea'
Driver info: org.openqa.selenium.firefox.FirefoxDriver
Command: [9ad7a0bc-b90b-473d-89f5-c72f6ce7faa0, findElement {using=xpath, value=//li[@id='zone_1']/i}]
Capabilities {acceptInsecureCerts: true, browserName: firefox, browserVersion: 121.0, moz:accessibilityChecks: false, moz:buildID: 20231220184444, moz:debuggerAddress: 127.0.0.1:2266, moz:geckodriverVersion: 0.33.0, moz:headless: false, moz:platformVersion: 6.2.0-39-generic, moz:processID: 1217703, moz:profile: /tmp/rust_mozprofileWURFkL, moz:shutdownTimeout: 60000, moz:webdriverClick: true, moz:windowless: false, pageLoadStrategy: normal, platformName: linux, proxy: Proxy(), se:cdp: ws://127.0.0.1:2266/devtool..., se:cdpVersion: 85.0, setWindowRect: true, strictFileInteractability: false, timeouts: {implicit: 0, pageLoad: 300000, script: 30000}, unhandledPromptBehavior: dismiss and notify}
Session ID: 9ad7a0bc-b90b-473d-89f5-c72f6ce7faa0
at org.openqa.selenium.remote.codec.w3c.W3CHttpResponseCodec.createException(W3CHttpResponseCodec.java:199)
at org.openqa.selenium.remote.codec.w3c.W3CHttpResponseCodec.decode(W3CHttpResponseCodec.java:132)
at org.openqa.selenium.remote.codec.w3c.W3CHttpResponseCodec.decode(W3CHttpResponseCodec.java:51)
at org.openqa.selenium.remote.HttpCommandExecutor.execute(HttpCommandExecutor.java:191)
at org.openqa.selenium.remote.service.DriverCommandExecutor.invokeExecute(DriverCommandExecutor.java:196)
at org.openqa.selenium.remote.service.DriverCommandExecutor.execute(DriverCommandExecutor.java:171)
at org.openqa.selenium.remote.RemoteWebDriver.execute(RemoteWebDriver.java:531)
at org.openqa.selenium.remote.ElementLocation$ElementFinder$2.findElement(ElementLocation.java:165)
at org.openqa.selenium.remote.ElementLocation.findElement(ElementLocation.java:59)
at org.openqa.selenium.remote.RemoteWebDriver.findElement(RemoteWebDriver.java:350)
at org.openqa.selenium.remote.RemoteWebDriver.findElement(RemoteWebDriver.java:344)
at com.selenium.SiteConfig.jstreeSites(SiteConfig.java:87)
at java.base/java.util.ArrayList.forEach(ArrayList.java:1511)
... Removed 32 stack frames]]>
    </failure>
  </testcase> <!-- jstreeSites -->
  <testcase classname="com.selenium.SiteConfig" name="jstreeOFFstreet" time="0.011">
    <failure type="org.openqa.selenium.NoSuchElementException" message="Unable to locate element: //*[@id=&amp;apos;site_56&amp;apos;]/ul
For documentation on this error, please visit: https://www.selenium.dev/documentation/webdriver/troubleshooting/errors#no-such-element-exception
Build info: version: &amp;apos;4.10.0&amp;apos;, revision: &amp;apos;c14d967899&amp;apos;
System info: os.name: &amp;apos;Linux&amp;apos;, os.arch: &amp;apos;amd64&amp;apos;, os.version: &amp;apos;6.2.0-39-generic&amp;apos;, java.version: &amp;apos;18.0.2-ea&amp;apos;
Driver info: org.openqa.selenium.firefox.FirefoxDriver
Command: [9ad7a0bc-b90b-473d-89f5-c72f6ce7faa0, findElement {using=xpath, value=//*[@id=&amp;apos;site_56&amp;apos;]/ul}]
Capabilities {acceptInsecureCerts: true, browserName: firefox, browserVersion: 121.0, moz:accessibilityChecks: false, moz:buildID: 20231220184444, moz:debuggerAddress: 127.0.0.1:2266, moz:geckodriverVersion: 0.33.0, moz:headless: false, moz:platformVersion: 6.2.0-39-generic, moz:processID: 1217703, moz:profile: /tmp/rust_mozprofileWURFkL, moz:shutdownTimeout: 60000, moz:webdriverClick: true, moz:windowless: false, pageLoadStrategy: normal, platformName: linux, proxy: Proxy(), se:cdp: ws://127.0.0.1:2266/devtool..., se:cdpVersion: 85.0, setWindowRect: true, strictFileInteractability: false, timeouts: {implicit: 0, pageLoad: 300000, script: 30000}, unhandledPromptBehavior: dismiss and notify}
Session ID: 9ad7a0bc-b90b-473d-89f5-c72f6ce7faa0">
      <![CDATA[org.openqa.selenium.NoSuchElementException: Unable to locate element: //*[@id='site_56']/ul
For documentation on this error, please visit: https://www.selenium.dev/documentation/webdriver/troubleshooting/errors#no-such-element-exception
Build info: version: '4.10.0', revision: 'c14d967899'
System info: os.name: 'Linux', os.arch: 'amd64', os.version: '6.2.0-39-generic', java.version: '18.0.2-ea'
Driver info: org.openqa.selenium.firefox.FirefoxDriver
Command: [9ad7a0bc-b90b-473d-89f5-c72f6ce7faa0, findElement {using=xpath, value=//*[@id='site_56']/ul}]
Capabilities {acceptInsecureCerts: true, browserName: firefox, browserVersion: 121.0, moz:accessibilityChecks: false, moz:buildID: 20231220184444, moz:debuggerAddress: 127.0.0.1:2266, moz:geckodriverVersion: 0.33.0, moz:headless: false, moz:platformVersion: 6.2.0-39-generic, moz:processID: 1217703, moz:profile: /tmp/rust_mozprofileWURFkL, moz:shutdownTimeout: 60000, moz:webdriverClick: true, moz:windowless: false, pageLoadStrategy: normal, platformName: linux, proxy: Proxy(), se:cdp: ws://127.0.0.1:2266/devtool..., se:cdpVersion: 85.0, setWindowRect: true, strictFileInteractability: false, timeouts: {implicit: 0, pageLoad: 300000, script: 30000}, unhandledPromptBehavior: dismiss and notify}
Session ID: 9ad7a0bc-b90b-473d-89f5-c72f6ce7faa0
at org.openqa.selenium.remote.codec.w3c.W3CHttpResponseCodec.createException(W3CHttpResponseCodec.java:199)
at org.openqa.selenium.remote.codec.w3c.W3CHttpResponseCodec.decode(W3CHttpResponseCodec.java:132)
at org.openqa.selenium.remote.codec.w3c.W3CHttpResponseCodec.decode(W3CHttpResponseCodec.java:51)
at org.openqa.selenium.remote.HttpCommandExecutor.execute(HttpCommandExecutor.java:191)
at org.openqa.selenium.remote.service.DriverCommandExecutor.invokeExecute(DriverCommandExecutor.java:196)
at org.openqa.selenium.remote.service.DriverCommandExecutor.execute(DriverCommandExecutor.java:171)
at org.openqa.selenium.remote.RemoteWebDriver.execute(RemoteWebDriver.java:531)
at org.openqa.selenium.remote.ElementLocation$ElementFinder$2.findElement(ElementLocation.java:165)
at org.openqa.selenium.remote.ElementLocation.findElement(ElementLocation.java:59)
at org.openqa.selenium.remote.RemoteWebDriver.findElement(RemoteWebDriver.java:350)
at org.openqa.selenium.remote.RemoteWebDriver.findElement(RemoteWebDriver.java:344)
at com.selenium.SiteConfig.jstreeOFFstreet(SiteConfig.java:94)
at java.base/java.util.ArrayList.forEach(ArrayList.java:1511)
... Removed 32 stack frames]]>
    </failure>
  </testcase> <!-- jstreeOFFstreet -->
  <testcase classname="com.selenium.SiteConfig" name="jstreeOFFstreetDevices" time="1.008">
    <failure type="org.openqa.selenium.NoSuchElementException" message="Unable to locate element: //*[@id=&amp;apos;level_61&amp;apos;]/i
For documentation on this error, please visit: https://www.selenium.dev/documentation/webdriver/troubleshooting/errors#no-such-element-exception
Build info: version: &amp;apos;4.10.0&amp;apos;, revision: &amp;apos;c14d967899&amp;apos;
System info: os.name: &amp;apos;Linux&amp;apos;, os.arch: &amp;apos;amd64&amp;apos;, os.version: &amp;apos;6.2.0-39-generic&amp;apos;, java.version: &amp;apos;18.0.2-ea&amp;apos;
Driver info: org.openqa.selenium.firefox.FirefoxDriver
Command: [9ad7a0bc-b90b-473d-89f5-c72f6ce7faa0, findElement {using=xpath, value=//*[@id=&amp;apos;level_61&amp;apos;]/i}]
Capabilities {acceptInsecureCerts: true, browserName: firefox, browserVersion: 121.0, moz:accessibilityChecks: false, moz:buildID: 20231220184444, moz:debuggerAddress: 127.0.0.1:2266, moz:geckodriverVersion: 0.33.0, moz:headless: false, moz:platformVersion: 6.2.0-39-generic, moz:processID: 1217703, moz:profile: /tmp/rust_mozprofileWURFkL, moz:shutdownTimeout: 60000, moz:webdriverClick: true, moz:windowless: false, pageLoadStrategy: normal, platformName: linux, proxy: Proxy(), se:cdp: ws://127.0.0.1:2266/devtool..., se:cdpVersion: 85.0, setWindowRect: true, strictFileInteractability: false, timeouts: {implicit: 0, pageLoad: 300000, script: 30000}, unhandledPromptBehavior: dismiss and notify}
Session ID: 9ad7a0bc-b90b-473d-89f5-c72f6ce7faa0">
      <![CDATA[org.openqa.selenium.NoSuchElementException: Unable to locate element: //*[@id='level_61']/i
For documentation on this error, please visit: https://www.selenium.dev/documentation/webdriver/troubleshooting/errors#no-such-element-exception
Build info: version: '4.10.0', revision: 'c14d967899'
System info: os.name: 'Linux', os.arch: 'amd64', os.version: '6.2.0-39-generic', java.version: '18.0.2-ea'
Driver info: org.openqa.selenium.firefox.FirefoxDriver
Command: [9ad7a0bc-b90b-473d-89f5-c72f6ce7faa0, findElement {using=xpath, value=//*[@id='level_61']/i}]
Capabilities {acceptInsecureCerts: true, browserName: firefox, browserVersion: 121.0, moz:accessibilityChecks: false, moz:buildID: 20231220184444, moz:debuggerAddress: 127.0.0.1:2266, moz:geckodriverVersion: 0.33.0, moz:headless: false, moz:platformVersion: 6.2.0-39-generic, moz:processID: 1217703, moz:profile: /tmp/rust_mozprofileWURFkL, moz:shutdownTimeout: 60000, moz:webdriverClick: true, moz:windowless: false, pageLoadStrategy: normal, platformName: linux, proxy: Proxy(), se:cdp: ws://127.0.0.1:2266/devtool..., se:cdpVersion: 85.0, setWindowRect: true, strictFileInteractability: false, timeouts: {implicit: 0, pageLoad: 300000, script: 30000}, unhandledPromptBehavior: dismiss and notify}
Session ID: 9ad7a0bc-b90b-473d-89f5-c72f6ce7faa0
at org.openqa.selenium.remote.codec.w3c.W3CHttpResponseCodec.createException(W3CHttpResponseCodec.java:199)
at org.openqa.selenium.remote.codec.w3c.W3CHttpResponseCodec.decode(W3CHttpResponseCodec.java:132)
at org.openqa.selenium.remote.codec.w3c.W3CHttpResponseCodec.decode(W3CHttpResponseCodec.java:51)
at org.openqa.selenium.remote.HttpCommandExecutor.execute(HttpCommandExecutor.java:191)
at org.openqa.selenium.remote.service.DriverCommandExecutor.invokeExecute(DriverCommandExecutor.java:196)
at org.openqa.selenium.remote.service.DriverCommandExecutor.execute(DriverCommandExecutor.java:171)
at org.openqa.selenium.remote.RemoteWebDriver.execute(RemoteWebDriver.java:531)
at org.openqa.selenium.remote.ElementLocation$ElementFinder$2.findElement(ElementLocation.java:165)
at org.openqa.selenium.remote.ElementLocation.findElement(ElementLocation.java:59)
at org.openqa.selenium.remote.RemoteWebDriver.findElement(RemoteWebDriver.java:350)
at org.openqa.selenium.remote.RemoteWebDriver.findElement(RemoteWebDriver.java:344)
at com.selenium.SiteConfig.jstreeOFFstreetDevices(SiteConfig.java:101)
at java.base/java.util.ArrayList.forEach(ArrayList.java:1511)
... Removed 32 stack frames]]>
    </failure>
  </testcase> <!-- jstreeOFFstreetDevices -->
  <testcase classname="com.selenium.SiteConfig" name="addSingleDevicebtn" time="1.02">
    <failure type="org.openqa.selenium.ElementNotInteractableException" message="Element &amp;lt;button id=&amp;quot;btnAddDevices&amp;quot; class=&amp;quot;btn btn-sm btn-primary float-right&amp;quot; type=&amp;quot;button&amp;quot;&amp;gt; could not be scrolled into view
Build info: version: &amp;apos;4.10.0&amp;apos;, revision: &amp;apos;c14d967899&amp;apos;
System info: os.name: &amp;apos;Linux&amp;apos;, os.arch: &amp;apos;amd64&amp;apos;, os.version: &amp;apos;6.2.0-39-generic&amp;apos;, java.version: &amp;apos;18.0.2-ea&amp;apos;
Driver info: org.openqa.selenium.firefox.FirefoxDriver
Command: [9ad7a0bc-b90b-473d-89f5-c72f6ce7faa0, clickElement {id=e1e672d9-de6f-4405-87a1-e8e4f2d5defd}]
Capabilities {acceptInsecureCerts: true, browserName: firefox, browserVersion: 121.0, moz:accessibilityChecks: false, moz:buildID: 20231220184444, moz:debuggerAddress: 127.0.0.1:2266, moz:geckodriverVersion: 0.33.0, moz:headless: false, moz:platformVersion: 6.2.0-39-generic, moz:processID: 1217703, moz:profile: /tmp/rust_mozprofileWURFkL, moz:shutdownTimeout: 60000, moz:webdriverClick: true, moz:windowless: false, pageLoadStrategy: normal, platformName: linux, proxy: Proxy(), se:cdp: ws://127.0.0.1:2266/devtool..., se:cdpVersion: 85.0, setWindowRect: true, strictFileInteractability: false, timeouts: {implicit: 0, pageLoad: 300000, script: 30000}, unhandledPromptBehavior: dismiss and notify}
Element: [[FirefoxDriver: firefox on linux (9ad7a0bc-b90b-473d-89f5-c72f6ce7faa0)] -&amp;gt; xpath: //*[@id=&amp;apos;btnAddDevices&amp;apos;]]
Session ID: 9ad7a0bc-b90b-473d-89f5-c72f6ce7faa0">
      <![CDATA[org.openqa.selenium.ElementNotInteractableException: Element <button id="btnAddDevices" class="btn btn-sm btn-primary float-right" type="button"> could not be scrolled into view
Build info: version: '4.10.0', revision: 'c14d967899'
System info: os.name: 'Linux', os.arch: 'amd64', os.version: '6.2.0-39-generic', java.version: '18.0.2-ea'
Driver info: org.openqa.selenium.firefox.FirefoxDriver
Command: [9ad7a0bc-b90b-473d-89f5-c72f6ce7faa0, clickElement {id=e1e672d9-de6f-4405-87a1-e8e4f2d5defd}]
Capabilities {acceptInsecureCerts: true, browserName: firefox, browserVersion: 121.0, moz:accessibilityChecks: false, moz:buildID: 20231220184444, moz:debuggerAddress: 127.0.0.1:2266, moz:geckodriverVersion: 0.33.0, moz:headless: false, moz:platformVersion: 6.2.0-39-generic, moz:processID: 1217703, moz:profile: /tmp/rust_mozprofileWURFkL, moz:shutdownTimeout: 60000, moz:webdriverClick: true, moz:windowless: false, pageLoadStrategy: normal, platformName: linux, proxy: Proxy(), se:cdp: ws://127.0.0.1:2266/devtool..., se:cdpVersion: 85.0, setWindowRect: true, strictFileInteractability: false, timeouts: {implicit: 0, pageLoad: 300000, script: 30000}, unhandledPromptBehavior: dismiss and notify}
Element: [[FirefoxDriver: firefox on linux (9ad7a0bc-b90b-473d-89f5-c72f6ce7faa0)] -> xpath: //*[@id='btnAddDevices']]
Session ID: 9ad7a0bc-b90b-473d-89f5-c72f6ce7faa0
at org.openqa.selenium.remote.codec.w3c.W3CHttpResponseCodec.createException(W3CHttpResponseCodec.java:199)
at org.openqa.selenium.remote.codec.w3c.W3CHttpResponseCodec.decode(W3CHttpResponseCodec.java:132)
at org.openqa.selenium.remote.codec.w3c.W3CHttpResponseCodec.decode(W3CHttpResponseCodec.java:51)
at org.openqa.selenium.remote.HttpCommandExecutor.execute(HttpCommandExecutor.java:191)
at org.openqa.selenium.remote.service.DriverCommandExecutor.invokeExecute(DriverCommandExecutor.java:196)
at org.openqa.selenium.remote.service.DriverCommandExecutor.execute(DriverCommandExecutor.java:171)
at org.openqa.selenium.remote.RemoteWebDriver.execute(RemoteWebDriver.java:531)
at org.openqa.selenium.remote.RemoteWebElement.execute(RemoteWebElement.java:242)
at org.openqa.selenium.remote.RemoteWebElement.click(RemoteWebElement.java:77)
at com.selenium.SiteConfig.addSingleDevicebtn(SiteConfig.java:109)
at java.base/java.util.ArrayList.forEach(ArrayList.java:1511)
... Removed 32 stack frames]]>
    </failure>
  </testcase> <!-- addSingleDevicebtn -->
  <testcase classname="com.selenium.SiteConfig" name="selectFasTag" time="0.017"/>
  <testcase classname="com.selenium.SiteConfig" name="fasTagControllerDetails" time="1.023">
    <failure type="org.openqa.selenium.ElementNotInteractableException" message="Element &amp;lt;input id=&amp;quot;fcDeviceName&amp;quot; class=&amp;quot;form-control&amp;quot; name=&amp;quot;fcDeviceName&amp;quot; type=&amp;quot;text&amp;quot;&amp;gt; is not reachable by keyboard
Build info: version: &amp;apos;4.10.0&amp;apos;, revision: &amp;apos;c14d967899&amp;apos;
System info: os.name: &amp;apos;Linux&amp;apos;, os.arch: &amp;apos;amd64&amp;apos;, os.version: &amp;apos;6.2.0-39-generic&amp;apos;, java.version: &amp;apos;18.0.2-ea&amp;apos;
Driver info: org.openqa.selenium.firefox.FirefoxDriver
Command: [9ad7a0bc-b90b-473d-89f5-c72f6ce7faa0, sendKeysToElement {id=a0191bc7-3094-4c88-ba6f-d91a45576cdd, value=[Ljava.lang.CharSequence;@2c4a841d}]
Capabilities {acceptInsecureCerts: true, browserName: firefox, browserVersion: 121.0, moz:accessibilityChecks: false, moz:buildID: 20231220184444, moz:debuggerAddress: 127.0.0.1:2266, moz:geckodriverVersion: 0.33.0, moz:headless: false, moz:platformVersion: 6.2.0-39-generic, moz:processID: 1217703, moz:profile: /tmp/rust_mozprofileWURFkL, moz:shutdownTimeout: 60000, moz:webdriverClick: true, moz:windowless: false, pageLoadStrategy: normal, platformName: linux, proxy: Proxy(), se:cdp: ws://127.0.0.1:2266/devtool..., se:cdpVersion: 85.0, setWindowRect: true, strictFileInteractability: false, timeouts: {implicit: 0, pageLoad: 300000, script: 30000}, unhandledPromptBehavior: dismiss and notify}
Element: [[FirefoxDriver: firefox on linux (9ad7a0bc-b90b-473d-89f5-c72f6ce7faa0)] -&amp;gt; id: fcDeviceName]
Session ID: 9ad7a0bc-b90b-473d-89f5-c72f6ce7faa0">
      <![CDATA[org.openqa.selenium.ElementNotInteractableException: Element <input id="fcDeviceName" class="form-control" name="fcDeviceName" type="text"> is not reachable by keyboard
Build info: version: '4.10.0', revision: 'c14d967899'
System info: os.name: 'Linux', os.arch: 'amd64', os.version: '6.2.0-39-generic', java.version: '18.0.2-ea'
Driver info: org.openqa.selenium.firefox.FirefoxDriver
Command: [9ad7a0bc-b90b-473d-89f5-c72f6ce7faa0, sendKeysToElement {id=a0191bc7-3094-4c88-ba6f-d91a45576cdd, value=[Ljava.lang.CharSequence;@2c4a841d}]
Capabilities {acceptInsecureCerts: true, browserName: firefox, browserVersion: 121.0, moz:accessibilityChecks: false, moz:buildID: 20231220184444, moz:debuggerAddress: 127.0.0.1:2266, moz:geckodriverVersion: 0.33.0, moz:headless: false, moz:platformVersion: 6.2.0-39-generic, moz:processID: 1217703, moz:profile: /tmp/rust_mozprofileWURFkL, moz:shutdownTimeout: 60000, moz:webdriverClick: true, moz:windowless: false, pageLoadStrategy: normal, platformName: linux, proxy: Proxy(), se:cdp: ws://127.0.0.1:2266/devtool..., se:cdpVersion: 85.0, setWindowRect: true, strictFileInteractability: false, timeouts: {implicit: 0, pageLoad: 300000, script: 30000}, unhandledPromptBehavior: dismiss and notify}
Element: [[FirefoxDriver: firefox on linux (9ad7a0bc-b90b-473d-89f5-c72f6ce7faa0)] -> id: fcDeviceName]
Session ID: 9ad7a0bc-b90b-473d-89f5-c72f6ce7faa0
at org.openqa.selenium.remote.codec.w3c.W3CHttpResponseCodec.createException(W3CHttpResponseCodec.java:199)
at org.openqa.selenium.remote.codec.w3c.W3CHttpResponseCodec.decode(W3CHttpResponseCodec.java:132)
at org.openqa.selenium.remote.codec.w3c.W3CHttpResponseCodec.decode(W3CHttpResponseCodec.java:51)
at org.openqa.selenium.remote.HttpCommandExecutor.execute(HttpCommandExecutor.java:191)
at org.openqa.selenium.remote.service.DriverCommandExecutor.invokeExecute(DriverCommandExecutor.java:196)
at org.openqa.selenium.remote.service.DriverCommandExecutor.execute(DriverCommandExecutor.java:171)
at org.openqa.selenium.remote.RemoteWebDriver.execute(RemoteWebDriver.java:531)
at org.openqa.selenium.remote.RemoteWebElement.execute(RemoteWebElement.java:242)
at org.openqa.selenium.remote.RemoteWebElement.sendKeys(RemoteWebElement.java:111)
at com.selenium.SiteConfig.fasTagControllerDetails(SiteConfig.java:137)
at java.base/java.util.ArrayList.forEach(ArrayList.java:1511)
... Removed 32 stack frames]]>
    </failure>
  </testcase> <!-- fasTagControllerDetails -->
  <testcase classname="com.selenium.SiteConfig" name="openTreeSecondTime" time="18.011">
    <failure type="org.openqa.selenium.NoSuchElementException" message="Unable to locate element: #ftControllerID_2
For documentation on this error, please visit: https://www.selenium.dev/documentation/webdriver/troubleshooting/errors#no-such-element-exception
Build info: version: &amp;apos;4.10.0&amp;apos;, revision: &amp;apos;c14d967899&amp;apos;
System info: os.name: &amp;apos;Linux&amp;apos;, os.arch: &amp;apos;amd64&amp;apos;, os.version: &amp;apos;6.2.0-39-generic&amp;apos;, java.version: &amp;apos;18.0.2-ea&amp;apos;
Driver info: org.openqa.selenium.firefox.FirefoxDriver
Command: [9ad7a0bc-b90b-473d-89f5-c72f6ce7faa0, findElement {using=id, value=ftControllerID_2}]
Capabilities {acceptInsecureCerts: true, browserName: firefox, browserVersion: 121.0, moz:accessibilityChecks: false, moz:buildID: 20231220184444, moz:debuggerAddress: 127.0.0.1:2266, moz:geckodriverVersion: 0.33.0, moz:headless: false, moz:platformVersion: 6.2.0-39-generic, moz:processID: 1217703, moz:profile: /tmp/rust_mozprofileWURFkL, moz:shutdownTimeout: 60000, moz:webdriverClick: true, moz:windowless: false, pageLoadStrategy: normal, platformName: linux, proxy: Proxy(), se:cdp: ws://127.0.0.1:2266/devtool..., se:cdpVersion: 85.0, setWindowRect: true, strictFileInteractability: false, timeouts: {implicit: 0, pageLoad: 300000, script: 30000}, unhandledPromptBehavior: dismiss and notify}
Session ID: 9ad7a0bc-b90b-473d-89f5-c72f6ce7faa0">
      <![CDATA[org.openqa.selenium.NoSuchElementException: Unable to locate element: #ftControllerID_2
For documentation on this error, please visit: https://www.selenium.dev/documentation/webdriver/troubleshooting/errors#no-such-element-exception
Build info: version: '4.10.0', revision: 'c14d967899'
System info: os.name: 'Linux', os.arch: 'amd64', os.version: '6.2.0-39-generic', java.version: '18.0.2-ea'
Driver info: org.openqa.selenium.firefox.FirefoxDriver
Command: [9ad7a0bc-b90b-473d-89f5-c72f6ce7faa0, findElement {using=id, value=ftControllerID_2}]
Capabilities {acceptInsecureCerts: true, browserName: firefox, browserVersion: 121.0, moz:accessibilityChecks: false, moz:buildID: 20231220184444, moz:debuggerAddress: 127.0.0.1:2266, moz:geckodriverVersion: 0.33.0, moz:headless: false, moz:platformVersion: 6.2.0-39-generic, moz:processID: 1217703, moz:profile: /tmp/rust_mozprofileWURFkL, moz:shutdownTimeout: 60000, moz:webdriverClick: true, moz:windowless: false, pageLoadStrategy: normal, platformName: linux, proxy: Proxy(), se:cdp: ws://127.0.0.1:2266/devtool..., se:cdpVersion: 85.0, setWindowRect: true, strictFileInteractability: false, timeouts: {implicit: 0, pageLoad: 300000, script: 30000}, unhandledPromptBehavior: dismiss and notify}
Session ID: 9ad7a0bc-b90b-473d-89f5-c72f6ce7faa0
at org.openqa.selenium.remote.codec.w3c.W3CHttpResponseCodec.createException(W3CHttpResponseCodec.java:199)
at org.openqa.selenium.remote.codec.w3c.W3CHttpResponseCodec.decode(W3CHttpResponseCodec.java:132)
at org.openqa.selenium.remote.codec.w3c.W3CHttpResponseCodec.decode(W3CHttpResponseCodec.java:51)
at org.openqa.selenium.remote.HttpCommandExecutor.execute(HttpCommandExecutor.java:191)
at org.openqa.selenium.remote.service.DriverCommandExecutor.invokeExecute(DriverCommandExecutor.java:196)
at org.openqa.selenium.remote.service.DriverCommandExecutor.execute(DriverCommandExecutor.java:171)
at org.openqa.selenium.remote.RemoteWebDriver.execute(RemoteWebDriver.java:531)
at org.openqa.selenium.remote.ElementLocation$ElementFinder$2.findElement(ElementLocation.java:165)
at org.openqa.selenium.remote.ElementLocation.findElement(ElementLocation.java:59)
at org.openqa.selenium.remote.RemoteWebDriver.findElement(RemoteWebDriver.java:350)
at org.openqa.selenium.remote.RemoteWebDriver.findElement(RemoteWebDriver.java:344)
at com.selenium.SiteConfig.openTreeSecondTime(SiteConfig.java:179)
at java.base/java.util.ArrayList.forEach(ArrayList.java:1511)
... Removed 32 stack frames]]>
    </failure>
  </testcase> <!-- openTreeSecondTime -->
  <testcase classname="com.selenium.SiteConfig" name="addFasTag" time="0.01">
    <failure type="org.openqa.selenium.NoSuchElementException" message="Unable to locate element: //*[@id=&amp;apos;ftControllerID_2_anchor&amp;apos;]
For documentation on this error, please visit: https://www.selenium.dev/documentation/webdriver/troubleshooting/errors#no-such-element-exception
Build info: version: &amp;apos;4.10.0&amp;apos;, revision: &amp;apos;c14d967899&amp;apos;
System info: os.name: &amp;apos;Linux&amp;apos;, os.arch: &amp;apos;amd64&amp;apos;, os.version: &amp;apos;6.2.0-39-generic&amp;apos;, java.version: &amp;apos;18.0.2-ea&amp;apos;
Driver info: org.openqa.selenium.firefox.FirefoxDriver
Command: [9ad7a0bc-b90b-473d-89f5-c72f6ce7faa0, findElement {using=xpath, value=//*[@id=&amp;apos;ftControllerID_2_anchor&amp;apos;]}]
Capabilities {acceptInsecureCerts: true, browserName: firefox, browserVersion: 121.0, moz:accessibilityChecks: false, moz:buildID: 20231220184444, moz:debuggerAddress: 127.0.0.1:2266, moz:geckodriverVersion: 0.33.0, moz:headless: false, moz:platformVersion: 6.2.0-39-generic, moz:processID: 1217703, moz:profile: /tmp/rust_mozprofileWURFkL, moz:shutdownTimeout: 60000, moz:webdriverClick: true, moz:windowless: false, pageLoadStrategy: normal, platformName: linux, proxy: Proxy(), se:cdp: ws://127.0.0.1:2266/devtool..., se:cdpVersion: 85.0, setWindowRect: true, strictFileInteractability: false, timeouts: {implicit: 0, pageLoad: 300000, script: 30000}, unhandledPromptBehavior: dismiss and notify}
Session ID: 9ad7a0bc-b90b-473d-89f5-c72f6ce7faa0">
      <![CDATA[org.openqa.selenium.NoSuchElementException: Unable to locate element: //*[@id='ftControllerID_2_anchor']
For documentation on this error, please visit: https://www.selenium.dev/documentation/webdriver/troubleshooting/errors#no-such-element-exception
Build info: version: '4.10.0', revision: 'c14d967899'
System info: os.name: 'Linux', os.arch: 'amd64', os.version: '6.2.0-39-generic', java.version: '18.0.2-ea'
Driver info: org.openqa.selenium.firefox.FirefoxDriver
Command: [9ad7a0bc-b90b-473d-89f5-c72f6ce7faa0, findElement {using=xpath, value=//*[@id='ftControllerID_2_anchor']}]
Capabilities {acceptInsecureCerts: true, browserName: firefox, browserVersion: 121.0, moz:accessibilityChecks: false, moz:buildID: 20231220184444, moz:debuggerAddress: 127.0.0.1:2266, moz:geckodriverVersion: 0.33.0, moz:headless: false, moz:platformVersion: 6.2.0-39-generic, moz:processID: 1217703, moz:profile: /tmp/rust_mozprofileWURFkL, moz:shutdownTimeout: 60000, moz:webdriverClick: true, moz:windowless: false, pageLoadStrategy: normal, platformName: linux, proxy: Proxy(), se:cdp: ws://127.0.0.1:2266/devtool..., se:cdpVersion: 85.0, setWindowRect: true, strictFileInteractability: false, timeouts: {implicit: 0, pageLoad: 300000, script: 30000}, unhandledPromptBehavior: dismiss and notify}
Session ID: 9ad7a0bc-b90b-473d-89f5-c72f6ce7faa0
at org.openqa.selenium.remote.codec.w3c.W3CHttpResponseCodec.createException(W3CHttpResponseCodec.java:199)
at org.openqa.selenium.remote.codec.w3c.W3CHttpResponseCodec.decode(W3CHttpResponseCodec.java:132)
at org.openqa.selenium.remote.codec.w3c.W3CHttpResponseCodec.decode(W3CHttpResponseCodec.java:51)
at org.openqa.selenium.remote.HttpCommandExecutor.execute(HttpCommandExecutor.java:191)
at org.openqa.selenium.remote.service.DriverCommandExecutor.invokeExecute(DriverCommandExecutor.java:196)
at org.openqa.selenium.remote.service.DriverCommandExecutor.execute(DriverCommandExecutor.java:171)
at org.openqa.selenium.remote.RemoteWebDriver.execute(RemoteWebDriver.java:531)
at org.openqa.selenium.remote.ElementLocation$ElementFinder$2.findElement(ElementLocation.java:165)
at org.openqa.selenium.remote.ElementLocation.findElement(ElementLocation.java:59)
at org.openqa.selenium.remote.RemoteWebDriver.findElement(RemoteWebDriver.java:350)
at org.openqa.selenium.remote.RemoteWebDriver.findElement(RemoteWebDriver.java:344)
at com.selenium.SiteConfig.addFasTag(SiteConfig.java:185)
at java.base/java.util.ArrayList.forEach(ArrayList.java:1511)
... Removed 32 stack frames]]>
    </failure>
  </testcase> <!-- addFasTag -->
  <testcase classname="com.selenium.SiteConfig" name="addFasTagSelectftReader" time="3.022">
    <failure type="org.openqa.selenium.ElementNotInteractableException" message="Element &amp;lt;option&amp;gt; could not be scrolled into view
Build info: version: &amp;apos;4.10.0&amp;apos;, revision: &amp;apos;c14d967899&amp;apos;
System info: os.name: &amp;apos;Linux&amp;apos;, os.arch: &amp;apos;amd64&amp;apos;, os.version: &amp;apos;6.2.0-39-generic&amp;apos;, java.version: &amp;apos;18.0.2-ea&amp;apos;
Driver info: org.openqa.selenium.firefox.FirefoxDriver
Command: [9ad7a0bc-b90b-473d-89f5-c72f6ce7faa0, clickElement {id=1f29365b-ca33-47d7-b30d-4b9368614180}]
Capabilities {acceptInsecureCerts: true, browserName: firefox, browserVersion: 121.0, moz:accessibilityChecks: false, moz:buildID: 20231220184444, moz:debuggerAddress: 127.0.0.1:2266, moz:geckodriverVersion: 0.33.0, moz:headless: false, moz:platformVersion: 6.2.0-39-generic, moz:processID: 1217703, moz:profile: /tmp/rust_mozprofileWURFkL, moz:shutdownTimeout: 60000, moz:webdriverClick: true, moz:windowless: false, pageLoadStrategy: normal, platformName: linux, proxy: Proxy(), se:cdp: ws://127.0.0.1:2266/devtool..., se:cdpVersion: 85.0, setWindowRect: true, strictFileInteractability: false, timeouts: {implicit: 0, pageLoad: 300000, script: 30000}, unhandledPromptBehavior: dismiss and notify}
Element: [[[[FirefoxDriver: firefox on linux (9ad7a0bc-b90b-473d-89f5-c72f6ce7faa0)] -&amp;gt; id: fastagDeviceCatagory]] -&amp;gt; xpath: .//option[@value = &amp;quot;FastagReader&amp;quot;]]
Session ID: 9ad7a0bc-b90b-473d-89f5-c72f6ce7faa0">
      <![CDATA[org.openqa.selenium.ElementNotInteractableException: Element <option> could not be scrolled into view
Build info: version: '4.10.0', revision: 'c14d967899'
System info: os.name: 'Linux', os.arch: 'amd64', os.version: '6.2.0-39-generic', java.version: '18.0.2-ea'
Driver info: org.openqa.selenium.firefox.FirefoxDriver
Command: [9ad7a0bc-b90b-473d-89f5-c72f6ce7faa0, clickElement {id=1f29365b-ca33-47d7-b30d-4b9368614180}]
Capabilities {acceptInsecureCerts: true, browserName: firefox, browserVersion: 121.0, moz:accessibilityChecks: false, moz:buildID: 20231220184444, moz:debuggerAddress: 127.0.0.1:2266, moz:geckodriverVersion: 0.33.0, moz:headless: false, moz:platformVersion: 6.2.0-39-generic, moz:processID: 1217703, moz:profile: /tmp/rust_mozprofileWURFkL, moz:shutdownTimeout: 60000, moz:webdriverClick: true, moz:windowless: false, pageLoadStrategy: normal, platformName: linux, proxy: Proxy(), se:cdp: ws://127.0.0.1:2266/devtool..., se:cdpVersion: 85.0, setWindowRect: true, strictFileInteractability: false, timeouts: {implicit: 0, pageLoad: 300000, script: 30000}, unhandledPromptBehavior: dismiss and notify}
Element: [[[[FirefoxDriver: firefox on linux (9ad7a0bc-b90b-473d-89f5-c72f6ce7faa0)] -> id: fastagDeviceCatagory]] -> xpath: .//option[@value = "FastagReader"]]
Session ID: 9ad7a0bc-b90b-473d-89f5-c72f6ce7faa0
at org.openqa.selenium.remote.codec.w3c.W3CHttpResponseCodec.createException(W3CHttpResponseCodec.java:199)
at org.openqa.selenium.remote.codec.w3c.W3CHttpResponseCodec.decode(W3CHttpResponseCodec.java:132)
at org.openqa.selenium.remote.codec.w3c.W3CHttpResponseCodec.decode(W3CHttpResponseCodec.java:51)
at org.openqa.selenium.remote.HttpCommandExecutor.execute(HttpCommandExecutor.java:191)
at org.openqa.selenium.remote.service.DriverCommandExecutor.invokeExecute(DriverCommandExecutor.java:196)
at org.openqa.selenium.remote.service.DriverCommandExecutor.execute(DriverCommandExecutor.java:171)
at org.openqa.selenium.remote.RemoteWebDriver.execute(RemoteWebDriver.java:531)
at org.openqa.selenium.remote.RemoteWebElement.execute(RemoteWebElement.java:242)
at org.openqa.selenium.remote.RemoteWebElement.click(RemoteWebElement.java:77)
at org.openqa.selenium.support.ui.Select.setSelected(Select.java:315)
at org.openqa.selenium.support.ui.Select.selectByValue(Select.java:195)
at com.selenium.SiteConfig.addFasTagSelectftReader(SiteConfig.java:195)
at java.base/java.util.ArrayList.forEach(ArrayList.java:1511)
... Removed 32 stack frames]]>
    </failure>
  </testcase> <!-- addFasTagSelectftReader -->
  <testcase classname="com.selenium.SiteConfig" name="addFasTagEnterDetails" time="0.006">
    <failure type="org.openqa.selenium.ElementNotInteractableException" message="Element &amp;lt;input id=&amp;quot;fastagDeviceName&amp;quot; class=&amp;quot;form-control&amp;quot; name=&amp;quot;fastagDeviceName&amp;quot; type=&amp;quot;text&amp;quot;&amp;gt; is not reachable by keyboard
Build info: version: &amp;apos;4.10.0&amp;apos;, revision: &amp;apos;c14d967899&amp;apos;
System info: os.name: &amp;apos;Linux&amp;apos;, os.arch: &amp;apos;amd64&amp;apos;, os.version: &amp;apos;6.2.0-39-generic&amp;apos;, java.version: &amp;apos;18.0.2-ea&amp;apos;
Driver info: org.openqa.selenium.firefox.FirefoxDriver
Command: [9ad7a0bc-b90b-473d-89f5-c72f6ce7faa0, sendKeysToElement {id=33ccbaac-d89c-4889-95cc-eece9ac5ffb0, value=[Ljava.lang.CharSequence;@6a021dd}]
Capabilities {acceptInsecureCerts: true, browserName: firefox, browserVersion: 121.0, moz:accessibilityChecks: false, moz:buildID: 20231220184444, moz:debuggerAddress: 127.0.0.1:2266, moz:geckodriverVersion: 0.33.0, moz:headless: false, moz:platformVersion: 6.2.0-39-generic, moz:processID: 1217703, moz:profile: /tmp/rust_mozprofileWURFkL, moz:shutdownTimeout: 60000, moz:webdriverClick: true, moz:windowless: false, pageLoadStrategy: normal, platformName: linux, proxy: Proxy(), se:cdp: ws://127.0.0.1:2266/devtool..., se:cdpVersion: 85.0, setWindowRect: true, strictFileInteractability: false, timeouts: {implicit: 0, pageLoad: 300000, script: 30000}, unhandledPromptBehavior: dismiss and notify}
Element: [[FirefoxDriver: firefox on linux (9ad7a0bc-b90b-473d-89f5-c72f6ce7faa0)] -&amp;gt; id: fastagDeviceName]
Session ID: 9ad7a0bc-b90b-473d-89f5-c72f6ce7faa0">
      <![CDATA[org.openqa.selenium.ElementNotInteractableException: Element <input id="fastagDeviceName" class="form-control" name="fastagDeviceName" type="text"> is not reachable by keyboard
Build info: version: '4.10.0', revision: 'c14d967899'
System info: os.name: 'Linux', os.arch: 'amd64', os.version: '6.2.0-39-generic', java.version: '18.0.2-ea'
Driver info: org.openqa.selenium.firefox.FirefoxDriver
Command: [9ad7a0bc-b90b-473d-89f5-c72f6ce7faa0, sendKeysToElement {id=33ccbaac-d89c-4889-95cc-eece9ac5ffb0, value=[Ljava.lang.CharSequence;@6a021dd}]
Capabilities {acceptInsecureCerts: true, browserName: firefox, browserVersion: 121.0, moz:accessibilityChecks: false, moz:buildID: 20231220184444, moz:debuggerAddress: 127.0.0.1:2266, moz:geckodriverVersion: 0.33.0, moz:headless: false, moz:platformVersion: 6.2.0-39-generic, moz:processID: 1217703, moz:profile: /tmp/rust_mozprofileWURFkL, moz:shutdownTimeout: 60000, moz:webdriverClick: true, moz:windowless: false, pageLoadStrategy: normal, platformName: linux, proxy: Proxy(), se:cdp: ws://127.0.0.1:2266/devtool..., se:cdpVersion: 85.0, setWindowRect: true, strictFileInteractability: false, timeouts: {implicit: 0, pageLoad: 300000, script: 30000}, unhandledPromptBehavior: dismiss and notify}
Element: [[FirefoxDriver: firefox on linux (9ad7a0bc-b90b-473d-89f5-c72f6ce7faa0)] -> id: fastagDeviceName]
Session ID: 9ad7a0bc-b90b-473d-89f5-c72f6ce7faa0
at org.openqa.selenium.remote.codec.w3c.W3CHttpResponseCodec.createException(W3CHttpResponseCodec.java:199)
at org.openqa.selenium.remote.codec.w3c.W3CHttpResponseCodec.decode(W3CHttpResponseCodec.java:132)
at org.openqa.selenium.remote.codec.w3c.W3CHttpResponseCodec.decode(W3CHttpResponseCodec.java:51)
at org.openqa.selenium.remote.HttpCommandExecutor.execute(HttpCommandExecutor.java:191)
at org.openqa.selenium.remote.service.DriverCommandExecutor.invokeExecute(DriverCommandExecutor.java:196)
at org.openqa.selenium.remote.service.DriverCommandExecutor.execute(DriverCommandExecutor.java:171)
at org.openqa.selenium.remote.RemoteWebDriver.execute(RemoteWebDriver.java:531)
at org.openqa.selenium.remote.RemoteWebElement.execute(RemoteWebElement.java:242)
at org.openqa.selenium.remote.RemoteWebElement.sendKeys(RemoteWebElement.java:111)
at com.selenium.SiteConfig.addFasTagEnterDetails(SiteConfig.java:200)
at java.base/java.util.ArrayList.forEach(ArrayList.java:1511)
... Removed 32 stack frames]]>
    </failure>
  </testcase> <!-- addFasTagEnterDetails -->
  <testcase classname="com.selenium.SiteConfig" name="addbtnFasTagSelectftReader" time="0.007">
    <failure type="org.openqa.selenium.ElementNotInteractableException" message="Element &amp;lt;button id=&amp;quot;btnFastagSaveDevices&amp;quot; class=&amp;quot;btn btn-sm btn-primary&amp;quot; type=&amp;quot;submit&amp;quot;&amp;gt; could not be scrolled into view
Build info: version: &amp;apos;4.10.0&amp;apos;, revision: &amp;apos;c14d967899&amp;apos;
System info: os.name: &amp;apos;Linux&amp;apos;, os.arch: &amp;apos;amd64&amp;apos;, os.version: &amp;apos;6.2.0-39-generic&amp;apos;, java.version: &amp;apos;18.0.2-ea&amp;apos;
Driver info: org.openqa.selenium.firefox.FirefoxDriver
Command: [9ad7a0bc-b90b-473d-89f5-c72f6ce7faa0, clickElement {id=a98f8e53-8a70-4b76-b764-5a5a3645fadc}]
Capabilities {acceptInsecureCerts: true, browserName: firefox, browserVersion: 121.0, moz:accessibilityChecks: false, moz:buildID: 20231220184444, moz:debuggerAddress: 127.0.0.1:2266, moz:geckodriverVersion: 0.33.0, moz:headless: false, moz:platformVersion: 6.2.0-39-generic, moz:processID: 1217703, moz:profile: /tmp/rust_mozprofileWURFkL, moz:shutdownTimeout: 60000, moz:webdriverClick: true, moz:windowless: false, pageLoadStrategy: normal, platformName: linux, proxy: Proxy(), se:cdp: ws://127.0.0.1:2266/devtool..., se:cdpVersion: 85.0, setWindowRect: true, strictFileInteractability: false, timeouts: {implicit: 0, pageLoad: 300000, script: 30000}, unhandledPromptBehavior: dismiss and notify}
Element: [[FirefoxDriver: firefox on linux (9ad7a0bc-b90b-473d-89f5-c72f6ce7faa0)] -&amp;gt; id: btnFastagSaveDevices]
Session ID: 9ad7a0bc-b90b-473d-89f5-c72f6ce7faa0">
      <![CDATA[org.openqa.selenium.ElementNotInteractableException: Element <button id="btnFastagSaveDevices" class="btn btn-sm btn-primary" type="submit"> could not be scrolled into view
Build info: version: '4.10.0', revision: 'c14d967899'
System info: os.name: 'Linux', os.arch: 'amd64', os.version: '6.2.0-39-generic', java.version: '18.0.2-ea'
Driver info: org.openqa.selenium.firefox.FirefoxDriver
Command: [9ad7a0bc-b90b-473d-89f5-c72f6ce7faa0, clickElement {id=a98f8e53-8a70-4b76-b764-5a5a3645fadc}]
Capabilities {acceptInsecureCerts: true, browserName: firefox, browserVersion: 121.0, moz:accessibilityChecks: false, moz:buildID: 20231220184444, moz:debuggerAddress: 127.0.0.1:2266, moz:geckodriverVersion: 0.33.0, moz:headless: false, moz:platformVersion: 6.2.0-39-generic, moz:processID: 1217703, moz:profile: /tmp/rust_mozprofileWURFkL, moz:shutdownTimeout: 60000, moz:webdriverClick: true, moz:windowless: false, pageLoadStrategy: normal, platformName: linux, proxy: Proxy(), se:cdp: ws://127.0.0.1:2266/devtool..., se:cdpVersion: 85.0, setWindowRect: true, strictFileInteractability: false, timeouts: {implicit: 0, pageLoad: 300000, script: 30000}, unhandledPromptBehavior: dismiss and notify}
Element: [[FirefoxDriver: firefox on linux (9ad7a0bc-b90b-473d-89f5-c72f6ce7faa0)] -> id: btnFastagSaveDevices]
Session ID: 9ad7a0bc-b90b-473d-89f5-c72f6ce7faa0
at org.openqa.selenium.remote.codec.w3c.W3CHttpResponseCodec.createException(W3CHttpResponseCodec.java:199)
at org.openqa.selenium.remote.codec.w3c.W3CHttpResponseCodec.decode(W3CHttpResponseCodec.java:132)
at org.openqa.selenium.remote.codec.w3c.W3CHttpResponseCodec.decode(W3CHttpResponseCodec.java:51)
at org.openqa.selenium.remote.HttpCommandExecutor.execute(HttpCommandExecutor.java:191)
at org.openqa.selenium.remote.service.DriverCommandExecutor.invokeExecute(DriverCommandExecutor.java:196)
at org.openqa.selenium.remote.service.DriverCommandExecutor.execute(DriverCommandExecutor.java:171)
at org.openqa.selenium.remote.RemoteWebDriver.execute(RemoteWebDriver.java:531)
at org.openqa.selenium.remote.RemoteWebElement.execute(RemoteWebElement.java:242)
at org.openqa.selenium.remote.RemoteWebElement.click(RemoteWebElement.java:77)
at com.selenium.SiteConfig.addbtnFasTagSelectftReader(SiteConfig.java:210)
at java.base/java.util.ArrayList.forEach(ArrayList.java:1511)
... Removed 32 stack frames]]>
    </failure>
  </testcase> <!-- addbtnFasTagSelectftReader -->
  <testcase classname="com.selenium.SiteConfig" name="openTreeThirdTime" time="14.047">
    <failure type="org.openqa.selenium.NoSuchElementException" message="Unable to locate element: //li[@id=&amp;apos;city_5&amp;apos;]/i
For documentation on this error, please visit: https://www.selenium.dev/documentation/webdriver/troubleshooting/errors#no-such-element-exception
Build info: version: &amp;apos;4.10.0&amp;apos;, revision: &amp;apos;c14d967899&amp;apos;
System info: os.name: &amp;apos;Linux&amp;apos;, os.arch: &amp;apos;amd64&amp;apos;, os.version: &amp;apos;6.2.0-39-generic&amp;apos;, java.version: &amp;apos;18.0.2-ea&amp;apos;
Driver info: org.openqa.selenium.firefox.FirefoxDriver
Command: [9ad7a0bc-b90b-473d-89f5-c72f6ce7faa0, findElement {using=xpath, value=//li[@id=&amp;apos;city_5&amp;apos;]/i}]
Capabilities {acceptInsecureCerts: true, browserName: firefox, browserVersion: 121.0, moz:accessibilityChecks: false, moz:buildID: 20231220184444, moz:debuggerAddress: 127.0.0.1:2266, moz:geckodriverVersion: 0.33.0, moz:headless: false, moz:platformVersion: 6.2.0-39-generic, moz:processID: 1217703, moz:profile: /tmp/rust_mozprofileWURFkL, moz:shutdownTimeout: 60000, moz:webdriverClick: true, moz:windowless: false, pageLoadStrategy: normal, platformName: linux, proxy: Proxy(), se:cdp: ws://127.0.0.1:2266/devtool..., se:cdpVersion: 85.0, setWindowRect: true, strictFileInteractability: false, timeouts: {implicit: 0, pageLoad: 300000, script: 30000}, unhandledPromptBehavior: dismiss and notify}
Session ID: 9ad7a0bc-b90b-473d-89f5-c72f6ce7faa0">
      <![CDATA[org.openqa.selenium.NoSuchElementException: Unable to locate element: //li[@id='city_5']/i
For documentation on this error, please visit: https://www.selenium.dev/documentation/webdriver/troubleshooting/errors#no-such-element-exception
Build info: version: '4.10.0', revision: 'c14d967899'
System info: os.name: 'Linux', os.arch: 'amd64', os.version: '6.2.0-39-generic', java.version: '18.0.2-ea'
Driver info: org.openqa.selenium.firefox.FirefoxDriver
Command: [9ad7a0bc-b90b-473d-89f5-c72f6ce7faa0, findElement {using=xpath, value=//li[@id='city_5']/i}]
Capabilities {acceptInsecureCerts: true, browserName: firefox, browserVersion: 121.0, moz:accessibilityChecks: false, moz:buildID: 20231220184444, moz:debuggerAddress: 127.0.0.1:2266, moz:geckodriverVersion: 0.33.0, moz:headless: false, moz:platformVersion: 6.2.0-39-generic, moz:processID: 1217703, moz:profile: /tmp/rust_mozprofileWURFkL, moz:shutdownTimeout: 60000, moz:webdriverClick: true, moz:windowless: false, pageLoadStrategy: normal, platformName: linux, proxy: Proxy(), se:cdp: ws://127.0.0.1:2266/devtool..., se:cdpVersion: 85.0, setWindowRect: true, strictFileInteractability: false, timeouts: {implicit: 0, pageLoad: 300000, script: 30000}, unhandledPromptBehavior: dismiss and notify}
Session ID: 9ad7a0bc-b90b-473d-89f5-c72f6ce7faa0
at org.openqa.selenium.remote.codec.w3c.W3CHttpResponseCodec.createException(W3CHttpResponseCodec.java:199)
at org.openqa.selenium.remote.codec.w3c.W3CHttpResponseCodec.decode(W3CHttpResponseCodec.java:132)
at org.openqa.selenium.remote.codec.w3c.W3CHttpResponseCodec.decode(W3CHttpResponseCodec.java:51)
at org.openqa.selenium.remote.HttpCommandExecutor.execute(HttpCommandExecutor.java:191)
at org.openqa.selenium.remote.service.DriverCommandExecutor.invokeExecute(DriverCommandExecutor.java:196)
at org.openqa.selenium.remote.service.DriverCommandExecutor.execute(DriverCommandExecutor.java:171)
at org.openqa.selenium.remote.RemoteWebDriver.execute(RemoteWebDriver.java:531)
at org.openqa.selenium.remote.ElementLocation$ElementFinder$2.findElement(ElementLocation.java:165)
at org.openqa.selenium.remote.ElementLocation.findElement(ElementLocation.java:59)
at org.openqa.selenium.remote.RemoteWebDriver.findElement(RemoteWebDriver.java:350)
at org.openqa.selenium.remote.RemoteWebDriver.findElement(RemoteWebDriver.java:344)
at com.selenium.SiteConfig.openTreeThirdTime(SiteConfig.java:234)
at java.base/java.util.ArrayList.forEach(ArrayList.java:1511)
... Removed 32 stack frames]]>
    </failure>
  </testcase> <!-- openTreeThirdTime -->
  <testcase classname="com.selenium.SiteConfig" name="addFasTagSelectftBarrier" time="5.05">
    <failure type="org.openqa.selenium.ElementNotInteractableException" message="Element &amp;lt;option&amp;gt; could not be scrolled into view
Build info: version: &amp;apos;4.10.0&amp;apos;, revision: &amp;apos;c14d967899&amp;apos;
System info: os.name: &amp;apos;Linux&amp;apos;, os.arch: &amp;apos;amd64&amp;apos;, os.version: &amp;apos;6.2.0-39-generic&amp;apos;, java.version: &amp;apos;18.0.2-ea&amp;apos;
Driver info: org.openqa.selenium.firefox.FirefoxDriver
Command: [9ad7a0bc-b90b-473d-89f5-c72f6ce7faa0, clickElement {id=44931e8a-a562-4084-87a6-425dc7fac3ae}]
Capabilities {acceptInsecureCerts: true, browserName: firefox, browserVersion: 121.0, moz:accessibilityChecks: false, moz:buildID: 20231220184444, moz:debuggerAddress: 127.0.0.1:2266, moz:geckodriverVersion: 0.33.0, moz:headless: false, moz:platformVersion: 6.2.0-39-generic, moz:processID: 1217703, moz:profile: /tmp/rust_mozprofileWURFkL, moz:shutdownTimeout: 60000, moz:webdriverClick: true, moz:windowless: false, pageLoadStrategy: normal, platformName: linux, proxy: Proxy(), se:cdp: ws://127.0.0.1:2266/devtool..., se:cdpVersion: 85.0, setWindowRect: true, strictFileInteractability: false, timeouts: {implicit: 0, pageLoad: 300000, script: 30000}, unhandledPromptBehavior: dismiss and notify}
Element: [[[[FirefoxDriver: firefox on linux (9ad7a0bc-b90b-473d-89f5-c72f6ce7faa0)] -&amp;gt; id: fastagDeviceCatagory]] -&amp;gt; xpath: .//option[@value = &amp;quot;FastagBoomBarrier&amp;quot;]]
Session ID: 9ad7a0bc-b90b-473d-89f5-c72f6ce7faa0">
      <![CDATA[org.openqa.selenium.ElementNotInteractableException: Element <option> could not be scrolled into view
Build info: version: '4.10.0', revision: 'c14d967899'
System info: os.name: 'Linux', os.arch: 'amd64', os.version: '6.2.0-39-generic', java.version: '18.0.2-ea'
Driver info: org.openqa.selenium.firefox.FirefoxDriver
Command: [9ad7a0bc-b90b-473d-89f5-c72f6ce7faa0, clickElement {id=44931e8a-a562-4084-87a6-425dc7fac3ae}]
Capabilities {acceptInsecureCerts: true, browserName: firefox, browserVersion: 121.0, moz:accessibilityChecks: false, moz:buildID: 20231220184444, moz:debuggerAddress: 127.0.0.1:2266, moz:geckodriverVersion: 0.33.0, moz:headless: false, moz:platformVersion: 6.2.0-39-generic, moz:processID: 1217703, moz:profile: /tmp/rust_mozprofileWURFkL, moz:shutdownTimeout: 60000, moz:webdriverClick: true, moz:windowless: false, pageLoadStrategy: normal, platformName: linux, proxy: Proxy(), se:cdp: ws://127.0.0.1:2266/devtool..., se:cdpVersion: 85.0, setWindowRect: true, strictFileInteractability: false, timeouts: {implicit: 0, pageLoad: 300000, script: 30000}, unhandledPromptBehavior: dismiss and notify}
Element: [[[[FirefoxDriver: firefox on linux (9ad7a0bc-b90b-473d-89f5-c72f6ce7faa0)] -> id: fastagDeviceCatagory]] -> xpath: .//option[@value = "FastagBoomBarrier"]]
Session ID: 9ad7a0bc-b90b-473d-89f5-c72f6ce7faa0
at org.openqa.selenium.remote.codec.w3c.W3CHttpResponseCodec.createException(W3CHttpResponseCodec.java:199)
at org.openqa.selenium.remote.codec.w3c.W3CHttpResponseCodec.decode(W3CHttpResponseCodec.java:132)
at org.openqa.selenium.remote.codec.w3c.W3CHttpResponseCodec.decode(W3CHttpResponseCodec.java:51)
at org.openqa.selenium.remote.HttpCommandExecutor.execute(HttpCommandExecutor.java:191)
at org.openqa.selenium.remote.service.DriverCommandExecutor.invokeExecute(DriverCommandExecutor.java:196)
at org.openqa.selenium.remote.service.DriverCommandExecutor.execute(DriverCommandExecutor.java:171)
at org.openqa.selenium.remote.RemoteWebDriver.execute(RemoteWebDriver.java:531)
at org.openqa.selenium.remote.RemoteWebElement.execute(RemoteWebElement.java:242)
at org.openqa.selenium.remote.RemoteWebElement.click(RemoteWebElement.java:77)
at org.openqa.selenium.support.ui.Select.setSelected(Select.java:315)
at org.openqa.selenium.support.ui.Select.selectByValue(Select.java:195)
at com.selenium.SiteConfig.addFasTagSelectftBarrier(SiteConfig.java:259)
at java.base/java.util.ArrayList.forEach(ArrayList.java:1511)
... Removed 32 stack frames]]>
    </failure>
  </testcase> <!-- addFasTagSelectftBarrier -->
  <testcase classname="com.selenium.SiteConfig" name="addFtBarrierDetails" time="0.013">
    <failure type="org.openqa.selenium.ElementNotInteractableException" message="Element &amp;lt;input id=&amp;quot;fastagDeviceName&amp;quot; class=&amp;quot;form-control&amp;quot; name=&amp;quot;fastagDeviceName&amp;quot; type=&amp;quot;text&amp;quot;&amp;gt; is not reachable by keyboard
Build info: version: &amp;apos;4.10.0&amp;apos;, revision: &amp;apos;c14d967899&amp;apos;
System info: os.name: &amp;apos;Linux&amp;apos;, os.arch: &amp;apos;amd64&amp;apos;, os.version: &amp;apos;6.2.0-39-generic&amp;apos;, java.version: &amp;apos;18.0.2-ea&amp;apos;
Driver info: org.openqa.selenium.firefox.FirefoxDriver
Command: [9ad7a0bc-b90b-473d-89f5-c72f6ce7faa0, sendKeysToElement {id=33ccbaac-d89c-4889-95cc-eece9ac5ffb0, value=[Ljava.lang.CharSequence;@6e0f0e45}]
Capabilities {acceptInsecureCerts: true, browserName: firefox, browserVersion: 121.0, moz:accessibilityChecks: false, moz:buildID: 20231220184444, moz:debuggerAddress: 127.0.0.1:2266, moz:geckodriverVersion: 0.33.0, moz:headless: false, moz:platformVersion: 6.2.0-39-generic, moz:processID: 1217703, moz:profile: /tmp/rust_mozprofileWURFkL, moz:shutdownTimeout: 60000, moz:webdriverClick: true, moz:windowless: false, pageLoadStrategy: normal, platformName: linux, proxy: Proxy(), se:cdp: ws://127.0.0.1:2266/devtool..., se:cdpVersion: 85.0, setWindowRect: true, strictFileInteractability: false, timeouts: {implicit: 0, pageLoad: 300000, script: 30000}, unhandledPromptBehavior: dismiss and notify}
Element: [[FirefoxDriver: firefox on linux (9ad7a0bc-b90b-473d-89f5-c72f6ce7faa0)] -&amp;gt; id: fastagDeviceName]
Session ID: 9ad7a0bc-b90b-473d-89f5-c72f6ce7faa0">
      <![CDATA[org.openqa.selenium.ElementNotInteractableException: Element <input id="fastagDeviceName" class="form-control" name="fastagDeviceName" type="text"> is not reachable by keyboard
Build info: version: '4.10.0', revision: 'c14d967899'
System info: os.name: 'Linux', os.arch: 'amd64', os.version: '6.2.0-39-generic', java.version: '18.0.2-ea'
Driver info: org.openqa.selenium.firefox.FirefoxDriver
Command: [9ad7a0bc-b90b-473d-89f5-c72f6ce7faa0, sendKeysToElement {id=33ccbaac-d89c-4889-95cc-eece9ac5ffb0, value=[Ljava.lang.CharSequence;@6e0f0e45}]
Capabilities {acceptInsecureCerts: true, browserName: firefox, browserVersion: 121.0, moz:accessibilityChecks: false, moz:buildID: 20231220184444, moz:debuggerAddress: 127.0.0.1:2266, moz:geckodriverVersion: 0.33.0, moz:headless: false, moz:platformVersion: 6.2.0-39-generic, moz:processID: 1217703, moz:profile: /tmp/rust_mozprofileWURFkL, moz:shutdownTimeout: 60000, moz:webdriverClick: true, moz:windowless: false, pageLoadStrategy: normal, platformName: linux, proxy: Proxy(), se:cdp: ws://127.0.0.1:2266/devtool..., se:cdpVersion: 85.0, setWindowRect: true, strictFileInteractability: false, timeouts: {implicit: 0, pageLoad: 300000, script: 30000}, unhandledPromptBehavior: dismiss and notify}
Element: [[FirefoxDriver: firefox on linux (9ad7a0bc-b90b-473d-89f5-c72f6ce7faa0)] -> id: fastagDeviceName]
Session ID: 9ad7a0bc-b90b-473d-89f5-c72f6ce7faa0
at org.openqa.selenium.remote.codec.w3c.W3CHttpResponseCodec.createException(W3CHttpResponseCodec.java:199)
at org.openqa.selenium.remote.codec.w3c.W3CHttpResponseCodec.decode(W3CHttpResponseCodec.java:132)
at org.openqa.selenium.remote.codec.w3c.W3CHttpResponseCodec.decode(W3CHttpResponseCodec.java:51)
at org.openqa.selenium.remote.HttpCommandExecutor.execute(HttpCommandExecutor.java:191)
at org.openqa.selenium.remote.service.DriverCommandExecutor.invokeExecute(DriverCommandExecutor.java:196)
at org.openqa.selenium.remote.service.DriverCommandExecutor.execute(DriverCommandExecutor.java:171)
at org.openqa.selenium.remote.RemoteWebDriver.execute(RemoteWebDriver.java:531)
at org.openqa.selenium.remote.RemoteWebElement.execute(RemoteWebElement.java:242)
at org.openqa.selenium.remote.RemoteWebElement.sendKeys(RemoteWebElement.java:111)
at com.selenium.SiteConfig.addFtBarrierDetails(SiteConfig.java:264)
at java.base/java.util.ArrayList.forEach(ArrayList.java:1511)
... Removed 32 stack frames]]>
    </failure>
  </testcase> <!-- addFtBarrierDetails -->
  <testcase classname="com.selenium.SiteConfig" name="addbtnFasTagSelectftBarrier" time="0.009">
    <failure type="org.openqa.selenium.ElementNotInteractableException" message="Element &amp;lt;button id=&amp;quot;btnFastagSaveDevices&amp;quot; class=&amp;quot;btn btn-sm btn-primary&amp;quot; type=&amp;quot;submit&amp;quot;&amp;gt; could not be scrolled into view
Build info: version: &amp;apos;4.10.0&amp;apos;, revision: &amp;apos;c14d967899&amp;apos;
System info: os.name: &amp;apos;Linux&amp;apos;, os.arch: &amp;apos;amd64&amp;apos;, os.version: &amp;apos;6.2.0-39-generic&amp;apos;, java.version: &amp;apos;18.0.2-ea&amp;apos;
Driver info: org.openqa.selenium.firefox.FirefoxDriver
Command: [9ad7a0bc-b90b-473d-89f5-c72f6ce7faa0, clickElement {id=a98f8e53-8a70-4b76-b764-5a5a3645fadc}]
Capabilities {acceptInsecureCerts: true, browserName: firefox, browserVersion: 121.0, moz:accessibilityChecks: false, moz:buildID: 20231220184444, moz:debuggerAddress: 127.0.0.1:2266, moz:geckodriverVersion: 0.33.0, moz:headless: false, moz:platformVersion: 6.2.0-39-generic, moz:processID: 1217703, moz:profile: /tmp/rust_mozprofileWURFkL, moz:shutdownTimeout: 60000, moz:webdriverClick: true, moz:windowless: false, pageLoadStrategy: normal, platformName: linux, proxy: Proxy(), se:cdp: ws://127.0.0.1:2266/devtool..., se:cdpVersion: 85.0, setWindowRect: true, strictFileInteractability: false, timeouts: {implicit: 0, pageLoad: 300000, script: 30000}, unhandledPromptBehavior: dismiss and notify}
Element: [[FirefoxDriver: firefox on linux (9ad7a0bc-b90b-473d-89f5-c72f6ce7faa0)] -&amp;gt; id: btnFastagSaveDevices]
Session ID: 9ad7a0bc-b90b-473d-89f5-c72f6ce7faa0">
      <![CDATA[org.openqa.selenium.ElementNotInteractableException: Element <button id="btnFastagSaveDevices" class="btn btn-sm btn-primary" type="submit"> could not be scrolled into view
Build info: version: '4.10.0', revision: 'c14d967899'
System info: os.name: 'Linux', os.arch: 'amd64', os.version: '6.2.0-39-generic', java.version: '18.0.2-ea'
Driver info: org.openqa.selenium.firefox.FirefoxDriver
Command: [9ad7a0bc-b90b-473d-89f5-c72f6ce7faa0, clickElement {id=a98f8e53-8a70-4b76-b764-5a5a3645fadc}]
Capabilities {acceptInsecureCerts: true, browserName: firefox, browserVersion: 121.0, moz:accessibilityChecks: false, moz:buildID: 20231220184444, moz:debuggerAddress: 127.0.0.1:2266, moz:geckodriverVersion: 0.33.0, moz:headless: false, moz:platformVersion: 6.2.0-39-generic, moz:processID: 1217703, moz:profile: /tmp/rust_mozprofileWURFkL, moz:shutdownTimeout: 60000, moz:webdriverClick: true, moz:windowless: false, pageLoadStrategy: normal, platformName: linux, proxy: Proxy(), se:cdp: ws://127.0.0.1:2266/devtool..., se:cdpVersion: 85.0, setWindowRect: true, strictFileInteractability: false, timeouts: {implicit: 0, pageLoad: 300000, script: 30000}, unhandledPromptBehavior: dismiss and notify}
Element: [[FirefoxDriver: firefox on linux (9ad7a0bc-b90b-473d-89f5-c72f6ce7faa0)] -> id: btnFastagSaveDevices]
Session ID: 9ad7a0bc-b90b-473d-89f5-c72f6ce7faa0
at org.openqa.selenium.remote.codec.w3c.W3CHttpResponseCodec.createException(W3CHttpResponseCodec.java:199)
at org.openqa.selenium.remote.codec.w3c.W3CHttpResponseCodec.decode(W3CHttpResponseCodec.java:132)
at org.openqa.selenium.remote.codec.w3c.W3CHttpResponseCodec.decode(W3CHttpResponseCodec.java:51)
at org.openqa.selenium.remote.HttpCommandExecutor.execute(HttpCommandExecutor.java:191)
at org.openqa.selenium.remote.service.DriverCommandExecutor.invokeExecute(DriverCommandExecutor.java:196)
at org.openqa.selenium.remote.service.DriverCommandExecutor.execute(DriverCommandExecutor.java:171)
at org.openqa.selenium.remote.RemoteWebDriver.execute(RemoteWebDriver.java:531)
at org.openqa.selenium.remote.RemoteWebElement.execute(RemoteWebElement.java:242)
at org.openqa.selenium.remote.RemoteWebElement.click(RemoteWebElement.java:77)
at com.selenium.SiteConfig.addbtnFasTagSelectftBarrier(SiteConfig.java:275)
at java.base/java.util.ArrayList.forEach(ArrayList.java:1511)
... Removed 32 stack frames]]>
    </failure>
  </testcase> <!-- addbtnFasTagSelectftBarrier -->
  <testcase classname="com.selenium.SiteConfig" name="openTreeForthTime" time="13.34">
    <failure type="org.openqa.selenium.NoSuchElementException" message="Unable to locate element: //li[@id=&amp;apos;zone_1&amp;apos;]/i
For documentation on this error, please visit: https://www.selenium.dev/documentation/webdriver/troubleshooting/errors#no-such-element-exception
Build info: version: &amp;apos;4.10.0&amp;apos;, revision: &amp;apos;c14d967899&amp;apos;
System info: os.name: &amp;apos;Linux&amp;apos;, os.arch: &amp;apos;amd64&amp;apos;, os.version: &amp;apos;6.2.0-39-generic&amp;apos;, java.version: &amp;apos;18.0.2-ea&amp;apos;
Driver info: org.openqa.selenium.firefox.FirefoxDriver
Command: [9ad7a0bc-b90b-473d-89f5-c72f6ce7faa0, findElement {using=xpath, value=//li[@id=&amp;apos;zone_1&amp;apos;]/i}]
Capabilities {acceptInsecureCerts: true, browserName: firefox, browserVersion: 121.0, moz:accessibilityChecks: false, moz:buildID: 20231220184444, moz:debuggerAddress: 127.0.0.1:2266, moz:geckodriverVersion: 0.33.0, moz:headless: false, moz:platformVersion: 6.2.0-39-generic, moz:processID: 1217703, moz:profile: /tmp/rust_mozprofileWURFkL, moz:shutdownTimeout: 60000, moz:webdriverClick: true, moz:windowless: false, pageLoadStrategy: normal, platformName: linux, proxy: Proxy(), se:cdp: ws://127.0.0.1:2266/devtool..., se:cdpVersion: 85.0, setWindowRect: true, strictFileInteractability: false, timeouts: {implicit: 0, pageLoad: 300000, script: 30000}, unhandledPromptBehavior: dismiss and notify}
Session ID: 9ad7a0bc-b90b-473d-89f5-c72f6ce7faa0">
      <![CDATA[org.openqa.selenium.NoSuchElementException: Unable to locate element: //li[@id='zone_1']/i
For documentation on this error, please visit: https://www.selenium.dev/documentation/webdriver/troubleshooting/errors#no-such-element-exception
Build info: version: '4.10.0', revision: 'c14d967899'
System info: os.name: 'Linux', os.arch: 'amd64', os.version: '6.2.0-39-generic', java.version: '18.0.2-ea'
Driver info: org.openqa.selenium.firefox.FirefoxDriver
Command: [9ad7a0bc-b90b-473d-89f5-c72f6ce7faa0, findElement {using=xpath, value=//li[@id='zone_1']/i}]
Capabilities {acceptInsecureCerts: true, browserName: firefox, browserVersion: 121.0, moz:accessibilityChecks: false, moz:buildID: 20231220184444, moz:debuggerAddress: 127.0.0.1:2266, moz:geckodriverVersion: 0.33.0, moz:headless: false, moz:platformVersion: 6.2.0-39-generic, moz:processID: 1217703, moz:profile: /tmp/rust_mozprofileWURFkL, moz:shutdownTimeout: 60000, moz:webdriverClick: true, moz:windowless: false, pageLoadStrategy: normal, platformName: linux, proxy: Proxy(), se:cdp: ws://127.0.0.1:2266/devtool..., se:cdpVersion: 85.0, setWindowRect: true, strictFileInteractability: false, timeouts: {implicit: 0, pageLoad: 300000, script: 30000}, unhandledPromptBehavior: dismiss and notify}
Session ID: 9ad7a0bc-b90b-473d-89f5-c72f6ce7faa0
at org.openqa.selenium.remote.codec.w3c.W3CHttpResponseCodec.createException(W3CHttpResponseCodec.java:199)
at org.openqa.selenium.remote.codec.w3c.W3CHttpResponseCodec.decode(W3CHttpResponseCodec.java:132)
at org.openqa.selenium.remote.codec.w3c.W3CHttpResponseCodec.decode(W3CHttpResponseCodec.java:51)
at org.openqa.selenium.remote.HttpCommandExecutor.execute(HttpCommandExecutor.java:191)
at org.openqa.selenium.remote.service.DriverCommandExecutor.invokeExecute(DriverCommandExecutor.java:196)
at org.openqa.selenium.remote.service.DriverCommandExecutor.execute(DriverCommandExecutor.java:171)
at org.openqa.selenium.remote.RemoteWebDriver.execute(RemoteWebDriver.java:531)
at org.openqa.selenium.remote.ElementLocation$ElementFinder$2.findElement(ElementLocation.java:165)
at org.openqa.selenium.remote.ElementLocation.findElement(ElementLocation.java:59)
at org.openqa.selenium.remote.RemoteWebDriver.findElement(RemoteWebDriver.java:350)
at org.openqa.selenium.remote.RemoteWebDriver.findElement(RemoteWebDriver.java:344)
at com.selenium.SiteConfig.openTreeForthTime(SiteConfig.java:302)
at java.base/java.util.ArrayList.forEach(ArrayList.java:1511)
... Removed 32 stack frames]]>
    </failure>
  </testcase> <!-- openTreeForthTime -->
  <testcase classname="com.selenium.SiteConfig" name="addFasTagSelectftDisplay" time="3.054">
    <failure type="org.openqa.selenium.ElementNotInteractableException" message="Element &amp;lt;option&amp;gt; could not be scrolled into view
Build info: version: &amp;apos;4.10.0&amp;apos;, revision: &amp;apos;c14d967899&amp;apos;
System info: os.name: &amp;apos;Linux&amp;apos;, os.arch: &amp;apos;amd64&amp;apos;, os.version: &amp;apos;6.2.0-39-generic&amp;apos;, java.version: &amp;apos;18.0.2-ea&amp;apos;
Driver info: org.openqa.selenium.firefox.FirefoxDriver
Command: [9ad7a0bc-b90b-473d-89f5-c72f6ce7faa0, clickElement {id=4c7faa64-709e-47df-90b8-7b94d3d5b056}]
Capabilities {acceptInsecureCerts: true, browserName: firefox, browserVersion: 121.0, moz:accessibilityChecks: false, moz:buildID: 20231220184444, moz:debuggerAddress: 127.0.0.1:2266, moz:geckodriverVersion: 0.33.0, moz:headless: false, moz:platformVersion: 6.2.0-39-generic, moz:processID: 1217703, moz:profile: /tmp/rust_mozprofileWURFkL, moz:shutdownTimeout: 60000, moz:webdriverClick: true, moz:windowless: false, pageLoadStrategy: normal, platformName: linux, proxy: Proxy(), se:cdp: ws://127.0.0.1:2266/devtool..., se:cdpVersion: 85.0, setWindowRect: true, strictFileInteractability: false, timeouts: {implicit: 0, pageLoad: 300000, script: 30000}, unhandledPromptBehavior: dismiss and notify}
Element: [[[[FirefoxDriver: firefox on linux (9ad7a0bc-b90b-473d-89f5-c72f6ce7faa0)] -&amp;gt; id: fastagDeviceCatagory]] -&amp;gt; xpath: .//option[@value = &amp;quot;FastagDisplay&amp;quot;]]
Session ID: 9ad7a0bc-b90b-473d-89f5-c72f6ce7faa0">
      <![CDATA[org.openqa.selenium.ElementNotInteractableException: Element <option> could not be scrolled into view
Build info: version: '4.10.0', revision: 'c14d967899'
System info: os.name: 'Linux', os.arch: 'amd64', os.version: '6.2.0-39-generic', java.version: '18.0.2-ea'
Driver info: org.openqa.selenium.firefox.FirefoxDriver
Command: [9ad7a0bc-b90b-473d-89f5-c72f6ce7faa0, clickElement {id=4c7faa64-709e-47df-90b8-7b94d3d5b056}]
Capabilities {acceptInsecureCerts: true, browserName: firefox, browserVersion: 121.0, moz:accessibilityChecks: false, moz:buildID: 20231220184444, moz:debuggerAddress: 127.0.0.1:2266, moz:geckodriverVersion: 0.33.0, moz:headless: false, moz:platformVersion: 6.2.0-39-generic, moz:processID: 1217703, moz:profile: /tmp/rust_mozprofileWURFkL, moz:shutdownTimeout: 60000, moz:webdriverClick: true, moz:windowless: false, pageLoadStrategy: normal, platformName: linux, proxy: Proxy(), se:cdp: ws://127.0.0.1:2266/devtool..., se:cdpVersion: 85.0, setWindowRect: true, strictFileInteractability: false, timeouts: {implicit: 0, pageLoad: 300000, script: 30000}, unhandledPromptBehavior: dismiss and notify}
Element: [[[[FirefoxDriver: firefox on linux (9ad7a0bc-b90b-473d-89f5-c72f6ce7faa0)] -> id: fastagDeviceCatagory]] -> xpath: .//option[@value = "FastagDisplay"]]
Session ID: 9ad7a0bc-b90b-473d-89f5-c72f6ce7faa0
at org.openqa.selenium.remote.codec.w3c.W3CHttpResponseCodec.createException(W3CHttpResponseCodec.java:199)
at org.openqa.selenium.remote.codec.w3c.W3CHttpResponseCodec.decode(W3CHttpResponseCodec.java:132)
at org.openqa.selenium.remote.codec.w3c.W3CHttpResponseCodec.decode(W3CHttpResponseCodec.java:51)
at org.openqa.selenium.remote.HttpCommandExecutor.execute(HttpCommandExecutor.java:191)
at org.openqa.selenium.remote.service.DriverCommandExecutor.invokeExecute(DriverCommandExecutor.java:196)
at org.openqa.selenium.remote.service.DriverCommandExecutor.execute(DriverCommandExecutor.java:171)
at org.openqa.selenium.remote.RemoteWebDriver.execute(RemoteWebDriver.java:531)
at org.openqa.selenium.remote.RemoteWebElement.execute(RemoteWebElement.java:242)
at org.openqa.selenium.remote.RemoteWebElement.click(RemoteWebElement.java:77)
at org.openqa.selenium.support.ui.Select.setSelected(Select.java:315)
at org.openqa.selenium.support.ui.Select.selectByValue(Select.java:195)
at com.selenium.SiteConfig.addFasTagSelectftDisplay(SiteConfig.java:324)
at java.base/java.util.ArrayList.forEach(ArrayList.java:1511)
... Removed 32 stack frames]]>
    </failure>
  </testcase> <!-- addFasTagSelectftDisplay -->
  <testcase classname="com.selenium.SiteConfig" name="addFtDisplayDetails" time="2.016">
    <failure type="org.openqa.selenium.ElementNotInteractableException" message="Element &amp;lt;input id=&amp;quot;fastagDeviceName&amp;quot; class=&amp;quot;form-control&amp;quot; name=&amp;quot;fastagDeviceName&amp;quot; type=&amp;quot;text&amp;quot;&amp;gt; is not reachable by keyboard
Build info: version: &amp;apos;4.10.0&amp;apos;, revision: &amp;apos;c14d967899&amp;apos;
System info: os.name: &amp;apos;Linux&amp;apos;, os.arch: &amp;apos;amd64&amp;apos;, os.version: &amp;apos;6.2.0-39-generic&amp;apos;, java.version: &amp;apos;18.0.2-ea&amp;apos;
Driver info: org.openqa.selenium.firefox.FirefoxDriver
Command: [9ad7a0bc-b90b-473d-89f5-c72f6ce7faa0, sendKeysToElement {id=33ccbaac-d89c-4889-95cc-eece9ac5ffb0, value=[Ljava.lang.CharSequence;@2a46f079}]
Capabilities {acceptInsecureCerts: true, browserName: firefox, browserVersion: 121.0, moz:accessibilityChecks: false, moz:buildID: 20231220184444, moz:debuggerAddress: 127.0.0.1:2266, moz:geckodriverVersion: 0.33.0, moz:headless: false, moz:platformVersion: 6.2.0-39-generic, moz:processID: 1217703, moz:profile: /tmp/rust_mozprofileWURFkL, moz:shutdownTimeout: 60000, moz:webdriverClick: true, moz:windowless: false, pageLoadStrategy: normal, platformName: linux, proxy: Proxy(), se:cdp: ws://127.0.0.1:2266/devtool..., se:cdpVersion: 85.0, setWindowRect: true, strictFileInteractability: false, timeouts: {implicit: 0, pageLoad: 300000, script: 30000}, unhandledPromptBehavior: dismiss and notify}
Element: [[FirefoxDriver: firefox on linux (9ad7a0bc-b90b-473d-89f5-c72f6ce7faa0)] -&amp;gt; id: fastagDeviceName]
Session ID: 9ad7a0bc-b90b-473d-89f5-c72f6ce7faa0">
      <![CDATA[org.openqa.selenium.ElementNotInteractableException: Element <input id="fastagDeviceName" class="form-control" name="fastagDeviceName" type="text"> is not reachable by keyboard
Build info: version: '4.10.0', revision: 'c14d967899'
System info: os.name: 'Linux', os.arch: 'amd64', os.version: '6.2.0-39-generic', java.version: '18.0.2-ea'
Driver info: org.openqa.selenium.firefox.FirefoxDriver
Command: [9ad7a0bc-b90b-473d-89f5-c72f6ce7faa0, sendKeysToElement {id=33ccbaac-d89c-4889-95cc-eece9ac5ffb0, value=[Ljava.lang.CharSequence;@2a46f079}]
Capabilities {acceptInsecureCerts: true, browserName: firefox, browserVersion: 121.0, moz:accessibilityChecks: false, moz:buildID: 20231220184444, moz:debuggerAddress: 127.0.0.1:2266, moz:geckodriverVersion: 0.33.0, moz:headless: false, moz:platformVersion: 6.2.0-39-generic, moz:processID: 1217703, moz:profile: /tmp/rust_mozprofileWURFkL, moz:shutdownTimeout: 60000, moz:webdriverClick: true, moz:windowless: false, pageLoadStrategy: normal, platformName: linux, proxy: Proxy(), se:cdp: ws://127.0.0.1:2266/devtool..., se:cdpVersion: 85.0, setWindowRect: true, strictFileInteractability: false, timeouts: {implicit: 0, pageLoad: 300000, script: 30000}, unhandledPromptBehavior: dismiss and notify}
Element: [[FirefoxDriver: firefox on linux (9ad7a0bc-b90b-473d-89f5-c72f6ce7faa0)] -> id: fastagDeviceName]
Session ID: 9ad7a0bc-b90b-473d-89f5-c72f6ce7faa0
at org.openqa.selenium.remote.codec.w3c.W3CHttpResponseCodec.createException(W3CHttpResponseCodec.java:199)
at org.openqa.selenium.remote.codec.w3c.W3CHttpResponseCodec.decode(W3CHttpResponseCodec.java:132)
at org.openqa.selenium.remote.codec.w3c.W3CHttpResponseCodec.decode(W3CHttpResponseCodec.java:51)
at org.openqa.selenium.remote.HttpCommandExecutor.execute(HttpCommandExecutor.java:191)
at org.openqa.selenium.remote.service.DriverCommandExecutor.invokeExecute(DriverCommandExecutor.java:196)
at org.openqa.selenium.remote.service.DriverCommandExecutor.execute(DriverCommandExecutor.java:171)
at org.openqa.selenium.remote.RemoteWebDriver.execute(RemoteWebDriver.java:531)
at org.openqa.selenium.remote.RemoteWebElement.execute(RemoteWebElement.java:242)
at org.openqa.selenium.remote.RemoteWebElement.sendKeys(RemoteWebElement.java:111)
at com.selenium.SiteConfig.addFtDisplayDetails(SiteConfig.java:330)
at java.base/java.util.ArrayList.forEach(ArrayList.java:1511)
... Removed 32 stack frames]]>
    </failure>
  </testcase> <!-- addFtDisplayDetails -->
  <testcase classname="com.selenium.SiteConfig" name="addbtnFasTagSelectftDisplay" time="0.014">
    <failure type="org.openqa.selenium.ElementNotInteractableException" message="Element &amp;lt;button id=&amp;quot;btnFastagSaveDevices&amp;quot; class=&amp;quot;btn btn-sm btn-primary&amp;quot; type=&amp;quot;submit&amp;quot;&amp;gt; could not be scrolled into view
Build info: version: &amp;apos;4.10.0&amp;apos;, revision: &amp;apos;c14d967899&amp;apos;
System info: os.name: &amp;apos;Linux&amp;apos;, os.arch: &amp;apos;amd64&amp;apos;, os.version: &amp;apos;6.2.0-39-generic&amp;apos;, java.version: &amp;apos;18.0.2-ea&amp;apos;
Driver info: org.openqa.selenium.firefox.FirefoxDriver
Command: [9ad7a0bc-b90b-473d-89f5-c72f6ce7faa0, clickElement {id=a98f8e53-8a70-4b76-b764-5a5a3645fadc}]
Capabilities {acceptInsecureCerts: true, browserName: firefox, browserVersion: 121.0, moz:accessibilityChecks: false, moz:buildID: 20231220184444, moz:debuggerAddress: 127.0.0.1:2266, moz:geckodriverVersion: 0.33.0, moz:headless: false, moz:platformVersion: 6.2.0-39-generic, moz:processID: 1217703, moz:profile: /tmp/rust_mozprofileWURFkL, moz:shutdownTimeout: 60000, moz:webdriverClick: true, moz:windowless: false, pageLoadStrategy: normal, platformName: linux, proxy: Proxy(), se:cdp: ws://127.0.0.1:2266/devtool..., se:cdpVersion: 85.0, setWindowRect: true, strictFileInteractability: false, timeouts: {implicit: 0, pageLoad: 300000, script: 30000}, unhandledPromptBehavior: dismiss and notify}
Element: [[FirefoxDriver: firefox on linux (9ad7a0bc-b90b-473d-89f5-c72f6ce7faa0)] -&amp;gt; id: btnFastagSaveDevices]
Session ID: 9ad7a0bc-b90b-473d-89f5-c72f6ce7faa0">
      <![CDATA[org.openqa.selenium.ElementNotInteractableException: Element <button id="btnFastagSaveDevices" class="btn btn-sm btn-primary" type="submit"> could not be scrolled into view
Build info: version: '4.10.0', revision: 'c14d967899'
System info: os.name: 'Linux', os.arch: 'amd64', os.version: '6.2.0-39-generic', java.version: '18.0.2-ea'
Driver info: org.openqa.selenium.firefox.FirefoxDriver
Command: [9ad7a0bc-b90b-473d-89f5-c72f6ce7faa0, clickElement {id=a98f8e53-8a70-4b76-b764-5a5a3645fadc}]
Capabilities {acceptInsecureCerts: true, browserName: firefox, browserVersion: 121.0, moz:accessibilityChecks: false, moz:buildID: 20231220184444, moz:debuggerAddress: 127.0.0.1:2266, moz:geckodriverVersion: 0.33.0, moz:headless: false, moz:platformVersion: 6.2.0-39-generic, moz:processID: 1217703, moz:profile: /tmp/rust_mozprofileWURFkL, moz:shutdownTimeout: 60000, moz:webdriverClick: true, moz:windowless: false, pageLoadStrategy: normal, platformName: linux, proxy: Proxy(), se:cdp: ws://127.0.0.1:2266/devtool..., se:cdpVersion: 85.0, setWindowRect: true, strictFileInteractability: false, timeouts: {implicit: 0, pageLoad: 300000, script: 30000}, unhandledPromptBehavior: dismiss and notify}
Element: [[FirefoxDriver: firefox on linux (9ad7a0bc-b90b-473d-89f5-c72f6ce7faa0)] -> id: btnFastagSaveDevices]
Session ID: 9ad7a0bc-b90b-473d-89f5-c72f6ce7faa0
at org.openqa.selenium.remote.codec.w3c.W3CHttpResponseCodec.createException(W3CHttpResponseCodec.java:199)
at org.openqa.selenium.remote.codec.w3c.W3CHttpResponseCodec.decode(W3CHttpResponseCodec.java:132)
at org.openqa.selenium.remote.codec.w3c.W3CHttpResponseCodec.decode(W3CHttpResponseCodec.java:51)
at org.openqa.selenium.remote.HttpCommandExecutor.execute(HttpCommandExecutor.java:191)
at org.openqa.selenium.remote.service.DriverCommandExecutor.invokeExecute(DriverCommandExecutor.java:196)
at org.openqa.selenium.remote.service.DriverCommandExecutor.execute(DriverCommandExecutor.java:171)
at org.openqa.selenium.remote.RemoteWebDriver.execute(RemoteWebDriver.java:531)
at org.openqa.selenium.remote.RemoteWebElement.execute(RemoteWebElement.java:242)
at org.openqa.selenium.remote.RemoteWebElement.click(RemoteWebElement.java:77)
at com.selenium.SiteConfig.addbtnFasTagSelectftDisplay(SiteConfig.java:340)
at java.base/java.util.ArrayList.forEach(ArrayList.java:1511)
... Removed 32 stack frames]]>
    </failure>
  </testcase> <!-- addbtnFasTagSelectftDisplay -->
  <testcase classname="com.selenium.SiteConfig" name="openTreeFifthTime" time="10.025">
    <failure type="org.openqa.selenium.NoSuchElementException" message="Unable to locate element: //li[@id=&amp;apos;city_5&amp;apos;]/i
For documentation on this error, please visit: https://www.selenium.dev/documentation/webdriver/troubleshooting/errors#no-such-element-exception
Build info: version: &amp;apos;4.10.0&amp;apos;, revision: &amp;apos;c14d967899&amp;apos;
[...]
at com.selenium.SiteConfig.openTreeSeventhTime(SiteConfig.java:503)
at java.base/java.util.ArrayList.forEach(ArrayList.java:1511)
... Removed 32 stack frames]]>
    </failure>
  </testcase> <!-- openTreeSeventhTime -->
  <testcase classname="com.selenium.SiteConfig" name="updateController" time="10.057">
    <failure type="org.openqa.selenium.TimeoutException" message="Expected condition failed: waiting for element to be clickable: By.id: ftControllerPresentAt (tried for 10 second(s) with 500 milliseconds interval)
Build info: version: &amp;apos;4.10.0&amp;apos;, revision: &amp;apos;c14d967899&amp;apos;
System info: os.name: &amp;apos;Linux&amp;apos;, os.arch: &amp;apos;amd64&amp;apos;, os.version: &amp;apos;6.2.0-39-generic&amp;apos;, java.version: &amp;apos;18.0.2-ea&amp;apos;
Driver info: org.openqa.selenium.firefox.FirefoxDriver
Capabilities {acceptInsecureCerts: true, browserName: firefox, browserVersion: 121.0, moz:accessibilityChecks: false, moz:buildID: 20231220184444, moz:debuggerAddress: 127.0.0.1:2266, moz:geckodriverVersion: 0.33.0, moz:headless: false, moz:platformVersion: 6.2.0-39-generic, moz:processID: 1217703, moz:profile: /tmp/rust_mozprofileWURFkL, moz:shutdownTimeout: 60000, moz:webdriverClick: true, moz:windowless: false, pageLoadStrategy: normal, platformName: linux, proxy: Proxy(), se:cdp: ws://127.0.0.1:2266/devtool..., se:cdpVersion: 85.0, setWindowRect: true, strictFileInteractability: false, timeouts: {implicit: 0, pageLoad: 300000, script: 30000}, unhandledPromptBehavior: dismiss and notify}
Session ID: 9ad7a0bc-b90b-473d-89f5-c72f6ce7faa0">
      <![CDATA[org.openqa.selenium.TimeoutException: Expected condition failed: waiting for element to be clickable: By.id: ftControllerPresentAt (tried for 10 second(s) with 500 milliseconds interval)
Build info: version: '4.10.0', revision: 'c14d967899'
System info: os.name: 'Linux', os.arch: 'amd64', os.version: '6.2.0-39-generic', java.version: '18.0.2-ea'
Driver info: org.openqa.selenium.firefox.FirefoxDriver
Capabilities {acceptInsecureCerts: true, browserName: firefox, browserVersion: 121.0, moz:accessibilityChecks: false, moz:buildID: 20231220184444, moz:debuggerAddress: 127.0.0.1:2266, moz:geckodriverVersion: 0.33.0, moz:headless: false, moz:platformVersion: 6.2.0-39-generic, moz:processID: 1217703, moz:profile: /tmp/rust_mozprofileWURFkL, moz:shutdownTimeout: 60000, moz:webdriverClick: true, moz:windowless: false, pageLoadStrategy: normal, platformName: linux, proxy: Proxy(), se:cdp: ws://127.0.0.1:2266/devtool..., se:cdpVersion: 85.0, setWindowRect: true, strictFileInteractability: false, timeouts: {implicit: 0, pageLoad: 300000, script: 30000}, unhandledPromptBehavior: dismiss and notify}
Session ID: 9ad7a0bc-b90b-473d-89f5-c72f6ce7faa0
at org.openqa.selenium.support.ui.WebDriverWait.timeoutException(WebDriverWait.java:84)
at org.openqa.selenium.support.ui.FluentWait.until(FluentWait.java:230)
at com.selenium.SiteConfig.updateController(SiteConfig.java:523)
at java.base/java.util.ArrayList.forEach(ArrayList.java:1511)
... Removed 29 stack frames]]>
    </failure>
  </testcase> <!-- updateController -->
  <testcase classname="com.selenium.SiteConfig" name="OpenTreeEighthTime" time="6.239">
    <failure type="org.openqa.selenium.NoSuchElementException" message="Unable to locate element: //li[@id=&amp;apos;zone_1&amp;apos;]/i
For documentation on this error, please visit: https://www.selenium.dev/documentation/webdriver/troubleshooting/errors#no-such-element-exception
Build info: version: &amp;apos;4.10.0&amp;apos;, revision: &amp;apos;c14d967899&amp;apos;
System info: os.name: &amp;apos;Linux&amp;apos;, os.arch: &amp;apos;amd64&amp;apos;, os.version: &amp;apos;6.2.0-39-generic&amp;apos;, java.version: &amp;apos;18.0.2-ea&amp;apos;
Driver info: org.openqa.selenium.firefox.FirefoxDriver
Command: [9ad7a0bc-b90b-473d-89f5-c72f6ce7faa0, findElement {using=xpath, value=//li[@id=&amp;apos;zone_1&amp;apos;]/i}]
Capabilities {acceptInsecureCerts: true, browserName: firefox, browserVersion: 121.0, moz:accessibilityChecks: false, moz:buildID: 20231220184444, moz:debuggerAddress: 127.0.0.1:2266, moz:geckodriverVersion: 0.33.0, moz:headless: false, moz:platformVersion: 6.2.0-39-generic, moz:processID: 1217703, moz:profile: /tmp/rust_mozprofileWURFkL, moz:shutdownTimeout: 60000, moz:webdriverClick: true, moz:windowless: false, pageLoadStrategy: normal, platformName: linux, proxy: Proxy(), se:cdp: ws://127.0.0.1:2266/devtool..., se:cdpVersion: 85.0, setWindowRect: true, strictFileInteractability: false, timeouts: {implicit: 0, pageLoad: 300000, script: 30000}, unhandledPromptBehavior: dismiss and notify}
Session ID: 9ad7a0bc-b90b-473d-89f5-c72f6ce7faa0">
      <![CDATA[org.openqa.selenium.NoSuchElementException: Unable to locate element: //li[@id='zone_1']/i
For documentation on this error, please visit: https://www.selenium.dev/documentation/webdriver/troubleshooting/errors#no-such-element-exception
Build info: version: '4.10.0', revision: 'c14d967899'
System info: os.name: 'Linux', os.arch: 'amd64', os.version: '6.2.0-39-generic', java.version: '18.0.2-ea'
Driver info: org.openqa.selenium.firefox.FirefoxDriver
Command: [9ad7a0bc-b90b-473d-89f5-c72f6ce7faa0, findElement {using=xpath, value=//li[@id='zone_1']/i}]
Capabilities {acceptInsecureCerts: true, browserName: firefox, browserVersion: 121.0, moz:accessibilityChecks: false, moz:buildID: 20231220184444, moz:debuggerAddress: 127.0.0.1:2266, moz:geckodriverVersion: 0.33.0, moz:headless: false, moz:platformVersion: 6.2.0-39-generic, moz:processID: 1217703, moz:profile: /tmp/rust_mozprofileWURFkL, moz:shutdownTimeout: 60000, moz:webdriverClick: true, moz:windowless: false, pageLoadStrategy: normal, platformName: linux, proxy: Proxy(), se:cdp: ws://127.0.0.1:2266/devtool..., se:cdpVersion: 85.0, setWindowRect: true, strictFileInteractability: false, timeouts: {implicit: 0, pageLoad: 300000, script: 30000}, unhandledPromptBehavior: dismiss and notify}
Session ID: 9ad7a0bc-b90b-473d-89f5-c72f6ce7faa0
at org.openqa.selenium.remote.codec.w3c.W3CHttpResponseCodec.createException(W3CHttpResponseCodec.java:199)
at org.openqa.selenium.remote.codec.w3c.W3CHttpResponseCodec.decode(W3CHttpResponseCodec.java:132)
at org.openqa.selenium.remote.codec.w3c.W3CHttpResponseCodec.decode(W3CHttpResponseCodec.java:51)
at org.openqa.selenium.remote.HttpCommandExecutor.execute(HttpCommandExecutor.java:191)
at org.openqa.selenium.remote.service.DriverCommandExecutor.invokeExecute(DriverCommandExecutor.java:196)
at org.openqa.selenium.remote.service.DriverCommandExecutor.execute(DriverCommandExecutor.java:171)
at org.openqa.selenium.remote.RemoteWebDriver.execute(RemoteWebDriver.java:531)
at org.openqa.selenium.remote.ElementLocation$ElementFinder$2.findElement(ElementLocation.java:165)
at org.openqa.selenium.remote.ElementLocation.findElement(ElementLocation.java:59)
at org.openqa.selenium.remote.RemoteWebDriver.findElement(RemoteWebDriver.java:350)
at org.openqa.selenium.remote.RemoteWebDriver.findElement(RemoteWebDriver.java:344)
at com.selenium.SiteConfig.OpenTreeEighthTime(SiteConfig.java:542)
at java.base/java.util.ArrayList.forEach(ArrayList.java:1511)
... Removed 32 stack frames]]>
    </failure>
  </testcase> <!-- OpenTreeEighthTime -->
  <testcase classname="com.selenium.SiteConfig" name="deleteController" time="2.0"/>
  <testcase classname="com.selenium.SiteConfig" name="OpenTreeNinthTime" time="8.014">
    <failure type="org.openqa.selenium.NoSuchElementException" message="Unable to locate element: //li[@id=&amp;apos;city_5&amp;apos;]/i
For documentation on this error, please visit: https://www.selenium.dev/documentation/webdriver/troubleshooting/errors#no-such-element-exception
Build info: version: &amp;apos;4.10.0&amp;apos;, revision: &amp;apos;c14d967899&amp;apos;
System info: os.name: &amp;apos;Linux&amp;apos;, os.arch: &amp;apos;amd64&amp;apos;, os.version: &amp;apos;6.2.0-39-generic&amp;apos;, java.version: &amp;apos;18.0.2-ea&amp;apos;
Driver info: org.openqa.selenium.firefox.FirefoxDriver
Command: [9ad7a0bc-b90b-473d-89f5-c72f6ce7faa0, findElement {using=xpath, value=//li[@id=&amp;apos;city_5&amp;apos;]/i}]
Capabilities {acceptInsecureCerts: true, browserName: firefox, browserVersion: 121.0, moz:accessibilityChecks: false, moz:buildID: 20231220184444, moz:debuggerAddress: 127.0.0.1:2266, moz:geckodriverVersion: 0.33.0, moz:headless: false, moz:platformVersion: 6.2.0-39-generic, moz:processID: 1217703, moz:profile: /tmp/rust_mozprofileWURFkL, moz:shutdownTimeout: 60000, moz:webdriverClick: true, moz:windowless: false, pageLoadStrategy: normal, platformName: linux, proxy: Proxy(), se:cdp: ws://127.0.0.1:2266/devtool..., se:cdpVersion: 85.0, setWindowRect: true, strictFileInteractability: false, timeouts: {implicit: 0, pageLoad: 300000, script: 30000}, unhandledPromptBehavior: dismiss and notify}
Session ID: 9ad7a0bc-b90b-473d-89f5-c72f6ce7faa0">
      <![CDATA[org.openqa.selenium.NoSuchElementException: Unable to locate element: //li[@id='city_5']/i
For documentation on this error, please visit: https://www.selenium.dev/documentation/webdriver/troubleshooting/errors#no-such-element-exception
Build info: version: '4.10.0', revision: 'c14d967899'
System info: os.name: 'Linux', os.arch: 'amd64', os.version: '6.2.0-39-generic', java.version: '18.0.2-ea'
Driver info: org.openqa.selenium.firefox.FirefoxDriver
Command: [9ad7a0bc-b90b-473d-89f5-c72f6ce7faa0, findElement {using=xpath, value=//li[@id='city_5']/i}]
Capabilities {acceptInsecureCerts: true, browserName: firefox, browserVersion: 121.0, moz:accessibilityChecks: false, moz:buildID: 20231220184444, moz:debuggerAddress: 127.0.0.1:2266, moz:geckodriverVersion: 0.33.0, moz:headless: false, moz:platformVersion: 6.2.0-39-generic, moz:processID: 1217703, moz:profile: /tmp/rust_mozprofileWURFkL, moz:shutdownTimeout: 60000, moz:webdriverClick: true, moz:windowless: false, pageLoadStrategy: normal, platformName: linux, proxy: Proxy(), se:cdp: ws://127.0.0.1:2266/devtool..., se:cdpVersion: 85.0, setWindowRect: true, strictFileInteractability: false, timeouts: {implicit: 0, pageLoad: 300000, script: 30000}, unhandledPromptBehavior: dismiss and notify}
Session ID: 9ad7a0bc-b90b-473d-89f5-c72f6ce7faa0
at org.openqa.selenium.remote.codec.w3c.W3CHttpResponseCodec.createException(W3CHttpResponseCodec.java:199)
at org.openqa.selenium.remote.codec.w3c.W3CHttpResponseCodec.decode(W3CHttpResponseCodec.java:132)
at org.openqa.selenium.remote.codec.w3c.W3CHttpResponseCodec.decode(W3CHttpResponseCodec.java:51)
at org.openqa.selenium.remote.HttpCommandExecutor.execute(HttpCommandExecutor.java:191)
at org.openqa.selenium.remote.service.DriverCommandExecutor.invokeExecute(DriverCommandExecutor.java:196)
at org.openqa.selenium.remote.service.DriverCommandExecutor.execute(DriverCommandExecutor.java:171)
at org.openqa.selenium.remote.RemoteWebDriver.execute(RemoteWebDriver.java:531)
at org.openqa.selenium.remote.ElementLocation$ElementFinder$2.findElement(ElementLocation.java:165)
at org.openqa.selenium.remote.ElementLocation.findElement(ElementLocation.java:59)
at org.openqa.selenium.remote.RemoteWebDriver.findElement(RemoteWebDriver.java:350)
at org.openqa.selenium.remote.RemoteWebDriver.findElement(RemoteWebDriver.java:344)
at com.selenium.SiteConfig.OpenTreeNinthTime(SiteConfig.java:573)
at java.base/java.util.ArrayList.forEach(ArrayList.java:1511)
... Removed 32 stack frames]]>
    </failure>
  </testcase> <!-- OpenTreeNinthTime -->
  <testcase classname="com.selenium.SiteConfig" name="controllerDetailsView" time="2.007">
    <failure type="org.openqa.selenium.NoSuchElementException" message="Unable to locate element: //a[@id=&amp;apos;ftControllerID_2_anchor&amp;apos;]
For documentation on this error, please visit: https://www.selenium.dev/documentation/webdriver/troubleshooting/errors#no-such-element-exception
Build info: version: &amp;apos;4.10.0&amp;apos;, revision: &amp;apos;c14d967899&amp;apos;
System info: os.name: &amp;apos;Linux&amp;apos;, os.arch: &amp;apos;amd64&amp;apos;, os.version: &amp;apos;6.2.0-39-generic&amp;apos;, java.version: &amp;apos;18.0.2-ea&amp;apos;
Driver info: org.openqa.selenium.firefox.FirefoxDriver
Command: [9ad7a0bc-b90b-473d-89f5-c72f6ce7faa0, findElement {using=xpath, value=//a[@id=&amp;apos;ftControllerID_2_anchor&amp;apos;]}]
Capabilities {acceptInsecureCerts: true, browserName: firefox, browserVersion: 121.0, moz:accessibilityChecks: false, moz:buildID: 20231220184444, moz:debuggerAddress: 127.0.0.1:2266, moz:geckodriverVersion: 0.33.0, moz:headless: false, moz:platformVersion: 6.2.0-39-generic, moz:processID: 1217703, moz:profile: /tmp/rust_mozprofileWURFkL, moz:shutdownTimeout: 60000, moz:webdriverClick: true, moz:windowless: false, pageLoadStrategy: normal, platformName: linux, proxy: Proxy(), se:cdp: ws://127.0.0.1:2266/devtool..., se:cdpVersion: 85.0, setWindowRect: true, strictFileInteractability: false, timeouts: {implicit: 0, pageLoad: 300000, script: 30000}, unhandledPromptBehavior: dismiss and notify}
Session ID: 9ad7a0bc-b90b-473d-89f5-c72f6ce7faa0">
      <![CDATA[org.openqa.selenium.NoSuchElementException: Unable to locate element: //a[@id='ftControllerID_2_anchor']
For documentation on this error, please visit: https://www.selenium.dev/documentation/webdriver/troubleshooting/errors#no-such-element-exception
Build info: version: '4.10.0', revision: 'c14d967899'
System info: os.name: 'Linux', os.arch: 'amd64', os.version: '6.2.0-39-generic', java.version: '18.0.2-ea'
Driver info: org.openqa.selenium.firefox.FirefoxDriver
Command: [9ad7a0bc-b90b-473d-89f5-c72f6ce7faa0, findElement {using=xpath, value=//a[@id='ftControllerID_2_anchor']}]
Capabilities {acceptInsecureCerts: true, browserName: firefox, browserVersion: 121.0, moz:accessibilityChecks: false, moz:buildID: 20231220184444, moz:debuggerAddress: 127.0.0.1:2266, moz:geckodriverVersion: 0.33.0, moz:headless: false, moz:platformVersion: 6.2.0-39-generic, moz:processID: 1217703, moz:profile: /tmp/rust_mozprofileWURFkL, moz:shutdownTimeout: 60000, moz:webdriverClick: true, moz:windowless: false, pageLoadStrategy: normal, platformName: linux, proxy: Proxy(), se:cdp: ws://127.0.0.1:2266/devtool..., se:cdpVersion: 85.0, setWindowRect: true, strictFileInteractability: false, timeouts: {implicit: 0, pageLoad: 300000, script: 30000}, unhandledPromptBehavior: dismiss and notify}
Session ID: 9ad7a0bc-b90b-473d-89f5-c72f6ce7faa0
at org.openqa.selenium.remote.codec.w3c.W3CHttpResponseCodec.createException(W3CHttpResponseCodec.java:199)
at org.openqa.selenium.remote.codec.w3c.W3CHttpResponseCodec.decode(W3CHttpResponseCodec.java:132)
at org.openqa.selenium.remote.codec.w3c.W3CHttpResponseCodec.decode(W3CHttpResponseCodec.java:51)
at org.openqa.selenium.remote.HttpCommandExecutor.execute(HttpCommandExecutor.java:191)
at org.openqa.selenium.remote.service.DriverCommandExecutor.invokeExecute(DriverCommandExecutor.java:196)
at org.openqa.selenium.remote.service.DriverCommandExecutor.execute(DriverCommandExecutor.java:171)
at org.openqa.selenium.remote.RemoteWebDriver.execute(RemoteWebDriver.java:531)
at org.openqa.selenium.remote.ElementLocation$ElementFinder$2.findElement(ElementLocation.java:165)
at org.openqa.selenium.remote.ElementLocation.findElement(ElementLocation.java:59)
at org.openqa.selenium.remote.RemoteWebDriver.findElement(RemoteWebDriver.java:350)
at org.openqa.selenium.remote.RemoteWebDriver.findElement(RemoteWebDriver.java:344)
at com.selenium.SiteConfig.controllerDetailsView(SiteConfig.java:593)
at java.base/java.util.ArrayList.forEach(ArrayList.java:1511)
... Removed 32 stack frames]]>
    </failure>
  </testcase> <!-- controllerDetailsView -->
  <testcase classname="com.selenium.SiteConfig" name="fasTagReaderUpdate" time="0.004"/>
  <testcase classname="com.selenium.SiteConfig" name="OpenTreeTenthTime" time="14.74">
    <failure type="org.openqa.selenium.NoSuchElementException" message="Unable to locate element: //*[@id=&amp;apos;site_56&amp;apos;]/ul
For documentation on this error, please visit: https://www.selenium.dev/documentation/webdriver/troubleshooting/errors#no-such-element-exception
Build info: version: &amp;apos;4.10.0&amp;apos;, revision: &amp;apos;c14d967899&amp;apos;
System info: os.name: &amp;apos;Linux&amp;apos;, os.arch: &amp;apos;amd64&amp;apos;, os.version: &amp;apos;6.2.0-39-generic&amp;apos;, java.version: &amp;apos;18.0.2-ea&amp;apos;
Driver info: org.openqa.selenium.firefox.FirefoxDriver
Command: [9ad7a0bc-b90b-473d-89f5-c72f6ce7faa0, findElement {using=xpath, value=//*[@id=&amp;apos;site_56&amp;apos;]/ul}]
Capabilities {acceptInsecureCerts: true, browserName: firefox, browserVersion: 121.0, moz:accessibilityChecks: false, moz:buildID: 20231220184444, moz:debuggerAddress: 127.0.0.1:2266, moz:geckodriverVersion: 0.33.0, moz:headless: false, moz:platformVersion: 6.2.0-39-generic, moz:processID: 1217703, moz:profile: /tmp/rust_mozprofileWURFkL, moz:shutdownTimeout: 60000, moz:webdriverClick: true, moz:windowless: false, pageLoadStrategy: normal, platformName: linux, proxy: Proxy(), se:cdp: ws://127.0.0.1:2266/devtool..., se:cdpVersion: 85.0, setWindowRect: true, strictFileInteractability: false, timeouts: {implicit: 0, pageLoad: 300000, script: 30000}, unhandledPromptBehavior: dismiss and notify}
Session ID: 9ad7a0bc-b90b-473d-89f5-c72f6ce7faa0">
      <![CDATA[org.openqa.selenium.NoSuchElementException: Unable to locate element: //*[@id='site_56']/ul
For documentation on this error, please visit: https://www.selenium.dev/documentation/webdriver/troubleshooting/errors#no-such-element-exception
Build info: version: '4.10.0', revision: 'c14d967899'
System info: os.name: 'Linux', os.arch: 'amd64', os.version: '6.2.0-39-generic', java.version: '18.0.2-ea'
Driver info: org.openqa.selenium.firefox.FirefoxDriver
Command: [9ad7a0bc-b90b-473d-89f5-c72f6ce7faa0, findElement {using=xpath, value=//*[@id='site_56']/ul}]
Capabilities {acceptInsecureCerts: true, browserName: firefox, browserVersion: 121.0, moz:accessibilityChecks: false, moz:buildID: 20231220184444, moz:debuggerAddress: 127.0.0.1:2266, moz:geckodriverVersion: 0.33.0, moz:headless: false, moz:platformVersion: 6.2.0-39-generic, moz:processID: 1217703, moz:profile: /tmp/rust_mozprofileWURFkL, moz:shutdownTimeout: 60000, moz:webdriverClick: true, moz:windowless: false, pageLoadStrategy: normal, platformName: linux, proxy: Proxy(), se:cdp: ws://127.0.0.1:2266/devtool..., se:cdpVersion: 85.0, setWindowRect: true, strictFileInteractability: false, timeouts: {implicit: 0, pageLoad: 300000, script: 30000}, unhandledPromptBehavior: dismiss and notify}
Session ID: 9ad7a0bc-b90b-473d-89f5-c72f6ce7faa0
at org.openqa.selenium.remote.codec.w3c.W3CHttpResponseCodec.createException(W3CHttpResponseCodec.java:199)
at org.openqa.selenium.remote.codec.w3c.W3CHttpResponseCodec.decode(W3CHttpResponseCodec.java:132)
at org.openqa.selenium.remote.codec.w3c.W3CHttpResponseCodec.decode(W3CHttpResponseCodec.java:51)
at org.openqa.selenium.remote.HttpCommandExecutor.execute(HttpCommandExecutor.java:191)
at org.openqa.selenium.remote.service.DriverCommandExecutor.invokeExecute(DriverCommandExecutor.java:196)
at org.openqa.selenium.remote.service.DriverCommandExecutor.execute(DriverCommandExecutor.java:171)
at org.openqa.selenium.remote.RemoteWebDriver.execute(RemoteWebDriver.java:531)
at org.openqa.selenium.remote.ElementLocation$ElementFinder$2.findElement(ElementLocation.java:165)
at org.openqa.selenium.remote.ElementLocation.findElement(ElementLocation.java:59)
at org.openqa.selenium.remote.RemoteWebDriver.findElement(RemoteWebDriver.java:350)
at org.openqa.selenium.remote.RemoteWebDriver.findElement(RemoteWebDriver.java:344)
at com.selenium.SiteConfig.OpenTreeTenthTime(SiteConfig.java:651)
at java.base/java.util.ArrayList.forEach(ArrayList.java:1511)
... Removed 32 stack frames]]>
    </failure>
  </testcase> <!-- OpenTreeTenthTime -->
</testsuite> <!-- SiteConfig -->
