<?xml version="1.0" encoding="UTF-8"?>
<!-- Generated by org.testng.reporters.JUnitXMLReporter -->
<testsuite ignored="0" hostname="iramtech-Vostro-3470" failures="0" tests="28" name="Users" time="100.215" errors="0" timestamp="2024-04-04T13:44:14 IST">
  <testcase classname="com.selenium.Users" name="login" time="3.804"/>
  <testcase classname="com.selenium.Users" name="revenueDashboard" time="5.184"/>
  <testcase classname="com.selenium.Users" name="userMgmtPage" time="3.372"/>
  <testcase classname="com.selenium.Users" name="clickAddUserButton" time="3.225"/>
  <testcase classname="com.selenium.Users" name="fillAndSubmitUserForm" time="0.41"/>
  <testcase classname="com.selenium.Users" name="clickSaveButton" time="3.272"/>
  <testcase classname="com.selenium.Users" name="extractPopupText" time="3.008"/>
  <testcase classname="com.selenium.Users" name="statusOK" time="5.006"/>
  <testcase classname="com.selenium.Users" name="addUsersPopUpClose" time="2.018"/>
  <testcase classname="com.selenium.Users" name="clickAddUserButtonTwice" time="8.008"/>
  <testcase classname="com.selenium.Users" name="verifyAdminUserDetailsInTable" time="5.007"/>
  <testcase classname="com.selenium.Users" name="fillAttederUserForm" time="0.049"/>
  <testcase classname="com.selenium.Users" name="clickAttenderSaveButton" time="3.014"/>
  <testcase classname="com.selenium.Users" name="extractPopupTextAttender" time="3.006"/>
  <testcase classname="com.selenium.Users" name="statusOKAttender" time="5.006"/>
  <testcase classname="com.selenium.Users" name="verifyAttenderUserDetailsInTable" time="5.006"/>
  <testcase classname="com.selenium.Users" name="verifyAdminActions" time="0.006"/>
  <testcase classname="com.selenium.Users" name="verifyAttenderUserEdit" time="0.062"/>
  <testcase classname="com.selenium.Users" name="verifyAttenderUserDelete" time="3.056"/>
  <testcase classname="com.selenium.Users" name="confirmAttenderDeleteAction" time="0.002"/>
  <testcase classname="com.selenium.Users" name="extractPopupTextDeleteAttender" time="8.006"/>
  <testcase classname="com.selenium.Users" name="statusOKDeleteAttender" time="5.007"/>
  <testcase classname="com.selenium.Users" name="verifyAttenderRoleDeletion" time="3.105"/>
  <testcase classname="com.selenium.Users" name="tableNextPage" time="3.015"/>
  <testcase classname="com.selenium.Users" name="searchAndVerifyAdminCount" time="7.091"/>
  <testcase classname="com.selenium.Users" name="downloadCSV" time="5.044"/>
  <testcase classname="com.selenium.Users" name="downloadPDF" time="3.064"/>
  <testcase classname="com.selenium.Users" name="logout" time="2.019"/>
</testsuite> <!-- Users -->
