<?xml version="1.0" encoding="UTF-8"?>
<!-- Generated by org.testng.reporters.JUnitXMLReporter -->
<testsuite ignored="0" hostname="iramtech-Vostro-3470" failures="0" tests="20" name="UserZoneAssignment" time="77.963" errors="0" timestamp="2024-04-04T13:47:24 IST">
  <testcase classname="com.selenium.UserZoneAssign" name="login" time="3.692"/>
  <testcase classname="com.selenium.UserZoneAssign" name="revenueDashboard" time="5.136"/>
  <testcase classname="com.selenium.UserZoneAssign" name="userMgmtPage" time="3.354"/>
  <testcase classname="com.selenium.UserZoneAssign" name="officerCount" time="5.34"/>
  <testcase classname="com.selenium.UserZoneAssign" name="searchOfficer" time="5.061"/>
  <testcase classname="com.selenium.UserZoneAssign" name="clickAddMoreOfficerButton" time="3.222"/>
  <testcase classname="com.selenium.UserZoneAssign" name="selectOfficerList" time="3.037"/>
  <testcase classname="com.selenium.UserZoneAssign" name="addMorePopUpClose" time="2.211"/>
  <testcase classname="com.selenium.UserZoneAssign" name="clickOperatorTab" time="5.219"/>
  <testcase classname="com.selenium.UserZoneAssign" name="operatorCount" time="5.312"/>
  <testcase classname="com.selenium.UserZoneAssign" name="searchOperator" time="3.057"/>
  <testcase classname="com.selenium.UserZoneAssign" name="selectOperatorList" time="3.011"/>
  <testcase classname="com.selenium.UserZoneAssign" name="addMoreOperatorPopUpClose" time="2.016"/>
  <testcase classname="com.selenium.UserZoneAssign" name="clickMonitorTab" time="5.222"/>
  <testcase classname="com.selenium.UserZoneAssign" name="monitorCount" time="5.314"/>
  <testcase classname="com.selenium.UserZoneAssign" name="searchMonitor" time="5.034"/>
  <testcase classname="com.selenium.UserZoneAssign" name="clickAddMoreMonitorButton" time="3.007"/>
  <testcase classname="com.selenium.UserZoneAssign" name="selectMonitor" time="3.018"/>
  <testcase classname="com.selenium.UserZoneAssign" name="addMoreMonitorPopUpClose" time="2.005"/>
  <testcase classname="com.selenium.UserZoneAssign" name="logout" time="2.308"/>
</testsuite> <!-- UserZoneAssignment -->
