<?xml version="1.0" encoding="UTF-8"?>
<!-- Generated by org.testng.reporters.JUnitXMLReporter -->
<testsuite ignored="0" hostname="iramtech-Vostro-3470" failures="0" tests="199" name="Surefire test" time="9.802" errors="0" timestamp="2024-02-01T13:16:57 IST">
  <testcase classname="com.selenium.POSReports" name="@BeforeClass setUp" time="9.538">
    <failure type="org.openqa.selenium.SessionNotCreatedException" message="Could not start a new session. Possible causes are invalid address of the remote server or browser start-up failure. 
Host info: host: &amp;apos;iramtech-Vostro-3470&amp;apos;, ip: &amp;apos;127.0.1.1&amp;apos;">
      <![CDATA[org.openqa.selenium.SessionNotCreatedException: Could not start a new session. Possible causes are invalid address of the remote server or browser start-up failure. 
Host info: host: 'iramtech-Vostro-3470', ip: '127.0.1.1'
at org.openqa.selenium.remote.RemoteWebDriver.execute(RemoteWebDriver.java:549)
at org.openqa.selenium.remote.RemoteWebDriver.startSession(RemoteWebDriver.java:227)
at org.openqa.selenium.remote.RemoteWebDriver.<init>(RemoteWebDriver.java:154)
at org.openqa.selenium.chromium.ChromiumDriver.<init>(ChromiumDriver.java:107)
at org.openqa.selenium.chrome.ChromeDriver.<init>(ChromeDriver.java:87)
at org.openqa.selenium.chrome.ChromeDriver.<init>(ChromeDriver.java:82)
at org.openqa.selenium.chrome.ChromeDriver.<init>(ChromeDriver.java:50)
at com.selenium.model.ServerCredentials.setBrowserDriver(ServerCredentials.java:56)
at com.selenium.POSReports.setUp(POSReports.java:41)
at java.base/java.util.ArrayList.forEach(ArrayList.java:1511)
Caused by: org.openqa.selenium.WebDriverException: Driver server process died prematurely.
Build info: version: '4.10.0', revision: 'c14d967899'
System info: os.name: 'Linux', os.arch: 'amd64', os.version: '6.2.0-39-generic', java.version: '18.0.2-ea'
Driver info: driver.version: ChromeDriver
at org.openqa.selenium.remote.service.DriverService.start(DriverService.java:249)
at org.openqa.selenium.remote.service.DriverCommandExecutor.execute(DriverCommandExecutor.java:119)
at org.openqa.selenium.remote.RemoteWebDriver.execute(RemoteWebDriver.java:531)
... 37 more
... Removed 28 stack frames]]>
    </failure>
  </testcase> <!-- @BeforeClass setUp -->
  <testcase classname="com.selenium.BaseTestReport" name="@AfterMethod getResult" time="0.0">
    <skipped/>
  </testcase> <!-- @AfterMethod getResult -->
  <testcase classname="com.selenium.BaseTestReport" name="@AfterMethod getResult" time="0.0">
    <skipped/>
  </testcase> <!-- @AfterMethod getResult -->
  <testcase classname="com.selenium.BaseTestReport" name="@AfterMethod getResult" time="0.0">
    <skipped/>
  </testcase> <!-- @AfterMethod getResult -->
  <testcase classname="com.selenium.BaseTestReport" name="@AfterMethod getResult" time="0.0">
    <skipped/>
  </testcase> <!-- @AfterMethod getResult -->
  <testcase classname="com.selenium.BaseTestReport" name="@AfterMethod getResult" time="0.0">
    <skipped/>
  </testcase> <!-- @AfterMethod getResult -->
  <testcase classname="com.selenium.BaseTestReport" name="@AfterMethod getResult" time="0.0">
    <skipped/>
  </testcase> <!-- @AfterMethod getResult -->
  <testcase classname="com.selenium.BaseTestReport" name="@AfterMethod getResult" time="0.0">
    <skipped/>
  </testcase> <!-- @AfterMethod getResult -->
  <testcase classname="com.selenium.BaseTestReport" name="@AfterMethod getResult" time="0.0">
    <skipped/>
  </testcase> <!-- @AfterMethod getResult -->
  <testcase classname="com.selenium.BaseTestReport" name="@AfterMethod getResult" time="0.0">
    <skipped/>
  </testcase> <!-- @AfterMethod getResult -->
  <testcase classname="com.selenium.BaseTestReport" name="@AfterMethod getResult" time="0.0">
    <skipped/>
  </testcase> <!-- @AfterMethod getResult -->
  <testcase classname="com.selenium.BaseTestReport" name="@AfterMethod getResult" time="0.0">
    <skipped/>
  </testcase> <!-- @AfterMethod getResult -->
  <testcase classname="com.selenium.BaseTestReport" name="@AfterMethod getResult" time="0.0">
    <skipped/>
  </testcase> <!-- @AfterMethod getResult -->
  <testcase classname="com.selenium.BaseTestReport" name="@AfterMethod getResult" time="0.0">
    <skipped/>
  </testcase> <!-- @AfterMethod getResult -->
  <testcase classname="com.selenium.BaseTestReport" name="@AfterMethod getResult" time="0.0">
    <skipped/>
  </testcase> <!-- @AfterMethod getResult -->
  <testcase classname="com.selenium.BaseTestReport" name="@AfterMethod getResult" time="0.0">
    <skipped/>
  </testcase> <!-- @AfterMethod getResult -->
  <testcase classname="com.selenium.BaseTestReport" name="@AfterMethod getResult" time="0.0">
    <skipped/>
  </testcase> <!-- @AfterMethod getResult -->
  <testcase classname="com.selenium.BaseTestReport" name="@AfterMethod getResult" time="0.0">
    <skipped/>
  </testcase> <!-- @AfterMethod getResult -->
  <testcase classname="com.selenium.BaseTestReport" name="@AfterMethod getResult" time="0.0">
    <skipped/>
  </testcase> <!-- @AfterMethod getResult -->
  <testcase classname="com.selenium.BaseTestReport" name="@AfterMethod getResult" time="0.0">
    <skipped/>
  </testcase> <!-- @AfterMethod getResult -->
  <testcase classname="com.selenium.BaseTestReport" name="@AfterMethod getResult" time="0.0">
    <skipped/>
  </testcase> <!-- @AfterMethod getResult -->
  <testcase classname="com.selenium.BaseTestReport" name="@AfterMethod getResult" time="0.0">
    <skipped/>
  </testcase> <!-- @AfterMethod getResult -->
  <testcase classname="com.selenium.BaseTestReport" name="@AfterMethod getResult" time="0.0">
    <skipped/>
  </testcase> <!-- @AfterMethod getResult -->
  <testcase classname="com.selenium.BaseTestReport" name="@AfterMethod getResult" time="0.0">
    <skipped/>
  </testcase> <!-- @AfterMethod getResult -->
  <testcase classname="com.selenium.BaseTestReport" name="@AfterMethod getResult" time="0.0">
    <skipped/>
  </testcase> <!-- @AfterMethod getResult -->
  <testcase classname="com.selenium.BaseTestReport" name="@AfterMethod getResult" time="0.0">
    <skipped/>
  </testcase> <!-- @AfterMethod getResult -->
  <testcase classname="com.selenium.BaseTestReport" name="@AfterMethod getResult" time="0.0">
    <skipped/>
  </testcase> <!-- @AfterMethod getResult -->
  <testcase classname="com.selenium.BaseTestReport" name="@AfterMethod getResult" time="0.0">
    <skipped/>
  </testcase> <!-- @AfterMethod getResult -->
  <testcase classname="com.selenium.BaseTestReport" name="@AfterMethod getResult" time="0.0">
    <skipped/>
  </testcase> <!-- @AfterMethod getResult -->
  <testcase classname="com.selenium.BaseTestReport" name="@AfterMethod getResult" time="0.0">
    <skipped/>
  </testcase> <!-- @AfterMethod getResult -->
  <testcase classname="com.selenium.BaseTestReport" name="@AfterMethod getResult" time="0.0">
    <skipped/>
  </testcase> <!-- @AfterMethod getResult -->
  <testcase classname="com.selenium.BaseTestReport" name="@AfterMethod getResult" time="0.0">
    <skipped/>
  </testcase> <!-- @AfterMethod getResult -->
  <testcase classname="com.selenium.BaseTestReport" name="@AfterMethod getResult" time="0.0">
    <skipped/>
  </testcase> <!-- @AfterMethod getResult -->
  <testcase classname="com.selenium.BaseTestReport" name="@AfterMethod getResult" time="0.0">
    <skipped/>
  </testcase> <!-- @AfterMethod getResult -->
  <testcase classname="com.selenium.BaseTestReport" name="@AfterMethod getResult" time="0.0">
    <skipped/>
  </testcase> <!-- @AfterMethod getResult -->
  <testcase classname="com.selenium.BaseTestReport" name="@AfterMethod getResult" time="0.0">
    <skipped/>
  </testcase> <!-- @AfterMethod getResult -->
  <testcase classname="com.selenium.BaseTestReport" name="@AfterMethod getResult" time="0.0">
    <skipped/>
  </testcase> <!-- @AfterMethod getResult -->
  <testcase classname="com.selenium.BaseTestReport" name="@AfterMethod getResult" time="0.0">
    <skipped/>
  </testcase> <!-- @AfterMethod getResult -->
  <testcase classname="com.selenium.BaseTestReport" name="@AfterMethod getResult" time="0.0">
    <skipped/>
  </testcase> <!-- @AfterMethod getResult -->
  <testcase classname="com.selenium.BaseTestReport" name="@AfterMethod getResult" time="0.0">
    <skipped/>
  </testcase> <!-- @AfterMethod getResult -->
  <testcase classname="com.selenium.BaseTestReport" name="@AfterMethod getResult" time="0.0">
    <skipped/>
  </testcase> <!-- @AfterMethod getResult -->
  <testcase classname="com.selenium.BaseTestReport" name="@AfterMethod getResult" time="0.0">
    <skipped/>
  </testcase> <!-- @AfterMethod getResult -->
  <testcase classname="com.selenium.BaseTestReport" name="@AfterMethod getResult" time="0.0">
    <skipped/>
  </testcase> <!-- @AfterMethod getResult -->
  <testcase classname="com.selenium.BaseTestReport" name="@AfterMethod getResult" time="0.0">
    <skipped/>
  </testcase> <!-- @AfterMethod getResult -->
  <testcase classname="com.selenium.BaseTestReport" name="@AfterMethod getResult" time="0.0">
    <skipped/>
  </testcase> <!-- @AfterMethod getResult -->
  <testcase classname="com.selenium.BaseTestReport" name="@AfterMethod getResult" time="0.0">
    <skipped/>
  </testcase> <!-- @AfterMethod getResult -->
  <testcase classname="com.selenium.BaseTestReport" name="@AfterMethod getResult" time="0.0">
    <skipped/>
  </testcase> <!-- @AfterMethod getResult -->
  <testcase classname="com.selenium.BaseTestReport" name="@AfterMethod getResult" time="0.0">
    <skipped/>
  </testcase> <!-- @AfterMethod getResult -->
  <testcase classname="com.selenium.BaseTestReport" name="@AfterMethod getResult" time="0.0">
    <skipped/>
  </testcase> <!-- @AfterMethod getResult -->
  <testcase classname="com.selenium.BaseTestReport" name="@AfterMethod getResult" time="0.0">
    <skipped/>
  </testcase> <!-- @AfterMethod getResult -->
  <testcase classname="com.selenium.BaseTestReport" name="@AfterMethod getResult" time="0.0">
    <skipped/>
  </testcase> <!-- @AfterMethod getResult -->
  <testcase classname="com.selenium.BaseTestReport" name="@AfterMethod getResult" time="0.0">
    <skipped/>
  </testcase> <!-- @AfterMethod getResult -->
  <testcase classname="com.selenium.BaseTestReport" name="@AfterMethod getResult" time="0.0">
    <skipped/>
  </testcase> <!-- @AfterMethod getResult -->
  <testcase classname="com.selenium.BaseTestReport" name="@AfterMethod getResult" time="0.0">
    <skipped/>
  </testcase> <!-- @AfterMethod getResult -->
  <testcase classname="com.selenium.BaseTestReport" name="@AfterMethod getResult" time="0.0">
    <skipped/>
  </testcase> <!-- @AfterMethod getResult -->
  <testcase classname="com.selenium.BaseTestReport" name="@AfterMethod getResult" time="0.0">
    <skipped/>
  </testcase> <!-- @AfterMethod getResult -->
  <testcase classname="com.selenium.BaseTestReport" name="@AfterMethod getResult" time="0.0">
    <skipped/>
  </testcase> <!-- @AfterMethod getResult -->
  <testcase classname="com.selenium.BaseTestReport" name="@AfterMethod getResult" time="0.0">
    <skipped/>
  </testcase> <!-- @AfterMethod getResult -->
  <testcase classname="com.selenium.BaseTestReport" name="@AfterMethod getResult" time="0.0">
    <skipped/>
  </testcase> <!-- @AfterMethod getResult -->
  <testcase classname="com.selenium.BaseTestReport" name="@AfterMethod getResult" time="0.0">
    <skipped/>
  </testcase> <!-- @AfterMethod getResult -->
  <testcase classname="com.selenium.BaseTestReport" name="@AfterMethod getResult" time="0.0">
    <skipped/>
  </testcase> <!-- @AfterMethod getResult -->
  <testcase classname="com.selenium.BaseTestReport" name="@AfterMethod getResult" time="0.0">
    <skipped/>
  </testcase> <!-- @AfterMethod getResult -->
  <testcase classname="com.selenium.BaseTestReport" name="@AfterMethod getResult" time="0.0">
    <skipped/>
  </testcase> <!-- @AfterMethod getResult -->
  <testcase classname="com.selenium.BaseTestReport" name="@AfterMethod getResult" time="0.0">
    <skipped/>
  </testcase> <!-- @AfterMethod getResult -->
  <testcase classname="com.selenium.BaseTestReport" name="@AfterMethod getResult" time="0.0">
    <skipped/>
  </testcase> <!-- @AfterMethod getResult -->
  <testcase classname="com.selenium.BaseTestReport" name="@AfterMethod getResult" time="0.0">
    <skipped/>
  </testcase> <!-- @AfterMethod getResult -->
  <testcase classname="com.selenium.BaseTestReport" name="@AfterMethod getResult" time="0.0">
    <skipped/>
  </testcase> <!-- @AfterMethod getResult -->
  <testcase classname="com.selenium.BaseTestReport" name="@AfterMethod getResult" time="0.0">
    <skipped/>
  </testcase> <!-- @AfterMethod getResult -->
  <testcase classname="com.selenium.BaseTestReport" name="@AfterMethod getResult" time="0.0">
    <skipped/>
  </testcase> <!-- @AfterMethod getResult -->
  <testcase classname="com.selenium.BaseTestReport" name="@AfterMethod getResult" time="0.0">
    <skipped/>
  </testcase> <!-- @AfterMethod getResult -->
  <testcase classname="com.selenium.BaseTestReport" name="@AfterMethod getResult" time="0.0">
    <skipped/>
  </testcase> <!-- @AfterMethod getResult -->
  <testcase classname="com.selenium.BaseTestReport" name="@AfterMethod getResult" time="0.0">
    <skipped/>
  </testcase> <!-- @AfterMethod getResult -->
  <testcase classname="com.selenium.BaseTestReport" name="@AfterMethod getResult" time="0.0">
    <skipped/>
  </testcase> <!-- @AfterMethod getResult -->
  <testcase classname="com.selenium.BaseTestReport" name="@AfterMethod getResult" time="0.0">
    <skipped/>
  </testcase> <!-- @AfterMethod getResult -->
  <testcase classname="com.selenium.BaseTestReport" name="@AfterMethod getResult" time="0.0">
    <skipped/>
  </testcase> <!-- @AfterMethod getResult -->
  <testcase classname="com.selenium.BaseTestReport" name="@AfterMethod getResult" time="0.0">
    <skipped/>
  </testcase> <!-- @AfterMethod getResult -->
  <testcase classname="com.selenium.BaseTestReport" name="@AfterMethod getResult" time="0.0">
    <skipped/>
  </testcase> <!-- @AfterMethod getResult -->
  <testcase classname="com.selenium.BaseTestReport" name="@AfterMethod getResult" time="0.0">
    <skipped/>
  </testcase> <!-- @AfterMethod getResult -->
  <testcase classname="com.selenium.BaseTestReport" name="@AfterMethod getResult" time="0.0">
    <skipped/>
  </testcase> <!-- @AfterMethod getResult -->
  <testcase classname="com.selenium.BaseTestReport" name="@AfterMethod getResult" time="0.0">
    <skipped/>
  </testcase> <!-- @AfterMethod getResult -->
  <testcase classname="com.selenium.BaseTestReport" name="@AfterMethod getResult" time="0.0">
    <skipped/>
  </testcase> <!-- @AfterMethod getResult -->
  <testcase classname="com.selenium.BaseTestReport" name="@AfterMethod getResult" time="0.0">
    <skipped/>
  </testcase> <!-- @AfterMethod getResult -->
  <testcase classname="com.selenium.BaseTestReport" name="@AfterMethod getResult" time="0.0">
    <skipped/>
  </testcase> <!-- @AfterMethod getResult -->
  <testcase classname="com.selenium.BaseTestReport" name="@AfterMethod getResult" time="0.0">
    <skipped/>
  </testcase> <!-- @AfterMethod getResult -->
  <testcase classname="com.selenium.BaseTestReport" name="@AfterMethod getResult" time="0.0">
    <skipped/>
  </testcase> <!-- @AfterMethod getResult -->
  <testcase classname="com.selenium.BaseTestReport" name="@AfterMethod getResult" time="0.0">
    <skipped/>
  </testcase> <!-- @AfterMethod getResult -->
  <testcase classname="com.selenium.BaseTestReport" name="@AfterMethod getResult" time="0.0">
    <skipped/>
  </testcase> <!-- @AfterMethod getResult -->
  <testcase classname="com.selenium.BaseTestReport" name="@AfterMethod getResult" time="0.0">
    <skipped/>
  </testcase> <!-- @AfterMethod getResult -->
  <testcase classname="com.selenium.BaseTestReport" name="@AfterMethod getResult" time="0.0">
    <skipped/>
  </testcase> <!-- @AfterMethod getResult -->
  <testcase classname="com.selenium.BaseTestReport" name="@AfterMethod getResult" time="0.0">
    <skipped/>
  </testcase> <!-- @AfterMethod getResult -->
  <testcase classname="com.selenium.BaseTestReport" name="@AfterMethod getResult" time="0.0">
    <skipped/>
  </testcase> <!-- @AfterMethod getResult -->
  <testcase classname="com.selenium.BaseTestReport" name="@AfterMethod getResult" time="0.0">
    <skipped/>
  </testcase> <!-- @AfterMethod getResult -->
  <testcase classname="com.selenium.BaseTestReport" name="@AfterMethod getResult" time="0.0">
    <skipped/>
  </testcase> <!-- @AfterMethod getResult -->
  <testcase classname="com.selenium.BaseTestReport" name="@AfterMethod getResult" time="0.0">
    <skipped/>
  </testcase> <!-- @AfterMethod getResult -->
  <testcase classname="com.selenium.BaseTestReport" name="@AfterMethod getResult" time="0.0">
    <skipped/>
  </testcase> <!-- @AfterMethod getResult -->
  <testcase classname="com.selenium.BaseTestReport" name="@AfterMethod getResult" time="0.0">
    <skipped/>
  </testcase> <!-- @AfterMethod getResult -->
  <testcase classname="com.selenium.BaseTestReport" name="@AfterMethod getResult" time="0.0">
    <skipped/>
  </testcase> <!-- @AfterMethod getResult -->
  <testcase classname="com.selenium.BaseTestReport" name="@AfterMethod getResult" time="0.0">
    <skipped/>
  </testcase> <!-- @AfterMethod getResult -->
  <testcase classname="com.selenium.BaseTestReport" name="@AfterMethod getResult" time="0.0">
    <skipped/>
  </testcase> <!-- @AfterMethod getResult -->
  <testcase classname="com.selenium.BaseTestReport" name="@AfterMethod getResult" time="0.0">
    <skipped/>
  </testcase> <!-- @AfterMethod getResult -->
  <testcase classname="com.selenium.BaseTestReport" name="@AfterMethod getResult" time="0.0">
    <skipped/>
  </testcase> <!-- @AfterMethod getResult -->
  <testcase classname="com.selenium.BaseTestReport" name="@AfterMethod getResult" time="0.0">
    <skipped/>
  </testcase> <!-- @AfterMethod getResult -->
  <testcase classname="com.selenium.BaseTestReport" name="@AfterMethod getResult" time="0.0">
    <skipped/>
  </testcase> <!-- @AfterMethod getResult -->
  <testcase classname="com.selenium.BaseTestReport" name="@AfterMethod getResult" time="0.0">
    <skipped/>
  </testcase> <!-- @AfterMethod getResult -->
  <testcase classname="com.selenium.BaseTestReport" name="@AfterMethod getResult" time="0.0">
    <skipped/>
  </testcase> <!-- @AfterMethod getResult -->
  <testcase classname="com.selenium.BaseTestReport" name="@AfterMethod getResult" time="0.0">
    <skipped/>
  </testcase> <!-- @AfterMethod getResult -->
  <testcase classname="com.selenium.BaseTestReport" name="@AfterMethod getResult" time="0.0">
    <skipped/>
  </testcase> <!-- @AfterMethod getResult -->
  <testcase classname="com.selenium.BaseTestReport" name="@AfterMethod getResult" time="0.0">
    <skipped/>
  </testcase> <!-- @AfterMethod getResult -->
  <testcase classname="com.selenium.BaseTestReport" name="@AfterMethod getResult" time="0.0">
    <skipped/>
  </testcase> <!-- @AfterMethod getResult -->
  <testcase classname="com.selenium.BaseTestReport" name="@AfterMethod getResult" time="0.0">
    <skipped/>
  </testcase> <!-- @AfterMethod getResult -->
  <testcase classname="com.selenium.BaseTestReport" name="@AfterMethod getResult" time="0.0">
    <skipped/>
  </testcase> <!-- @AfterMethod getResult -->
  <testcase classname="com.selenium.BaseTestReport" name="@AfterMethod getResult" time="0.0">
    <skipped/>
  </testcase> <!-- @AfterMethod getResult -->
  <testcase classname="com.selenium.BaseTestReport" name="@AfterMethod getResult" time="0.0">
    <skipped/>
  </testcase> <!-- @AfterMethod getResult -->
  <testcase classname="com.selenium.BaseTestReport" name="@AfterMethod getResult" time="0.0">
    <skipped/>
  </testcase> <!-- @AfterMethod getResult -->
  <testcase classname="com.selenium.BaseTestReport" name="@AfterMethod getResult" time="0.0">
    <skipped/>
  </testcase> <!-- @AfterMethod getResult -->
  <testcase classname="com.selenium.BaseTestReport" name="@AfterMethod getResult" time="0.0">
    <skipped/>
  </testcase> <!-- @AfterMethod getResult -->
  <testcase classname="com.selenium.BaseTestReport" name="@AfterMethod getResult" time="0.0">
    <skipped/>
  </testcase> <!-- @AfterMethod getResult -->
  <testcase classname="com.selenium.BaseTestReport" name="@AfterMethod getResult" time="0.0">
    <skipped/>
  </testcase> <!-- @AfterMethod getResult -->
  <testcase classname="com.selenium.BaseTestReport" name="@AfterMethod getResult" time="0.0">
    <skipped/>
  </testcase> <!-- @AfterMethod getResult -->
  <testcase classname="com.selenium.BaseTestReport" name="@AfterMethod getResult" time="0.0">
    <skipped/>
  </testcase> <!-- @AfterMethod getResult -->
  <testcase classname="com.selenium.BaseTestReport" name="@AfterMethod getResult" time="0.0">
    <skipped/>
  </testcase> <!-- @AfterMethod getResult -->
  <testcase classname="com.selenium.BaseTestReport" name="@AfterMethod getResult" time="0.0">
    <skipped/>
  </testcase> <!-- @AfterMethod getResult -->
  <testcase classname="com.selenium.BaseTestReport" name="@AfterMethod getResult" time="0.0">
    <skipped/>
  </testcase> <!-- @AfterMethod getResult -->
  <testcase classname="com.selenium.BaseTestReport" name="@AfterMethod getResult" time="0.0">
    <skipped/>
  </testcase> <!-- @AfterMethod getResult -->
  <testcase classname="com.selenium.BaseTestReport" name="@AfterMethod getResult" time="0.0">
    <skipped/>
  </testcase> <!-- @AfterMethod getResult -->
  <testcase classname="com.selenium.BaseTestReport" name="@AfterMethod getResult" time="0.0">
    <skipped/>
  </testcase> <!-- @AfterMethod getResult -->
  <testcase classname="com.selenium.BaseTestReport" name="@AfterMethod getResult" time="0.0">
    <skipped/>
  </testcase> <!-- @AfterMethod getResult -->
  <testcase classname="com.selenium.BaseTestReport" name="@AfterMethod getResult" time="0.0">
    <skipped/>
  </testcase> <!-- @AfterMethod getResult -->
  <testcase classname="com.selenium.BaseTestReport" name="@AfterMethod getResult" time="0.0">
    <skipped/>
  </testcase> <!-- @AfterMethod getResult -->
  <testcase classname="com.selenium.BaseTestReport" name="@AfterMethod getResult" time="0.0">
    <skipped/>
  </testcase> <!-- @AfterMethod getResult -->
  <testcase classname="com.selenium.BaseTestReport" name="@AfterMethod getResult" time="0.0">
    <skipped/>
  </testcase> <!-- @AfterMethod getResult -->
  <testcase classname="com.selenium.BaseTestReport" name="@AfterMethod getResult" time="0.0">
    <skipped/>
  </testcase> <!-- @AfterMethod getResult -->
  <testcase classname="com.selenium.BaseTestReport" name="@AfterMethod getResult" time="0.0">
    <skipped/>
  </testcase> <!-- @AfterMethod getResult -->
  <testcase classname="com.selenium.BaseTestReport" name="@AfterMethod getResult" time="0.0">
    <skipped/>
  </testcase> <!-- @AfterMethod getResult -->
  <testcase classname="com.selenium.BaseTestReport" name="@AfterMethod getResult" time="0.0">
    <skipped/>
  </testcase> <!-- @AfterMethod getResult -->
  <testcase classname="com.selenium.BaseTestReport" name="@AfterMethod getResult" time="0.0">
    <skipped/>
  </testcase> <!-- @AfterMethod getResult -->
  <testcase classname="com.selenium.BaseTestReport" name="@AfterMethod getResult" time="0.0">
    <skipped/>
  </testcase> <!-- @AfterMethod getResult -->
  <testcase classname="com.selenium.BaseTestReport" name="@AfterMethod getResult" time="0.0">
    <skipped/>
  </testcase> <!-- @AfterMethod getResult -->
  <testcase classname="com.selenium.BaseTestReport" name="@AfterMethod getResult" time="0.0">
    <skipped/>
  </testcase> <!-- @AfterMethod getResult -->
  <testcase classname="com.selenium.BaseTestReport" name="@AfterMethod getResult" time="0.0">
    <skipped/>
  </testcase> <!-- @AfterMethod getResult -->
  <testcase classname="com.selenium.BaseTestReport" name="@AfterMethod getResult" time="0.0">
    <skipped/>
  </testcase> <!-- @AfterMethod getResult -->
  <testcase classname="com.selenium.BaseTestReport" name="@AfterMethod getResult" time="0.0">
    <skipped/>
  </testcase> <!-- @AfterMethod getResult -->
  <testcase classname="com.selenium.BaseTestReport" name="@AfterMethod getResult" time="0.0">
    <skipped/>
  </testcase> <!-- @AfterMethod getResult -->
  <testcase classname="com.selenium.BaseTestReport" name="@AfterMethod getResult" time="0.0">
    <skipped/>
  </testcase> <!-- @AfterMethod getResult -->
  <testcase classname="com.selenium.BaseTestReport" name="@AfterMethod getResult" time="0.0">
    <skipped/>
  </testcase> <!-- @AfterMethod getResult -->
  <testcase classname="com.selenium.BaseTestReport" name="@AfterMethod getResult" time="0.0">
    <skipped/>
  </testcase> <!-- @AfterMethod getResult -->
  <testcase classname="com.selenium.BaseTestReport" name="@AfterMethod getResult" time="0.0">
    <skipped/>
  </testcase> <!-- @AfterMethod getResult -->
  <testcase classname="com.selenium.BaseTestReport" name="@AfterMethod getResult" time="0.0">
    <skipped/>
  </testcase> <!-- @AfterMethod getResult -->
  <testcase classname="com.selenium.BaseTestReport" name="@AfterMethod getResult" time="0.0">
    <skipped/>
  </testcase> <!-- @AfterMethod getResult -->
  <testcase classname="com.selenium.BaseTestReport" name="@AfterMethod getResult" time="0.0">
    <skipped/>
  </testcase> <!-- @AfterMethod getResult -->
  <testcase classname="com.selenium.BaseTestReport" name="@AfterMethod getResult" time="0.0">
    <skipped/>
  </testcase> <!-- @AfterMethod getResult -->
  <testcase classname="com.selenium.BaseTestReport" name="@AfterMethod getResult" time="0.0">
    <skipped/>
  </testcase> <!-- @AfterMethod getResult -->
  <testcase classname="com.selenium.BaseTestReport" name="@AfterMethod getResult" time="0.0">
    <skipped/>
  </testcase> <!-- @AfterMethod getResult -->
  <testcase classname="com.selenium.BaseTestReport" name="@AfterMethod getResult" time="0.0">
    <skipped/>
  </testcase> <!-- @AfterMethod getResult -->
  <testcase classname="com.selenium.BaseTestReport" name="@AfterMethod getResult" time="0.0">
    <skipped/>
  </testcase> <!-- @AfterMethod getResult -->
  <testcase classname="com.selenium.BaseTestReport" name="@AfterMethod getResult" time="0.0">
    <skipped/>
  </testcase> <!-- @AfterMethod getResult -->
  <testcase classname="com.selenium.BaseTestReport" name="@AfterMethod getResult" time="0.0">
    <skipped/>
  </testcase> <!-- @AfterMethod getResult -->
  <testcase classname="com.selenium.BaseTestReport" name="@AfterMethod getResult" time="0.0">
    <skipped/>
  </testcase> <!-- @AfterMethod getResult -->
  <testcase classname="com.selenium.BaseTestReport" name="@AfterMethod getResult" time="0.0">
    <skipped/>
  </testcase> <!-- @AfterMethod getResult -->
  <testcase classname="com.selenium.BaseTestReport" name="@AfterMethod getResult" time="0.0">
    <skipped/>
  </testcase> <!-- @AfterMethod getResult -->
  <testcase classname="com.selenium.BaseTestReport" name="@AfterMethod getResult" time="0.0">
    <skipped/>
  </testcase> <!-- @AfterMethod getResult -->
  <testcase classname="com.selenium.BaseTestReport" name="@AfterMethod getResult" time="0.0">
    <skipped/>
  </testcase> <!-- @AfterMethod getResult -->
  <testcase classname="com.selenium.BaseTestReport" name="@AfterMethod getResult" time="0.0">
    <skipped/>
  </testcase> <!-- @AfterMethod getResult -->
  <testcase classname="com.selenium.BaseTestReport" name="@AfterMethod getResult" time="0.0">
    <skipped/>
  </testcase> <!-- @AfterMethod getResult -->
  <testcase classname="com.selenium.BaseTestReport" name="@AfterMethod getResult" time="0.0">
    <skipped/>
  </testcase> <!-- @AfterMethod getResult -->
  <testcase classname="com.selenium.BaseTestReport" name="@AfterMethod getResult" time="0.0">
    <skipped/>
  </testcase> <!-- @AfterMethod getResult -->
  <testcase classname="com.selenium.BaseTestReport" name="@AfterMethod getResult" time="0.0">
    <skipped/>
  </testcase> <!-- @AfterMethod getResult -->
  <testcase classname="com.selenium.BaseTestReport" name="@AfterMethod getResult" time="0.0">
    <skipped/>
  </testcase> <!-- @AfterMethod getResult -->
  <testcase classname="com.selenium.BaseTestReport" name="@AfterMethod getResult" time="0.0">
    <skipped/>
  </testcase> <!-- @AfterMethod getResult -->
  <testcase classname="com.selenium.BaseTestReport" name="@AfterMethod getResult" time="0.0">
    <skipped/>
  </testcase> <!-- @AfterMethod getResult -->
  <testcase classname="com.selenium.BaseTestReport" name="@AfterMethod getResult" time="0.0">
    <skipped/>
  </testcase> <!-- @AfterMethod getResult -->
  <testcase classname="com.selenium.BaseTestReport" name="@AfterMethod getResult" time="0.0">
    <skipped/>
  </testcase> <!-- @AfterMethod getResult -->
  <testcase classname="com.selenium.BaseTestReport" name="@AfterMethod getResult" time="0.0">
    <skipped/>
  </testcase> <!-- @AfterMethod getResult -->
  <testcase classname="com.selenium.BaseTestReport" name="@AfterMethod getResult" time="0.0">
    <skipped/>
  </testcase> <!-- @AfterMethod getResult -->
  <testcase classname="com.selenium.BaseTestReport" name="@AfterMethod getResult" time="0.0">
    <skipped/>
  </testcase> <!-- @AfterMethod getResult -->
  <testcase classname="com.selenium.BaseTestReport" name="@AfterMethod getResult" time="0.0">
    <skipped/>
  </testcase> <!-- @AfterMethod getResult -->
  <testcase classname="com.selenium.BaseTestReport" name="@AfterMethod getResult" time="0.0">
    <skipped/>
  </testcase> <!-- @AfterMethod getResult -->
  <testcase classname="com.selenium.BaseTestReport" name="@AfterMethod getResult" time="0.0">
    <skipped/>
  </testcase> <!-- @AfterMethod getResult -->
  <testcase classname="com.selenium.BaseTestReport" name="@AfterMethod getResult" time="0.0">
    <skipped/>
  </testcase> <!-- @AfterMethod getResult -->
  <testcase classname="com.selenium.BaseTestReport" name="@AfterMethod getResult" time="0.0">
    <skipped/>
  </testcase> <!-- @AfterMethod getResult -->
  <testcase classname="com.selenium.BaseTestReport" name="@AfterMethod getResult" time="0.0">
    <skipped/>
  </testcase> <!-- @AfterMethod getResult -->
  <testcase classname="com.selenium.BaseTestReport" name="@AfterMethod getResult" time="0.0">
    <skipped/>
  </testcase> <!-- @AfterMethod getResult -->
  <testcase classname="com.selenium.BaseTestReport" name="@AfterMethod getResult" time="0.0">
    <skipped/>
  </testcase> <!-- @AfterMethod getResult -->
  <testcase classname="com.selenium.BaseTestReport" name="@AfterMethod getResult" time="0.0">
    <skipped/>
  </testcase> <!-- @AfterMethod getResult -->
  <testcase classname="com.selenium.BaseTestReport" name="@AfterMethod getResult" time="0.0">
    <skipped/>
  </testcase> <!-- @AfterMethod getResult -->
  <testcase classname="com.selenium.BaseTestReport" name="@AfterMethod getResult" time="0.0">
    <skipped/>
  </testcase> <!-- @AfterMethod getResult -->
  <testcase classname="com.selenium.BaseTestReport" name="@AfterMethod getResult" time="0.0">
    <skipped/>
  </testcase> <!-- @AfterMethod getResult -->
  <testcase classname="com.selenium.BaseTestReport" name="@AfterMethod getResult" time="0.0">
    <skipped/>
  </testcase> <!-- @AfterMethod getResult -->
  <testcase classname="com.selenium.BaseTestReport" name="@AfterMethod getResult" time="0.0">
    <skipped/>
  </testcase> <!-- @AfterMethod getResult -->
  <testcase classname="com.selenium.BaseTestReport" name="@AfterMethod getResult" time="0.0">
    <skipped/>
  </testcase> <!-- @AfterMethod getResult -->
  <testcase classname="com.selenium.BaseTestReport" name="@AfterMethod getResult" time="0.0">
    <skipped/>
  </testcase> <!-- @AfterMethod getResult -->
  <testcase classname="com.selenium.BaseTestReport" name="@AfterMethod getResult" time="0.0">
    <skipped/>
  </testcase> <!-- @AfterMethod getResult -->
  <testcase classname="com.selenium.BaseTestReport" name="@AfterMethod getResult" time="0.0">
    <skipped/>
  </testcase> <!-- @AfterMethod getResult -->
  <testcase classname="com.selenium.BaseTestReport" name="@AfterMethod getResult" time="0.0">
    <skipped/>
  </testcase> <!-- @AfterMethod getResult -->
  <testcase classname="com.selenium.BaseTestReport" name="@AfterMethod getResult" time="0.0">
    <skipped/>
  </testcase> <!-- @AfterMethod getResult -->
  <testcase classname="com.selenium.BaseTestReport" name="@AfterMethod getResult" time="0.0">
    <skipped/>
  </testcase> <!-- @AfterMethod getResult -->
  <testcase classname="com.selenium.BaseTestReport" name="@AfterMethod getResult" time="0.0">
    <skipped/>
  </testcase> <!-- @AfterMethod getResult -->
  <testcase classname="com.selenium.BaseTestReport" name="@AfterMethod getResult" time="0.0">
    <skipped/>
  </testcase> <!-- @AfterMethod getResult -->
  <testcase classname="com.selenium.BaseTestReport" name="@AfterMethod getResult" time="0.0">
    <skipped/>
  </testcase> <!-- @AfterMethod getResult -->
  <testcase classname="com.selenium.BaseTestReport" name="@AfterMethod getResult" time="0.0">
    <skipped/>
  </testcase> <!-- @AfterMethod getResult -->
  <testcase classname="com.selenium.POSReports" name="@AfterClass tearDown" time="0.0">
    <skipped/>
  </testcase> <!-- @AfterClass tearDown -->
  <testcase classname="com.selenium.POSReports" name="login" time="0.0">
    <skipped/>
  </testcase> <!-- login -->
  <testcase classname="com.selenium.POSReports" name="revenueDashboardOpen" time="0.0">
    <skipped/>
  </testcase> <!-- revenueDashboardOpen -->
  <testcase classname="com.selenium.POSReports" name="posRevenuepage" time="0.0">
    <skipped/>
  </testcase> <!-- posRevenuepage -->
  <testcase classname="com.selenium.POSReports" name="posRevenueSelectSite" time="0.0">
    <skipped/>
  </testcase> <!-- posRevenueSelectSite -->
  <testcase classname="com.selenium.POSReports" name="posRevenuedatesEnabled" time="0.001">
    <skipped/>
  </testcase> <!-- posRevenuedatesEnabled -->
  <testcase classname="com.selenium.POSReports" name="selectPosRevenueStartDate" time="0.0">
    <skipped/>
  </testcase> <!-- selectPosRevenueStartDate -->
  <testcase classname="com.selenium.POSReports" name="selectReserveEndDate" time="0.0">
    <skipped/>
  </testcase> <!-- selectReserveEndDate -->
  <testcase classname="com.selenium.POSReports" name="posRevenueSelectTwoWheeler" time="0.0">
    <skipped/>
  </testcase> <!-- posRevenueSelectTwoWheeler -->
  <testcase classname="com.selenium.POSReports" name="posRevenueposNumber" time="0.0">
    <skipped/>
  </testcase> <!-- posRevenueposNumber -->
  <testcase classname="com.selenium.POSReports" name="posRevenueSubmitButtonTwo" time="0.0">
    <skipped/>
  </testcase> <!-- posRevenueSubmitButtonTwo -->
  <testcase classname="com.selenium.POSReports" name="posRevenueFormTwoW" time="0.0">
    <skipped/>
  </testcase> <!-- posRevenueFormTwoW -->
  <testcase classname="com.selenium.POSReports" name="posRevenueShiftMorningTwoW" time="0.0">
    <skipped/>
  </testcase> <!-- posRevenueShiftMorningTwoW -->
  <testcase classname="com.selenium.POSReports" name="posRevenueShiftEveningTwoW" time="0.0">
    <skipped/>
  </testcase> <!-- posRevenueShiftEveningTwoW -->
  <testcase classname="com.selenium.POSReports" name="posRevenueShiftAllTwoW" time="0.003">
    <skipped/>
  </testcase> <!-- posRevenueShiftAllTwoW -->
  <testcase classname="com.selenium.POSReports" name="posRevenueCSVTwoW" time="0.001">
    <skipped/>
  </testcase> <!-- posRevenueCSVTwoW -->
  <testcase classname="com.selenium.POSReports" name="posRevenuePDFTwoW" time="0.0">
    <skipped/>
  </testcase> <!-- posRevenuePDFTwoW -->
  <testcase classname="com.selenium.POSReports" name="posRevenuePopUPCloseTwoW" time="0.0">
    <skipped/>
  </testcase> <!-- posRevenuePopUPCloseTwoW -->
  <testcase classname="com.selenium.POSReports" name="twoWheelerPOSRevenue" time="0.0">
    <skipped/>
  </testcase> <!-- twoWheelerPOSRevenue -->
  <testcase classname="com.selenium.POSReports" name="posRevenueSelectFourWheeler" time="0.0">
    <skipped/>
  </testcase> <!-- posRevenueSelectFourWheeler -->
  <testcase classname="com.selenium.POSReports" name="posRevenueSubmitBtnFourW" time="0.0">
    <skipped/>
  </testcase> <!-- posRevenueSubmitBtnFourW -->
  <testcase classname="com.selenium.POSReports" name="posRevenueFormFourW" time="0.0">
    <skipped/>
  </testcase> <!-- posRevenueFormFourW -->
  <testcase classname="com.selenium.POSReports" name="posRevenueShiftMorningFourW" time="0.0">
    <skipped/>
  </testcase> <!-- posRevenueShiftMorningFourW -->
  <testcase classname="com.selenium.POSReports" name="posRevenueShiftEveningFouW" time="0.0">
    <skipped/>
  </testcase> <!-- posRevenueShiftEveningFouW -->
  <testcase classname="com.selenium.POSReports" name="posRevenueShiftAllFourW" time="0.0">
    <skipped/>
  </testcase> <!-- posRevenueShiftAllFourW -->
  <testcase classname="com.selenium.POSReports" name="posRevenueCSVFourW" time="0.0">
    <skipped/>
  </testcase> <!-- posRevenueCSVFourW -->
  <testcase classname="com.selenium.POSReports" name="posRevenuePDFFourW" time="0.0">
    <skipped/>
  </testcase> <!-- posRevenuePDFFourW -->
  <testcase classname="com.selenium.POSReports" name="posRevenuePopUPCloseFourW" time="0.0">
    <skipped/>
  </testcase> <!-- posRevenuePopUPCloseFourW -->
  <testcase classname="com.selenium.POSReports" name="fourWheelerPOSRevenue" time="0.0">
    <skipped/>
  </testcase> <!-- fourWheelerPOSRevenue -->
  <testcase classname="com.selenium.POSReports" name="posRevenueSelectThreeWheeler" time="0.0">
    <skipped/>
  </testcase> <!-- posRevenueSelectThreeWheeler -->
  <testcase classname="com.selenium.POSReports" name="posRevenueSubmitBtnThreeW" time="0.0">
    <skipped/>
  </testcase> <!-- posRevenueSubmitBtnThreeW -->
  <testcase classname="com.selenium.POSReports" name="posRevenueFormThreeW" time="0.0">
    <skipped/>
  </testcase> <!-- posRevenueFormThreeW -->
  <testcase classname="com.selenium.POSReports" name="posRevenueShiftMorningThreeW" time="0.0">
    <skipped/>
  </testcase> <!-- posRevenueShiftMorningThreeW -->
  <testcase classname="com.selenium.POSReports" name="posRevenueShiftEveningThreeW" time="0.0">
    <skipped/>
  </testcase> <!-- posRevenueShiftEveningThreeW -->
  <testcase classname="com.selenium.POSReports" name="posRevenueShiftAllThreeW" time="0.0">
    <skipped/>
  </testcase> <!-- posRevenueShiftAllThreeW -->
  <testcase classname="com.selenium.POSReports" name="posRevenueCSVThreeW" time="0.001">
    <skipped/>
  </testcase> <!-- posRevenueCSVThreeW -->
  <testcase classname="com.selenium.POSReports" name="posRevenuePDFThreeW" time="0.0">
    <skipped/>
  </testcase> <!-- posRevenuePDFThreeW -->
  <testcase classname="com.selenium.POSReports" name="posRevenuePopUPCloseThreeW" time="0.0">
    <skipped/>
  </testcase> <!-- posRevenuePopUPCloseThreeW -->
  <testcase classname="com.selenium.POSReports" name="threeWheelerPOSRevenue" time="0.0">
    <skipped/>
  </testcase> <!-- threeWheelerPOSRevenue -->
  <testcase classname="com.selenium.POSReports" name="posRevenueSelectSixWheeler" time="0.0">
    <skipped/>
  </testcase> <!-- posRevenueSelectSixWheeler -->
  <testcase classname="com.selenium.POSReports" name="posRevenueSubmitBtnSixW" time="0.0">
    <skipped/>
  </testcase> <!-- posRevenueSubmitBtnSixW -->
  <testcase classname="com.selenium.POSReports" name="posRevenueFormSixW" time="0.0">
    <skipped/>
  </testcase> <!-- posRevenueFormSixW -->
  <testcase classname="com.selenium.POSReports" name="posRevenueShiftMorningSixW" time="0.0">
    <skipped/>
  </testcase> <!-- posRevenueShiftMorningSixW -->
  <testcase classname="com.selenium.POSReports" name="posRevenueShiftEveningSixW" time="0.0">
    <skipped/>
  </testcase> <!-- posRevenueShiftEveningSixW -->
  <testcase classname="com.selenium.POSReports" name="posRevenueShiftAllSixW" time="0.0">
    <skipped/>
  </testcase> <!-- posRevenueShiftAllSixW -->
  <testcase classname="com.selenium.POSReports" name="posRevenueCSVSixW" time="0.0">
    <skipped/>
  </testcase> <!-- posRevenueCSVSixW -->
  <testcase classname="com.selenium.POSReports" name="posRevenuePDFSixW" time="0.0">
    <skipped/>
  </testcase> <!-- posRevenuePDFSixW -->
  <testcase classname="com.selenium.POSReports" name="posRevenuePopUPCloseSixW" time="0.0">
    <skipped/>
  </testcase> <!-- posRevenuePopUPCloseSixW -->
  <testcase classname="com.selenium.POSReports" name="sixWheelerPOSRevenue" time="0.0">
    <skipped/>
  </testcase> <!-- sixWheelerPOSRevenue -->
  <testcase classname="com.selenium.POSReports" name="posRevenueSelectEightWheeler" time="0.0">
    <skipped/>
  </testcase> <!-- posRevenueSelectEightWheeler -->
  <testcase classname="com.selenium.POSReports" name="posRevenueSubmitBtnEightW" time="0.0">
    <skipped/>
  </testcase> <!-- posRevenueSubmitBtnEightW -->
  <testcase classname="com.selenium.POSReports" name="posRevenueFormEightW" time="0.0">
    <skipped/>
  </testcase> <!-- posRevenueFormEightW -->
  <testcase classname="com.selenium.POSReports" name="posRevenueShiftMorningEightW" time="0.0">
    <skipped/>
  </testcase> <!-- posRevenueShiftMorningEightW -->
  <testcase classname="com.selenium.POSReports" name="posRevenueShiftEveningEightW" time="0.0">
    <skipped/>
  </testcase> <!-- posRevenueShiftEveningEightW -->
  <testcase classname="com.selenium.POSReports" name="posRevenueShiftAllEightW" time="0.001">
    <skipped/>
  </testcase> <!-- posRevenueShiftAllEightW -->
  <testcase classname="com.selenium.POSReports" name="posRevenueCSVEightW" time="0.0">
    <skipped/>
  </testcase> <!-- posRevenueCSVEightW -->
  <testcase classname="com.selenium.POSReports" name="posRevenuePDFEightW" time="0.0">
    <skipped/>
  </testcase> <!-- posRevenuePDFEightW -->
  <testcase classname="com.selenium.POSReports" name="posRevenuePopUPCloseEightW" time="0.0">
    <skipped/>
  </testcase> <!-- posRevenuePopUPCloseEightW -->
  <testcase classname="com.selenium.POSReports" name="eightWheelerPOSRevenue" time="0.0">
    <skipped/>
  </testcase> <!-- eightWheelerPOSRevenue -->
  <testcase classname="com.selenium.POSReports" name="posRevenueSelectTenWheeler" time="0.0">
    <skipped/>
  </testcase> <!-- posRevenueSelectTenWheeler -->
  <testcase classname="com.selenium.POSReports" name="posRevenueSubmitBtnTenW" time="0.0">
    <skipped/>
  </testcase> <!-- posRevenueSubmitBtnTenW -->
  <testcase classname="com.selenium.POSReports" name="posRevenueFormTenW" time="0.0">
    <skipped/>
  </testcase> <!-- posRevenueFormTenW -->
  <testcase classname="com.selenium.POSReports" name="posRevenueShiftMorningTenW" time="0.0">
    <skipped/>
  </testcase> <!-- posRevenueShiftMorningTenW -->
  <testcase classname="com.selenium.POSReports" name="posRevenueShiftEveningTenW" time="0.0">
    <skipped/>
  </testcase> <!-- posRevenueShiftEveningTenW -->
  <testcase classname="com.selenium.POSReports" name="posRevenueShiftAllTenW" time="0.0">
    <skipped/>
  </testcase> <!-- posRevenueShiftAllTenW -->
  <testcase classname="com.selenium.POSReports" name="posRevenueCSVTenW" time="0.0">
    <skipped/>
  </testcase> <!-- posRevenueCSVTenW -->
  <testcase classname="com.selenium.POSReports" name="posRevenuePDFTenW" time="0.0">
    <skipped/>
  </testcase> <!-- posRevenuePDFTenW -->
  <testcase classname="com.selenium.POSReports" name="posRevenuePopUPCloseTenW" time="0.0">
    <skipped/>
  </testcase> <!-- posRevenuePopUPCloseTenW -->
  <testcase classname="com.selenium.POSReports" name="tenWheelerPOSRevenue" time="0.0">
    <skipped/>
  </testcase> <!-- tenWheelerPOSRevenue -->
  <testcase classname="com.selenium.POSReports" name="posRevenueSelectTwelveWheeler" time="0.0">
    <skipped/>
  </testcase> <!-- posRevenueSelectTwelveWheeler -->
  <testcase classname="com.selenium.POSReports" name="posRevenueSubmitBtnTwelveW" time="0.0">
    <skipped/>
  </testcase> <!-- posRevenueSubmitBtnTwelveW -->
  <testcase classname="com.selenium.POSReports" name="posRevenueFormTwelveW" time="0.0">
    <skipped/>
  </testcase> <!-- posRevenueFormTwelveW -->
  <testcase classname="com.selenium.POSReports" name="posRevenueShiftMorningTwelveW" time="0.0">
    <skipped/>
  </testcase> <!-- posRevenueShiftMorningTwelveW -->
  <testcase classname="com.selenium.POSReports" name="posRevenueShiftEveningTwelveW" time="0.0">
    <skipped/>
  </testcase> <!-- posRevenueShiftEveningTwelveW -->
  <testcase classname="com.selenium.POSReports" name="posRevenueShiftAllTwelveW" time="0.0">
    <skipped/>
  </testcase> <!-- posRevenueShiftAllTwelveW -->
  <testcase classname="com.selenium.POSReports" name="posRevenueCSVTwelveW" time="0.0">
    <skipped/>
  </testcase> <!-- posRevenueCSVTwelveW -->
  <testcase classname="com.selenium.POSReports" name="posRevenuePDFTwelveW" time="0.0">
    <skipped/>
  </testcase> <!-- posRevenuePDFTwelveW -->
  <testcase classname="com.selenium.POSReports" name="posRevenuePopUPCloseTwelveW" time="0.0">
    <skipped/>
  </testcase> <!-- posRevenuePopUPCloseTwelveW -->
  <testcase classname="com.selenium.POSReports" name="twelveWheelerPOSRevenue" time="0.0">
    <skipped/>
  </testcase> <!-- twelveWheelerPOSRevenue -->
  <testcase classname="com.selenium.POSReports" name="selectRevenueIOS" time="0.0">
    <skipped/>
  </testcase> <!-- selectRevenueIOS -->
  <testcase classname="com.selenium.POSReports" name="posRevenueSubmitBtnIOS" time="0.0">
    <skipped/>
  </testcase> <!-- posRevenueSubmitBtnIOS -->
  <testcase classname="com.selenium.POSReports" name="posRevenueFormIOS" time="0.0">
    <skipped/>
  </testcase> <!-- posRevenueFormIOS -->
  <testcase classname="com.selenium.POSReports" name="posRevenueShiftMorningIOS" time="0.0">
    <skipped/>
  </testcase> <!-- posRevenueShiftMorningIOS -->
  <testcase classname="com.selenium.POSReports" name="posRevenueShiftEveningIOS" time="0.0">
    <skipped/>
  </testcase> <!-- posRevenueShiftEveningIOS -->
  <testcase classname="com.selenium.POSReports" name="posRevenueShiftAllIOS" time="0.0">
    <skipped/>
  </testcase> <!-- posRevenueShiftAllIOS -->
  <testcase classname="com.selenium.POSReports" name="posRevenueCSVIOS" time="0.0">
    <skipped/>
  </testcase> <!-- posRevenueCSVIOS -->
  <testcase classname="com.selenium.POSReports" name="posRevenuePDFIOS" time="0.0">
    <skipped/>
  </testcase> <!-- posRevenuePDFIOS -->
  <testcase classname="com.selenium.POSReports" name="posRevenuePopUPCloseIOS" time="0.0">
    <skipped/>
  </testcase> <!-- posRevenuePopUPCloseIOS -->
  <testcase classname="com.selenium.POSReports" name="iOSPOSRevenue" time="0.0">
    <skipped/>
  </testcase> <!-- iOSPOSRevenue -->
  <testcase classname="com.selenium.POSReports" name="selectRevenueAndroid" time="0.0">
    <skipped/>
  </testcase> <!-- selectRevenueAndroid -->
  <testcase classname="com.selenium.POSReports" name="posRevenueSubmitBtnAndroid" time="0.0">
    <skipped/>
  </testcase> <!-- posRevenueSubmitBtnAndroid -->
  <testcase classname="com.selenium.POSReports" name="posRevenueFormAndroid" time="0.0">
    <skipped/>
  </testcase> <!-- posRevenueFormAndroid -->
  <testcase classname="com.selenium.POSReports" name="posRevenueShiftMorningAndroid" time="0.0">
    <skipped/>
  </testcase> <!-- posRevenueShiftMorningAndroid -->
  <testcase classname="com.selenium.POSReports" name="posRevenueShiftEveningAndroid" time="0.0">
    <skipped/>
  </testcase> <!-- posRevenueShiftEveningAndroid -->
  <testcase classname="com.selenium.POSReports" name="posRevenueShiftAllAndroid" time="0.0">
    <skipped/>
  </testcase> <!-- posRevenueShiftAllAndroid -->
  <testcase classname="com.selenium.POSReports" name="posRevenueCSVAndroid" time="0.0">
    <skipped/>
  </testcase> <!-- posRevenueCSVAndroid -->
  <testcase classname="com.selenium.POSReports" name="posRevenuePDFAndroid" time="0.0">
    <skipped/>
  </testcase> <!-- posRevenuePDFAndroid -->
  <testcase classname="com.selenium.POSReports" name="posRevenuePopUPCloseAndroid" time="0.0">
    <skipped/>
  </testcase> <!-- posRevenuePopUPCloseAndroid -->
  <testcase classname="com.selenium.POSReports" name="androidPOSRevenue" time="0.0">
    <skipped/>
  </testcase> <!-- androidPOSRevenue -->
  <testcase classname="com.selenium.POSReports" name="selectRevenueFasTag" time="0.001">
    <skipped/>
  </testcase> <!-- selectRevenueFasTag -->
  <testcase classname="com.selenium.POSReports" name="fasTagRevenueStatus" time="0.0">
    <skipped/>
  </testcase> <!-- fasTagRevenueStatus -->
  <testcase classname="com.selenium.POSReports" name="clickRevenueGotItBtn" time="0.0">
    <skipped/>
  </testcase> <!-- clickRevenueGotItBtn -->
  <testcase classname="com.selenium.POSReports" name="posRevenueSubmitBtnFastag" time="0.0">
    <skipped/>
  </testcase> <!-- posRevenueSubmitBtnFastag -->
  <testcase classname="com.selenium.POSReports" name="posRevenueFormFastTag" time="0.0">
    <skipped/>
  </testcase> <!-- posRevenueFormFastTag -->
  <testcase classname="com.selenium.POSReports" name="posRevenueShiftMorningFasTag" time="0.0">
    <skipped/>
  </testcase> <!-- posRevenueShiftMorningFasTag -->
  <testcase classname="com.selenium.POSReports" name="posRevenueShiftEveningFasTag" time="0.0">
    <skipped/>
  </testcase> <!-- posRevenueShiftEveningFasTag -->
  <testcase classname="com.selenium.POSReports" name="posRevenueShiftAllFasTag" time="0.0">
    <skipped/>
  </testcase> <!-- posRevenueShiftAllFasTag -->
  <testcase classname="com.selenium.POSReports" name="posRevenueCSVFasTag" time="0.0">
    <skipped/>
  </testcase> <!-- posRevenueCSVFasTag -->
  <testcase classname="com.selenium.POSReports" name="posRevenuePDFFasTag" time="0.0">
    <skipped/>
  </testcase> <!-- posRevenuePDFFasTag -->
  <testcase classname="com.selenium.POSReports" name="posRevenuePopUPCloseFasTag" time="0.0">
    <skipped/>
  </testcase> <!-- posRevenuePopUPCloseFasTag -->
  <testcase classname="com.selenium.POSReports" name="fasTagPOSRevenue" time="0.0">
    <skipped/>
  </testcase> <!-- fasTagPOSRevenue -->
  <testcase classname="com.selenium.POSReports" name="posTransactions" time="0.0">
    <skipped/>
  </testcase> <!-- posTransactions -->
  <testcase classname="com.selenium.POSReports" name="posTransactionsDateRange" time="0.0">
    <skipped/>
  </testcase> <!-- posTransactionsDateRange -->
  <testcase classname="com.selenium.POSReports" name="selectReservationStartDate" time="0.0">
    <skipped/>
  </testcase> <!-- selectReservationStartDate -->
  <testcase classname="com.selenium.POSReports" name="selectReservationEndDate" time="0.0">
    <skipped/>
  </testcase> <!-- selectReservationEndDate -->
  <testcase classname="com.selenium.POSReports" name="posTransTypeTwoEntry" time="0.001">
    <skipped/>
  </testcase> <!-- posTransTypeTwoEntry -->
  <testcase classname="com.selenium.POSReports" name="posVehicleTypeTwoWheeler" time="0.0">
    <skipped/>
  </testcase> <!-- posVehicleTypeTwoWheeler -->
  <testcase classname="com.selenium.POSReports" name="posTransactionSubmitButton" time="0.0">
    <skipped/>
  </testcase> <!-- posTransactionSubmitButton -->
  <testcase classname="com.selenium.POSReports" name="posTransactionForm" time="0.0">
    <skipped/>
  </testcase> <!-- posTransactionForm -->
  <testcase classname="com.selenium.POSReports" name="posTransactionCSVTwoEntry" time="0.0">
    <skipped/>
  </testcase> <!-- posTransactionCSVTwoEntry -->
  <testcase classname="com.selenium.POSReports" name="posTransactionsPDFTwoEntry" time="0.0">
    <skipped/>
  </testcase> <!-- posTransactionsPDFTwoEntry -->
  <testcase classname="com.selenium.POSReports" name="posTransPopUPCloseTwoEntry" time="0.0">
    <skipped/>
  </testcase> <!-- posTransPopUPCloseTwoEntry -->
  <testcase classname="com.selenium.POSReports" name="EntryPosTransTwoWheeler" time="0.0">
    <skipped/>
  </testcase> <!-- EntryPosTransTwoWheeler -->
  <testcase classname="com.selenium.POSReports" name="posTransTypeTwoExit" time="0.0">
    <skipped/>
  </testcase> <!-- posTransTypeTwoExit -->
  <testcase classname="com.selenium.POSReports" name="posTransactionSubmitBtnTwoExit" time="0.0">
    <skipped/>
  </testcase> <!-- posTransactionSubmitBtnTwoExit -->
  <testcase classname="com.selenium.POSReports" name="posTransactionsFormTwoExit" time="0.0">
    <skipped/>
  </testcase> <!-- posTransactionsFormTwoExit -->
  <testcase classname="com.selenium.POSReports" name="posTransactionCSVTwoExit" time="0.001">
    <skipped/>
  </testcase> <!-- posTransactionCSVTwoExit -->
  <testcase classname="com.selenium.POSReports" name="posTransactionPDFTwoExit" time="0.0">
    <skipped/>
  </testcase> <!-- posTransactionPDFTwoExit -->
  <testcase classname="com.selenium.POSReports" name="posTransPopUPCloseTwoExit" time="0.0">
    <skipped/>
  </testcase> <!-- posTransPopUPCloseTwoExit -->
  <testcase classname="com.selenium.POSReports" name="ExitPosTransTwoWheeler" time="0.0">
    <skipped/>
  </testcase> <!-- ExitPosTransTwoWheeler -->
  <testcase classname="com.selenium.POSReports" name="posTransTypeFourWheelerEntry" time="0.0">
    <skipped/>
  </testcase> <!-- posTransTypeFourWheelerEntry -->
  <testcase classname="com.selenium.POSReports" name="posVehicleTypeFourWheeler" time="0.0">
    <skipped/>
  </testcase> <!-- posVehicleTypeFourWheeler -->
  <testcase classname="com.selenium.POSReports" name="posTransactionSubmitBtnFourEntry" time="0.0">
    <skipped/>
  </testcase> <!-- posTransactionSubmitBtnFourEntry -->
  <testcase classname="com.selenium.POSReports" name="posTransactionFormFourEntry" time="0.0">
    <skipped/>
  </testcase> <!-- posTransactionFormFourEntry -->
  <testcase classname="com.selenium.POSReports" name="posTransactionCSVFourEntry" time="0.0">
    <skipped/>
  </testcase> <!-- posTransactionCSVFourEntry -->
  <testcase classname="com.selenium.POSReports" name="posTransactionsPDFFourEntry" time="0.0">
    <skipped/>
  </testcase> <!-- posTransactionsPDFFourEntry -->
  <testcase classname="com.selenium.POSReports" name="posTransPopUPCloseFourEntry" time="0.0">
    <skipped/>
  </testcase> <!-- posTransPopUPCloseFourEntry -->
  <testcase classname="com.selenium.POSReports" name="EntryPosTransFourWheeler" time="0.0">
    <skipped/>
  </testcase> <!-- EntryPosTransFourWheeler -->
  <testcase classname="com.selenium.POSReports" name="posTransTypeFourExit" time="0.0">
    <skipped/>
  </testcase> <!-- posTransTypeFourExit -->
  <testcase classname="com.selenium.POSReports" name="posTransactionSubmitBtnFourExit" time="0.0">
    <skipped/>
  </testcase> <!-- posTransactionSubmitBtnFourExit -->
  <testcase classname="com.selenium.POSReports" name="posTransactionsFormFourExit" time="0.0">
    <skipped/>
  </testcase> <!-- posTransactionsFormFourExit -->
  <testcase classname="com.selenium.POSReports" name="posTransactionCSVFourExit" time="0.0">
    <skipped/>
  </testcase> <!-- posTransactionCSVFourExit -->
  <testcase classname="com.selenium.POSReports" name="posTransactionPDFFourExit" time="0.0">
    <skipped/>
  </testcase> <!-- posTransactionPDFFourExit -->
  <testcase classname="com.selenium.POSReports" name="posTransPopUPCloseFourExit" time="0.0">
    <skipped/>
  </testcase> <!-- posTransPopUPCloseFourExit -->
  <testcase classname="com.selenium.POSReports" name="posTransFourExit" time="0.0">
    <skipped/>
  </testcase> <!-- posTransFourExit -->
  <testcase classname="com.selenium.POSReports" name="selectTransIOS" time="0.0">
    <skipped/>
  </testcase> <!-- selectTransIOS -->
  <testcase classname="com.selenium.POSReports" name="posTransSubmitBtnIOS" time="0.0">
    <skipped/>
  </testcase> <!-- posTransSubmitBtnIOS -->
  <testcase classname="com.selenium.POSReports" name="posTransFormIOS" time="0.0">
    <skipped/>
  </testcase> <!-- posTransFormIOS -->
  <testcase classname="com.selenium.POSReports" name="posRTransCSViOS" time="0.0">
    <skipped/>
  </testcase> <!-- posRTransCSViOS -->
  <testcase classname="com.selenium.POSReports" name="posTransPDFiOS" time="0.0">
    <skipped/>
  </testcase> <!-- posTransPDFiOS -->
  <testcase classname="com.selenium.POSReports" name="posTransPopUPCloseiOS" time="0.0">
    <skipped/>
  </testcase> <!-- posTransPopUPCloseiOS -->
  <testcase classname="com.selenium.POSReports" name="iOSPosTransaction" time="0.0">
    <skipped/>
  </testcase> <!-- iOSPosTransaction -->
  <testcase classname="com.selenium.POSReports" name="selectTransAndroid" time="0.0">
    <skipped/>
  </testcase> <!-- selectTransAndroid -->
  <testcase classname="com.selenium.POSReports" name="posTransSubmitBtnAndroid" time="0.0">
    <skipped/>
  </testcase> <!-- posTransSubmitBtnAndroid -->
  <testcase classname="com.selenium.POSReports" name="posTransFormAndroid" time="0.0">
    <skipped/>
  </testcase> <!-- posTransFormAndroid -->
  <testcase classname="com.selenium.POSReports" name="posTransCSVAndroid" time="0.0">
    <skipped/>
  </testcase> <!-- posTransCSVAndroid -->
  <testcase classname="com.selenium.POSReports" name="posTransPDFAndroid" time="0.0">
    <skipped/>
  </testcase> <!-- posTransPDFAndroid -->
  <testcase classname="com.selenium.POSReports" name="posTransPopUPCloseSAndroid" time="0.0">
    <skipped/>
  </testcase> <!-- posTransPopUPCloseSAndroid -->
  <testcase classname="com.selenium.POSReports" name="androidPosTransaction" time="0.0">
    <skipped/>
  </testcase> <!-- androidPosTransaction -->
  <testcase classname="com.selenium.POSReports" name="selectTransFastag" time="0.0">
    <skipped/>
  </testcase> <!-- selectTransFastag -->
  <testcase classname="com.selenium.POSReports" name="fasTagTransStatus" time="0.0">
    <skipped/>
  </testcase> <!-- fasTagTransStatus -->
  <testcase classname="com.selenium.POSReports" name="clickTransGotItBtn" time="0.0">
    <skipped/>
  </testcase> <!-- clickTransGotItBtn -->
  <testcase classname="com.selenium.POSReports" name="posTransSubmitBtnFasTag" time="0.0">
    <skipped/>
  </testcase> <!-- posTransSubmitBtnFasTag -->
  <testcase classname="com.selenium.POSReports" name="posTransFormFasTag" time="0.0">
    <skipped/>
  </testcase> <!-- posTransFormFasTag -->
  <testcase classname="com.selenium.POSReports" name="posRTransCSVFasTag" time="0.0">
    <skipped/>
  </testcase> <!-- posRTransCSVFasTag -->
  <testcase classname="com.selenium.POSReports" name="posTransPDFFasTag" time="0.0">
    <skipped/>
  </testcase> <!-- posTransPDFFasTag -->
  <testcase classname="com.selenium.POSReports" name="posTransPopUPCloseFasTag" time="0.0">
    <skipped/>
  </testcase> <!-- posTransPopUPCloseFasTag -->
  <testcase classname="com.selenium.POSReports" name="fasTagPosTransaction" time="0.0">
    <skipped/>
  </testcase> <!-- fasTagPosTransaction -->
  <testcase classname="com.selenium.POSReports" name="posAttender" time="0.0">
    <skipped/>
  </testcase> <!-- posAttender -->
  <testcase classname="com.selenium.POSReports" name="posAttenderDay" time="0.0">
    <skipped/>
  </testcase> <!-- posAttenderDay -->
  <testcase classname="com.selenium.POSReports" name="attenderUsageDay" time="0.0">
    <skipped/>
  </testcase> <!-- attenderUsageDay -->
  <testcase classname="com.selenium.POSReports" name="posAttenderWeek" time="0.0">
    <skipped/>
  </testcase> <!-- posAttenderWeek -->
  <testcase classname="com.selenium.POSReports" name="attenderUsageWeek" time="0.001">
    <skipped/>
  </testcase> <!-- attenderUsageWeek -->
  <testcase classname="com.selenium.POSReports" name="posAttenderMonth" time="0.0">
    <skipped/>
  </testcase> <!-- posAttenderMonth -->
  <testcase classname="com.selenium.POSReports" name="attenderUsageMonth" time="0.0">
    <skipped/>
  </testcase> <!-- attenderUsageMonth -->
  <testcase classname="com.selenium.POSReports" name="posAttenderForm" time="0.0">
    <skipped/>
  </testcase> <!-- posAttenderForm -->
  <testcase classname="com.selenium.POSReports" name="posAttenderCsv" time="0.0">
    <skipped/>
  </testcase> <!-- posAttenderCsv -->
  <testcase classname="com.selenium.POSReports" name="posAttenderPdf" time="0.0">
    <skipped/>
  </testcase> <!-- posAttenderPdf -->
  <testcase classname="com.selenium.POSReports" name="posAttenderPopUPClose" time="0.0">
    <skipped/>
  </testcase> <!-- posAttenderPopUPClose -->
  <testcase classname="com.selenium.POSReports" name="selectAttenderIOS" time="0.0">
    <skipped/>
  </testcase> <!-- selectAttenderIOS -->
  <testcase classname="com.selenium.POSReports" name="posAttenderFormSecond" time="0.0">
    <skipped/>
  </testcase> <!-- posAttenderFormSecond -->
  <testcase classname="com.selenium.POSReports" name="posAttenderCsvSecond" time="0.0">
    <skipped/>
  </testcase> <!-- posAttenderCsvSecond -->
  <testcase classname="com.selenium.POSReports" name="posAttenderPdfSecond" time="0.0">
    <skipped/>
  </testcase> <!-- posAttenderPdfSecond -->
  <testcase classname="com.selenium.POSReports" name="posAttenderPopUPCloseSecond" time="0.0">
    <skipped/>
  </testcase> <!-- posAttenderPopUPCloseSecond -->
  <testcase classname="com.selenium.POSReports" name="iOSPosAttender" time="0.0">
    <skipped/>
  </testcase> <!-- iOSPosAttender -->
  <testcase classname="com.selenium.POSReports" name="selectAttenderAndroid" time="0.0">
    <skipped/>
  </testcase> <!-- selectAttenderAndroid -->
  <testcase classname="com.selenium.POSReports" name="posAttenderFormThird" time="0.0">
    <skipped/>
  </testcase> <!-- posAttenderFormThird -->
  <testcase classname="com.selenium.POSReports" name="posAttenderCsvThird" time="0.0">
    <skipped/>
  </testcase> <!-- posAttenderCsvThird -->
  <testcase classname="com.selenium.POSReports" name="posAttenderPdfThird" time="0.0">
    <skipped/>
  </testcase> <!-- posAttenderPdfThird -->
  <testcase classname="com.selenium.POSReports" name="posAttenderPopUPCloseThird" time="0.0">
    <skipped/>
  </testcase> <!-- posAttenderPopUPCloseThird -->
  <testcase classname="com.selenium.POSReports" name="androidPosAttender" time="0.0">
    <skipped/>
  </testcase> <!-- androidPosAttender -->
  <testcase classname="com.selenium.POSReports" name="selectAttenderFasTag" time="0.0">
    <skipped/>
  </testcase> <!-- selectAttenderFasTag -->
  <testcase classname="com.selenium.POSReports" name="selectAttenderFasTagPopUp" time="0.0">
    <skipped/>
  </testcase> <!-- selectAttenderFasTagPopUp -->
  <testcase classname="com.selenium.POSReports" name="fasTagFasTagStatus" time="0.0">
    <skipped/>
  </testcase> <!-- fasTagFasTagStatus -->
  <testcase classname="com.selenium.POSReports" name="posAttenderFormFourth" time="0.0">
    <skipped/>
  </testcase> <!-- posAttenderFormFourth -->
  <testcase classname="com.selenium.POSReports" name="posAttenderCsvForth" time="0.0">
    <skipped/>
  </testcase> <!-- posAttenderCsvForth -->
  <testcase classname="com.selenium.POSReports" name="posAttenderPdfForth" time="0.0">
    <skipped/>
  </testcase> <!-- posAttenderPdfForth -->
  <testcase classname="com.selenium.POSReports" name="posAttenderPopUPCloseForth" time="0.0">
    <skipped/>
  </testcase> <!-- posAttenderPopUPCloseForth -->
  <testcase classname="com.selenium.POSReports" name="fasTagPosAttender" time="0.0">
    <skipped/>
  </testcase> <!-- fasTagPosAttender -->
  <testcase classname="com.selenium.POSReports" name="logout" time="0.0">
    <skipped/>
  </testcase> <!-- logout -->
</testsuite> <!-- Surefire test -->
