<?xml version="1.0" encoding="UTF-8"?>
<!-- Generated by org.testng.reporters.JUnitXMLReporter -->
<testsuite ignored="0" hostname="iramtech-Vostro-3470" failures="0" tests="13" name="AttenderLiveSessions" time="58.589" errors="0" timestamp="2024-02-01T15:20:16 IST">
  <testcase classname="com.selenium.AttenderLiveSessions" name="login" time="6.158"/>
  <testcase classname="com.selenium.AttenderLiveSessions" name="revenueDashboard" time="5.229"/>
  <testcase classname="com.selenium.AttenderLiveSessions" name="attenderLiveSessionsPage" time="3.705"/>
  <testcase classname="com.selenium.AttenderLiveSessions" name="selectSitesList" time="8.597"/>
  <testcase classname="com.selenium.AttenderLiveSessions" name="attenderSessionCount" time="5.298"/>
  <testcase classname="com.selenium.AttenderLiveSessions" name="clickLogoutButton" time="0.341"/>
  <testcase classname="com.selenium.AttenderLiveSessions" name="confirmAttenderLogoutAction" time="0.3"/>
  <testcase classname="com.selenium.AttenderLiveSessions" name="selectReason" time="3.294"/>
  <testcase classname="com.selenium.AttenderLiveSessions" name="clickSubmitButtonWithExplicitWait" time="0.259"/>
  <testcase classname="com.selenium.AttenderLiveSessions" name="extractPopupText" time="3.027"/>
  <testcase classname="com.selenium.AttenderLiveSessions" name="statusOK" time="5.231"/>
  <testcase classname="com.selenium.AttenderLiveSessions" name="selectSitesListTwice" time="8.549"/>
  <testcase classname="com.selenium.AttenderLiveSessions" name="logout" time="5.299"/>
</testsuite> <!-- AttenderLiveSessions -->
