<?xml version="1.0" encoding="UTF-8"?>
<!-- Generated by org.testng.reporters.JUnitXMLReporter -->
<testsuite ignored="0" hostname="iramtech-Vostro-3470" failures="0" tests="24" name="CouponReports" time="95.945" errors="0" timestamp="2024-02-01T14:43:48 IST">
  <testcase classname="com.selenium.CouponReports" name="login" time="5.382"/>
  <testcase classname="com.selenium.CouponReports" name="revenueDashboardOpen" time="5.231"/>
  <testcase classname="com.selenium.CouponReports" name="redirectCouponReportsPage" time="4.435"/>
  <testcase classname="com.selenium.CouponReports" name="viewCouponSiteList" time="3.605"/>
  <testcase classname="com.selenium.CouponReports" name="vehicleBlockListDates" time="4.853"/>
  <testcase classname="com.selenium.CouponReports" name="selectCouponStartDate" time="8.709"/>
  <testcase classname="com.selenium.CouponReports" name="selectCouponEndDate" time="11.505"/>
  <testcase classname="com.selenium.CouponReports" name="selectListCount" time="2.295"/>
  <testcase classname="com.selenium.CouponReports" name="getCouponsTable" time="6.024"/>
  <testcase classname="com.selenium.CouponReports" name="searchVehicleNumber" time="7.071"/>
  <testcase classname="com.selenium.CouponReports" name="searchCouponMobileNumber" time="7.107"/>
  <testcase classname="com.selenium.CouponReports" name="searchCouponCode" time="7.122"/>
  <testcase classname="com.selenium.CouponReports" name="searchCouponStatus" time="7.098"/>
  <testcase classname="com.selenium.CouponReports" name="searchCouponCreatedTime" time="7.137"/>
  <testcase classname="com.selenium.CouponReports" name="validateCouponVehicleNumber" time="0.013"/>
  <testcase classname="com.selenium.CouponReports" name="validateCouponMobileNumber" time="0.008"/>
  <testcase classname="com.selenium.CouponReports" name="validateCouponCode" time="0.007"/>
  <testcase classname="com.selenium.CouponReports" name="validateCouponAmount" time="0.007"/>
  <testcase classname="com.selenium.CouponReports" name="validateCouponStatusNull" time="0.007"/>
  <testcase classname="com.selenium.CouponReports" name="validateCouponStatusInvalid" time="0.006"/>
  <testcase classname="com.selenium.CouponReports" name="validateCouponCreatedTime" time="0.007"/>
  <testcase classname="com.selenium.CouponReports" name="validateCouponStartTime" time="0.007"/>
  <testcase classname="com.selenium.CouponReports" name="validateCouponEndDate" time="0.006"/>
  <testcase classname="com.selenium.CouponReports" name="logout" time="5.287"/>
</testsuite> <!-- CouponReports -->
