<?xml version="1.0" encoding="UTF-8"?>
<!-- Generated by org.testng.reporters.JUnitXMLReporter -->
<testsuite ignored="0" hostname="iramtech-Vostro-3470" failures="10" tests="132" name="MobileNumberSearch" time="184.049" errors="0" timestamp="2024-02-01T14:21:06 IST">
  <testcase classname="com.selenium.MobileNumberSearch" name="login" time="5.553"/>
  <testcase classname="com.selenium.MobileNumberSearch" name="revenueDashboardOpen" time="5.112"/>
  <testcase classname="com.selenium.MobileNumberSearch" name="redirectMobileNumberSearchPage" time="5.436"/>
  <testcase classname="com.selenium.MobileNumberSearch" name="mobileNumberEnter" time="2.064"/>
  <testcase classname="com.selenium.MobileNumberSearch" name="mobileNumberSubmit" time="2.274"/>
  <testcase classname="com.selenium.MobileNumberSearch" name="mobileNumberTransactions" time="0.975"/>
  <testcase classname="com.selenium.MobileNumberSearch" name="mobileNumberTransactionsDates" time="4.737"/>
  <testcase classname="com.selenium.MobileNumberSearch" name="selectStartDateTransactions" time="6.419"/>
  <testcase classname="com.selenium.MobileNumberSearch" name="selectEndDateTransactions" time="7.216"/>
  <testcase classname="com.selenium.MobileNumberSearch" name="selectTransactionCount" time="4.295"/>
  <testcase classname="com.selenium.MobileNumberSearch" name="mobileNumberTransactionsTable" time="6.027"/>
  <testcase classname="com.selenium.MobileNumberSearch" name="validateTransactionSiteName" time="0.037"/>
  <testcase classname="com.selenium.MobileNumberSearch" name="validateTransactionVehicleNumber" time="0.022">
    <failure type="java.lang.IndexOutOfBoundsException" message="Index 1 out of bounds for length 1">
      <![CDATA[java.lang.IndexOutOfBoundsException: Index 1 out of bounds for length 1
at java.base/jdk.internal.util.Preconditions.outOfBounds(Preconditions.java:100)
at java.base/jdk.internal.util.Preconditions.outOfBoundsCheckIndex(Preconditions.java:106)
at java.base/jdk.internal.util.Preconditions.checkIndex(Preconditions.java:302)
at java.base/java.util.Objects.checkIndex(Objects.java:359)
at java.base/java.util.ArrayList.get(ArrayList.java:427)
at com.selenium.MobileNumberSearch.validateTransactionVehicleNumber(MobileNumberSearch.java:290)
at java.base/java.util.ArrayList.forEach(ArrayList.java:1511)
... Removed 29 stack frames]]>
    </failure>
  </testcase> <!-- validateTransactionVehicleNumber -->
  <testcase classname="com.selenium.MobileNumberSearch" name="validateTransactionVehicleType" time="0.022">
    <failure type="java.lang.IndexOutOfBoundsException" message="Index 2 out of bounds for length 1">
      <![CDATA[java.lang.IndexOutOfBoundsException: Index 2 out of bounds for length 1
at java.base/jdk.internal.util.Preconditions.outOfBounds(Preconditions.java:100)
at java.base/jdk.internal.util.Preconditions.outOfBoundsCheckIndex(Preconditions.java:106)
at java.base/jdk.internal.util.Preconditions.checkIndex(Preconditions.java:302)
at java.base/java.util.Objects.checkIndex(Objects.java:359)
at java.base/java.util.ArrayList.get(ArrayList.java:427)
at com.selenium.MobileNumberSearch.validateTransactionVehicleType(MobileNumberSearch.java:321)
at java.base/java.util.ArrayList.forEach(ArrayList.java:1511)
... Removed 29 stack frames]]>
    </failure>
  </testcase> <!-- validateTransactionVehicleType -->
  <testcase classname="com.selenium.MobileNumberSearch" name="validateTransactionType" time="0.021">
    <failure type="java.lang.IndexOutOfBoundsException" message="Index 3 out of bounds for length 1">
      <![CDATA[java.lang.IndexOutOfBoundsException: Index 3 out of bounds for length 1
at java.base/jdk.internal.util.Preconditions.outOfBounds(Preconditions.java:100)
at java.base/jdk.internal.util.Preconditions.outOfBoundsCheckIndex(Preconditions.java:106)
at java.base/jdk.internal.util.Preconditions.checkIndex(Preconditions.java:302)
at java.base/java.util.Objects.checkIndex(Objects.java:359)
at java.base/java.util.ArrayList.get(ArrayList.java:427)
at com.selenium.MobileNumberSearch.validateTransactionType(MobileNumberSearch.java:351)
at java.base/java.util.ArrayList.forEach(ArrayList.java:1511)
... Removed 29 stack frames]]>
    </failure>
  </testcase> <!-- validateTransactionType -->
  <testcase classname="com.selenium.MobileNumberSearch" name="validateCreatedDateTimeHeader" time="0.028"/>
  <testcase classname="com.selenium.MobileNumberSearch" name="validateTransactionCreatedDate" time="0.025">
    <failure type="java.lang.IndexOutOfBoundsException" message="Index 4 out of bounds for length 1">
      <![CDATA[java.lang.IndexOutOfBoundsException: Index 4 out of bounds for length 1
at java.base/jdk.internal.util.Preconditions.outOfBounds(Preconditions.java:100)
at java.base/jdk.internal.util.Preconditions.outOfBoundsCheckIndex(Preconditions.java:106)
at java.base/jdk.internal.util.Preconditions.checkIndex(Preconditions.java:302)
at java.base/java.util.Objects.checkIndex(Objects.java:359)
at java.base/java.util.ArrayList.get(ArrayList.java:427)
at com.selenium.MobileNumberSearch.validateTransactionCreatedDate(MobileNumberSearch.java:399)
at java.base/java.util.ArrayList.forEach(ArrayList.java:1511)
... Removed 29 stack frames]]>
    </failure>
  </testcase> <!-- validateTransactionCreatedDate -->
  <testcase classname="com.selenium.MobileNumberSearch" name="validateStartDateTimeHeader" time="0.029"/>
  <testcase classname="com.selenium.MobileNumberSearch" name="validateTransactionStartDate" time="0.023">
    <failure type="java.lang.IndexOutOfBoundsException" message="Index 5 out of bounds for length 1">
      <![CDATA[java.lang.IndexOutOfBoundsException: Index 5 out of bounds for length 1
at java.base/jdk.internal.util.Preconditions.outOfBounds(Preconditions.java:100)
at java.base/jdk.internal.util.Preconditions.outOfBoundsCheckIndex(Preconditions.java:106)
at java.base/jdk.internal.util.Preconditions.checkIndex(Preconditions.java:302)
at java.base/java.util.Objects.checkIndex(Objects.java:359)
at java.base/java.util.ArrayList.get(ArrayList.java:427)
at com.selenium.MobileNumberSearch.validateTransactionStartDate(MobileNumberSearch.java:447)
at java.base/java.util.ArrayList.forEach(ArrayList.java:1511)
... Removed 29 stack frames]]>
    </failure>
  </testcase> <!-- validateTransactionStartDate -->
  <testcase classname="com.selenium.MobileNumberSearch" name="validateEndDateTimeHeader" time="0.032"/>
  <testcase classname="com.selenium.MobileNumberSearch" name="validateTransactionEndDate" time="0.02">
    <failure type="java.lang.IndexOutOfBoundsException" message="Index 6 out of bounds for length 1">
      <![CDATA[java.lang.IndexOutOfBoundsException: Index 6 out of bounds for length 1
at java.base/jdk.internal.util.Preconditions.outOfBounds(Preconditions.java:100)
at java.base/jdk.internal.util.Preconditions.outOfBoundsCheckIndex(Preconditions.java:106)
at java.base/jdk.internal.util.Preconditions.checkIndex(Preconditions.java:302)
at java.base/java.util.Objects.checkIndex(Objects.java:359)
at java.base/java.util.ArrayList.get(ArrayList.java:427)
at com.selenium.MobileNumberSearch.validateTransactionEndDate(MobileNumberSearch.java:495)
at java.base/java.util.ArrayList.forEach(ArrayList.java:1511)
... Removed 29 stack frames]]>
    </failure>
  </testcase> <!-- validateTransactionEndDate -->
  <testcase classname="com.selenium.MobileNumberSearch" name="validateTransactionPayU_reference" time="0.015">
    <failure type="java.lang.IndexOutOfBoundsException" message="Index 7 out of bounds for length 1">
      <![CDATA[java.lang.IndexOutOfBoundsException: Index 7 out of bounds for length 1
at java.base/jdk.internal.util.Preconditions.outOfBounds(Preconditions.java:100)
at java.base/jdk.internal.util.Preconditions.outOfBoundsCheckIndex(Preconditions.java:106)
at java.base/jdk.internal.util.Preconditions.checkIndex(Preconditions.java:302)
at java.base/java.util.Objects.checkIndex(Objects.java:359)
at java.base/java.util.ArrayList.get(ArrayList.java:427)
at com.selenium.MobileNumberSearch.validateTransactionPayU_reference(MobileNumberSearch.java:527)
at java.base/java.util.ArrayList.forEach(ArrayList.java:1511)
... Removed 29 stack frames]]>
    </failure>
  </testcase> <!-- validateTransactionPayU_reference -->
  <testcase classname="com.selenium.MobileNumberSearch" name="validateTransactionId" time="0.012">
    <failure type="java.lang.IndexOutOfBoundsException" message="Index 8 out of bounds for length 1">
      <![CDATA[java.lang.IndexOutOfBoundsException: Index 8 out of bounds for length 1
at java.base/jdk.internal.util.Preconditions.outOfBounds(Preconditions.java:100)
at java.base/jdk.internal.util.Preconditions.outOfBoundsCheckIndex(Preconditions.java:106)
at java.base/jdk.internal.util.Preconditions.checkIndex(Preconditions.java:302)
at java.base/java.util.Objects.checkIndex(Objects.java:359)
at java.base/java.util.ArrayList.get(ArrayList.java:427)
at com.selenium.MobileNumberSearch.validateTransactionId(MobileNumberSearch.java:560)
at java.base/java.util.ArrayList.forEach(ArrayList.java:1511)
... Removed 29 stack frames]]>
    </failure>
  </testcase> <!-- validateTransactionId -->
  <testcase classname="com.selenium.MobileNumberSearch" name="validateTransactionAmount" time="0.009">
    <failure type="java.lang.IndexOutOfBoundsException" message="Index 9 out of bounds for length 1">
      <![CDATA[java.lang.IndexOutOfBoundsException: Index 9 out of bounds for length 1
at java.base/jdk.internal.util.Preconditions.outOfBounds(Preconditions.java:100)
at java.base/jdk.internal.util.Preconditions.outOfBoundsCheckIndex(Preconditions.java:106)
at java.base/jdk.internal.util.Preconditions.checkIndex(Preconditions.java:302)
at java.base/java.util.Objects.checkIndex(Objects.java:359)
at java.base/java.util.ArrayList.get(ArrayList.java:427)
at com.selenium.MobileNumberSearch.validateTransactionAmount(MobileNumberSearch.java:593)
at java.base/java.util.ArrayList.forEach(ArrayList.java:1511)
... Removed 29 stack frames]]>
    </failure>
  </testcase> <!-- validateTransactionAmount -->
  <testcase classname="com.selenium.MobileNumberSearch" name="validateTransactionStatus" time="0.007">
    <failure type="java.lang.IndexOutOfBoundsException" message="Index 10 out of bounds for length 1">
      <![CDATA[java.lang.IndexOutOfBoundsException: Index 10 out of bounds for length 1
at java.base/jdk.internal.util.Preconditions.outOfBounds(Preconditions.java:100)
at java.base/jdk.internal.util.Preconditions.outOfBoundsCheckIndex(Preconditions.java:106)
at java.base/jdk.internal.util.Preconditions.checkIndex(Preconditions.java:302)
at java.base/java.util.Objects.checkIndex(Objects.java:359)
at java.base/java.util.ArrayList.get(ArrayList.java:427)
at com.selenium.MobileNumberSearch.validateTransactionStatus(MobileNumberSearch.java:624)
at java.base/java.util.ArrayList.forEach(ArrayList.java:1511)
... Removed 29 stack frames]]>
    </failure>
  </testcase> <!-- validateTransactionStatus -->
  <testcase classname="com.selenium.MobileNumberSearch" name="mobileNumberPass" time="2.263"/>
  <testcase classname="com.selenium.MobileNumberSearch" name="mobileNumberPassDates" time="6.702"/>
  <testcase classname="com.selenium.MobileNumberSearch" name="selectPassCount" time="4.025"/>
  <testcase classname="com.selenium.MobileNumberSearch" name="passTable" time="6.012"/>
  <testcase classname="com.selenium.MobileNumberSearch" name="validatePassesSiteName" time="0.02"/>
  <testcase classname="com.selenium.MobileNumberSearch" name="validatePassesVehicleNumber" time="0.014"/>
  <testcase classname="com.selenium.MobileNumberSearch" name="validatePassesVehicleType" time="0.011"/>
  <testcase classname="com.selenium.MobileNumberSearch" name="validatePassesType" time="0.008"/>
  <testcase classname="com.selenium.MobileNumberSearch" name="validatePassCreatedDateTimeHeader" time="0.009"/>
  <testcase classname="com.selenium.MobileNumberSearch" name="validatePassesCreatedDate" time="0.007"/>
  <testcase classname="com.selenium.MobileNumberSearch" name="validatePassStartDateTimeHeader" time="0.009"/>
  <testcase classname="com.selenium.MobileNumberSearch" name="validatePassesStartDate" time="0.008"/>
  <testcase classname="com.selenium.MobileNumberSearch" name="validatePassEndDateTimeHeader" time="0.009"/>
  <testcase classname="com.selenium.MobileNumberSearch" name="validatePassesEndDate" time="0.007"/>
  <testcase classname="com.selenium.MobileNumberSearch" name="validatePassesPayU_reference" time="0.008"/>
  <testcase classname="com.selenium.MobileNumberSearch" name="validatePassesTransactionId" time="0.007"/>
  <testcase classname="com.selenium.MobileNumberSearch" name="validatePassesAmount" time="0.008"/>
  <testcase classname="com.selenium.MobileNumberSearch" name="validatePassesStatus" time="0.008"/>
  <testcase classname="com.selenium.MobileNumberSearch" name="mobileNumberReservation" time="2.211"/>
  <testcase classname="com.selenium.MobileNumberSearch" name="mobileReservationDates" time="4.697"/>
  <testcase classname="com.selenium.MobileNumberSearch" name="selectReservationsCount" time="4.256"/>
  <testcase classname="com.selenium.MobileNumberSearch" name="reservationsTable" time="6.026"/>
  <testcase classname="com.selenium.MobileNumberSearch" name="validateReservationsSiteName" time="0.045"/>
  <testcase classname="com.selenium.MobileNumberSearch" name="validateReservationsVehicleNumber" time="0.024"/>
  <testcase classname="com.selenium.MobileNumberSearch" name="validateReservationsVehicleType" time="0.022"/>
  <testcase classname="com.selenium.MobileNumberSearch" name="validateReservationsType" time="0.023"/>
  <testcase classname="com.selenium.MobileNumberSearch" name="validateReserveCreatedDateTimeHeader" time="0.028"/>
  <testcase classname="com.selenium.MobileNumberSearch" name="validateReservationsCreatedDate" time="0.021"/>
  <testcase classname="com.selenium.MobileNumberSearch" name="validateReserveStartDateTimeHeader" time="0.027"/>
  <testcase classname="com.selenium.MobileNumberSearch" name="validateReservationsStartDate" time="0.022"/>
  <testcase classname="com.selenium.MobileNumberSearch" name="validateReserveEndDateTimeHeader" time="0.026"/>
  <testcase classname="com.selenium.MobileNumberSearch" name="validateReservationsEndDate" time="0.011"/>
  <testcase classname="com.selenium.MobileNumberSearch" name="validateReservationsPayU_reference" time="0.009"/>
  <testcase classname="com.selenium.MobileNumberSearch" name="validateReservationsTransactionId" time="0.008"/>
  <testcase classname="com.selenium.MobileNumberSearch" name="validateReservationsAmount" time="0.008"/>
  <testcase classname="com.selenium.MobileNumberSearch" name="validateReservationsStatus" time="0.007"/>
  <testcase classname="com.selenium.MobileNumberSearch" name="mobileNumberCheckInOut" time="3.216"/>
  <testcase classname="com.selenium.MobileNumberSearch" name="mobileNumberCheckInOutDates" time="4.661"/>
  <testcase classname="com.selenium.MobileNumberSearch" name="selectCountCheckInOut" time="2.257"/>
  <testcase classname="com.selenium.MobileNumberSearch" name="checkInOutTable" time="6.02"/>
  <testcase classname="com.selenium.MobileNumberSearch" name="validateCheckInOutSiteName" time="0.031"/>
  <testcase classname="com.selenium.MobileNumberSearch" name="validateCheckInOutVehicleType" time="0.013"/>
  <testcase classname="com.selenium.MobileNumberSearch" name="validateCheckInOutVehicleNumber" time="0.009"/>
  <testcase classname="com.selenium.MobileNumberSearch" name="validateCheckInDateTimeHeader" time="0.01"/>
  <testcase classname="com.selenium.MobileNumberSearch" name="validateCheckInRow" time="0.008"/>
  <testcase classname="com.selenium.MobileNumberSearch" name="validateCheckOutDateTimeHeader" time="0.008"/>
  <testcase classname="com.selenium.MobileNumberSearch" name="validateCheckOutRow" time="0.006"/>
  <testcase classname="com.selenium.MobileNumberSearch" name="validateCheckInOutType" time="0.007"/>
  <testcase classname="com.selenium.MobileNumberSearch" name="validateCheckInOutPayU_reference" time="0.007"/>
  <testcase classname="com.selenium.MobileNumberSearch" name="validateCheckInOutTransactionId" time="0.007"/>
  <testcase classname="com.selenium.MobileNumberSearch" name="validateCheckInOutAmount" time="0.007"/>
  <testcase classname="com.selenium.MobileNumberSearch" name="validateCheckInOutDueAmount" time="0.007"/>
  <testcase classname="com.selenium.MobileNumberSearch" name="validateCheckInOutStatus" time="0.006"/>
  <testcase classname="com.selenium.MobileNumberSearch" name="mobileNumberDueAmount" time="2.21"/>
  <testcase classname="com.selenium.MobileNumberSearch" name="mobileNumberDueAmountDates" time="4.685"/>
  <testcase classname="com.selenium.MobileNumberSearch" name="selectDueAmountCount" time="4.262"/>
  <testcase classname="com.selenium.MobileNumberSearch" name="dueAmountTable" time="6.021"/>
  <testcase classname="com.selenium.MobileNumberSearch" name="validateDueAmountSiteName" time="0.027"/>
  <testcase classname="com.selenium.MobileNumberSearch" name="validateDueAmountVehicleNumber" time="0.009"/>
  <testcase classname="com.selenium.MobileNumberSearch" name="validateDueAmountVehicleType" time="0.008"/>
  <testcase classname="com.selenium.MobileNumberSearch" name="validateRDueAmountPayU_reference" time="0.007"/>
  <testcase classname="com.selenium.MobileNumberSearch" name="validateDueAmountCreatedDateTimeHeader" time="0.009"/>
  <testcase classname="com.selenium.MobileNumberSearch" name="validateDueAmountCreatedDate" time="0.007"/>
  <testcase classname="com.selenium.MobileNumberSearch" name="validateDueAmountsTransactionId" time="0.007"/>
  <testcase classname="com.selenium.MobileNumberSearch" name="validateDueAmountAmount" time="0.007"/>
  <testcase classname="com.selenium.MobileNumberSearch" name="validateDueAmountStatus" time="0.007"/>
  <testcase classname="com.selenium.MobileNumberSearch" name="mobileNumberFeedback" time="2.211"/>
  <testcase classname="com.selenium.MobileNumberSearch" name="mobileNumberFeedbackDates" time="4.679"/>
  <testcase classname="com.selenium.MobileNumberSearch" name="selectPassFeedback" time="2.262"/>
  <testcase classname="com.selenium.MobileNumberSearch" name="FeedbackTable" time="6.013"/>
  <testcase classname="com.selenium.MobileNumberSearch" name="validateFeedbackSiteName" time="0.031"/>
  <testcase classname="com.selenium.MobileNumberSearch" name="validateFeedbackCategory" time="0.022"/>
  <testcase classname="com.selenium.MobileNumberSearch" name="validateFeedbackId" time="0.022"/>
  <testcase classname="com.selenium.MobileNumberSearch" name="validateFeedbackType" time="0.018"/>
  <testcase classname="com.selenium.MobileNumberSearch" name="validateFeedBackCreatedDateTimeHeader" time="0.013"/>
  <testcase classname="com.selenium.MobileNumberSearch" name="validateFeedbackCreatedDate" time="0.011"/>
  <testcase classname="com.selenium.MobileNumberSearch" name="validateFeedbackStatus" time="0.013"/>
  <testcase classname="com.selenium.MobileNumberSearch" name="validateFeedbackDescription" time="0.012"/>
  <testcase classname="com.selenium.MobileNumberSearch" name="mobileNumberBlockListClick" time="2.251"/>
  <testcase classname="com.selenium.MobileNumberSearch" name="mobileNumberBlockListDates" time="6.716"/>
  <testcase classname="com.selenium.MobileNumberSearch" name="selectBlockListCount" time="2.229"/>
  <testcase classname="com.selenium.MobileNumberSearch" name="BlockListTable" time="6.015"/>
  <testcase classname="com.selenium.MobileNumberSearch" name="validateBlockListSiteName" time="0.022"/>
  <testcase classname="com.selenium.MobileNumberSearch" name="validateBlockListVehicleNumber" time="0.011"/>
  <testcase classname="com.selenium.MobileNumberSearch" name="validateBlockListVehicleType" time="0.008"/>
  <testcase classname="com.selenium.MobileNumberSearch" name="validateBlockListCreatedDateTimeHeader" time="0.011"/>
  <testcase classname="com.selenium.MobileNumberSearch" name="validateBlockListnCreatedDate" time="0.009"/>
  <testcase classname="com.selenium.MobileNumberSearch" name="validateBlockListAmount" time="0.01"/>
  <testcase classname="com.selenium.MobileNumberSearch" name="validateBlockListStatus" time="0.009"/>
  <testcase classname="com.selenium.MobileNumberSearch" name="mobileNumberUnAccountedClick" time="2.216"/>
  <testcase classname="com.selenium.MobileNumberSearch" name="mobileNumberUnAccountedDates" time="4.709"/>
  <testcase classname="com.selenium.MobileNumberSearch" name="selectUnAccountedCount" time="4.285"/>
  <testcase classname="com.selenium.MobileNumberSearch" name="unAccountedTable" time="6.02"/>
  <testcase classname="com.selenium.MobileNumberSearch" name="validateUnAccountedSiteName" time="0.013"/>
  <testcase classname="com.selenium.MobileNumberSearch" name="validateUnAccountedVehicleNumber" time="0.013"/>
  <testcase classname="com.selenium.MobileNumberSearch" name="validateUnAccountedDateTimeHeader" time="0.018"/>
  <testcase classname="com.selenium.MobileNumberSearch" name="validateUnAccountedVehicleType" time="0.008"/>
  <testcase classname="com.selenium.MobileNumberSearch" name="validateUnAccountedType" time="0.008"/>
  <testcase classname="com.selenium.MobileNumberSearch" name="validateUnAccountedBankrefNo" time="0.009"/>
  <testcase classname="com.selenium.MobileNumberSearch" name="validateUnAccountedAmount" time="0.017"/>
  <testcase classname="com.selenium.MobileNumberSearch" name="validateUnAccountedMode" time="0.01"/>
  <testcase classname="com.selenium.MobileNumberSearch" name="validateUnAccountedStatus" time="0.012"/>
  <testcase classname="com.selenium.MobileNumberSearch" name="validateVehicleNumber" time="0.439"/>
  <testcase classname="com.selenium.MobileNumberSearch" name="validateVehicleType" time="0.492"/>
  <testcase classname="com.selenium.MobileNumberSearch" name="mobileNumberGuestPasses" time="2.215"/>
  <testcase classname="com.selenium.MobileNumberSearch" name="mobileNumberGuestPassesDates" time="2.004"/>
  <testcase classname="com.selenium.MobileNumberSearch" name="logout" time="5.278"/>
</testsuite> <!-- MobileNumberSearch -->
