<?xml version="1.0" encoding="UTF-8"?>
<!-- Generated by org.testng.reporters.JUnitXMLReporter -->
<testsuite ignored="0" hostname="iramtech-Vostro-3470" failures="0" tests="84" name="PaymentManagement" time="205.385" errors="0" timestamp="2024-02-01T15:09:53 IST">
  <testcase classname="com.selenium.PaymentManagement" name="login" time="5.993"/>
  <testcase classname="com.selenium.PaymentManagement" name="revenueDashboard" time="5.317"/>
  <testcase classname="com.selenium.PaymentManagement" name="paymentMgmtPage" time="6.493"/>
  <testcase classname="com.selenium.PaymentManagement" name="selectCreatedPageSite" time="2.007"/>
  <testcase classname="com.selenium.PaymentManagement" name="selectStartDate" time="3.024"/>
  <testcase classname="com.selenium.PaymentManagement" name="selectEndDate" time="3.038"/>
  <testcase classname="com.selenium.PaymentManagement" name="selectEntryType" time="3.365"/>
  <testcase classname="com.selenium.PaymentManagement" name="selectTransactionEntry" time="10.006"/>
  <testcase classname="com.selenium.PaymentManagement" name="verifyAutoFillFields" time="0.142"/>
  <testcase classname="com.selenium.PaymentManagement" name="select" time="3.045"/>
  <testcase classname="com.selenium.PaymentManagement" name="enterVehicleNumber" time="1.02"/>
  <testcase classname="com.selenium.PaymentManagement" name="selectVehicleType" time="3.049"/>
  <testcase classname="com.selenium.PaymentManagement" name="enterEmail" time="0.041"/>
  <testcase classname="com.selenium.PaymentManagement" name="discountAmount" time="0.01"/>
  <testcase classname="com.selenium.PaymentManagement" name="selectPaymentType" time="0.015"/>
  <testcase classname="com.selenium.PaymentManagement" name="selectStatusType" time="0.012"/>
  <testcase classname="com.selenium.PaymentManagement" name="addPaymentBtn" time="5.134"/>
  <testcase classname="com.selenium.PaymentManagement" name="getEntryTransDetails" time="5.285"/>
  <testcase classname="com.selenium.PaymentManagement" name="extractPopupText" time="2.006"/>
  <testcase classname="com.selenium.PaymentManagement" name="statusOK" time="2.002"/>
  <testcase classname="com.selenium.PaymentManagement" name="selectStartDateExit" time="6.495"/>
  <testcase classname="com.selenium.PaymentManagement" name="selectEndDateExit" time="3.034"/>
  <testcase classname="com.selenium.PaymentManagement" name="selectExitType" time="3.344"/>
  <testcase classname="com.selenium.PaymentManagement" name="selectTransactionExit" time="0.003"/>
  <testcase classname="com.selenium.PaymentManagement" name="selectTransactionTypeExit" time="0.018"/>
  <testcase classname="com.selenium.PaymentManagement" name="enterVehicleNumberExit" time="1.04"/>
  <testcase classname="com.selenium.PaymentManagement" name="selectVehicleTypeExit" time="3.023"/>
  <testcase classname="com.selenium.PaymentManagement" name="enterEmailExit" time="0.023"/>
  <testcase classname="com.selenium.PaymentManagement" name="discountAmountExit" time="0.01"/>
  <testcase classname="com.selenium.PaymentManagement" name="selectPaymentTypeExit" time="0.017"/>
  <testcase classname="com.selenium.PaymentManagement" name="selectStatusTypeExit" time="0.017"/>
  <testcase classname="com.selenium.PaymentManagement" name="getExitTransDetails" time="5.259"/>
  <testcase classname="com.selenium.PaymentManagement" name="addPaymentBtnExit" time="5.169"/>
  <testcase classname="com.selenium.PaymentManagement" name="extractPopupTextExit" time="2.006"/>
  <testcase classname="com.selenium.PaymentManagement" name="statusOKExit" time="2.007"/>
  <testcase classname="com.selenium.PaymentManagement" name="selectStartDatePass" time="8.33"/>
  <testcase classname="com.selenium.PaymentManagement" name="selectEndDatePass" time="3.038"/>
  <testcase classname="com.selenium.PaymentManagement" name="selectPassType" time="3.337"/>
  <testcase classname="com.selenium.PaymentManagement" name="selectPassTrans" time="0.006"/>
  <testcase classname="com.selenium.PaymentManagement" name="selectPassTransType" time="0.041"/>
  <testcase classname="com.selenium.PaymentManagement" name="enterPassVehicleNumber" time="1.041"/>
  <testcase classname="com.selenium.PaymentManagement" name="selectPassVehicleType" time="3.023"/>
  <testcase classname="com.selenium.PaymentManagement" name="enterPassEmail" time="0.036"/>
  <testcase classname="com.selenium.PaymentManagement" name="discountAmountPass" time="0.011"/>
  <testcase classname="com.selenium.PaymentManagement" name="selectPaymentTypePass" time="0.016"/>
  <testcase classname="com.selenium.PaymentManagement" name="selectStatusTypePass" time="0.014"/>
  <testcase classname="com.selenium.PaymentManagement" name="getPassTransDetails" time="5.187"/>
  <testcase classname="com.selenium.PaymentManagement" name="addPaymentBtnPass" time="5.135"/>
  <testcase classname="com.selenium.PaymentManagement" name="extractPopupTextPass" time="2.006"/>
  <testcase classname="com.selenium.PaymentManagement" name="statusOKPass" time="2.006"/>
  <testcase classname="com.selenium.PaymentManagement" name="selectStartDateReserve" time="6.143"/>
  <testcase classname="com.selenium.PaymentManagement" name="selectEndDateReserve" time="3.017"/>
  <testcase classname="com.selenium.PaymentManagement" name="selectReserveType" time="3.314"/>
  <testcase classname="com.selenium.PaymentManagement" name="tableNextPage" time="3.265"/>
  <testcase classname="com.selenium.PaymentManagement" name="selectReserveTrans" time="5.008"/>
  <testcase classname="com.selenium.PaymentManagement" name="selectReserveTransType" time="0.052"/>
  <testcase classname="com.selenium.PaymentManagement" name="enterReserveVehicleNumber" time="1.021"/>
  <testcase classname="com.selenium.PaymentManagement" name="selectReserveVehicleType" time="3.043"/>
  <testcase classname="com.selenium.PaymentManagement" name="enterReserveEmail" time="0.046"/>
  <testcase classname="com.selenium.PaymentManagement" name="discountAmountReserve" time="0.01"/>
  <testcase classname="com.selenium.PaymentManagement" name="selectPaymentTypeReserve" time="0.016"/>
  <testcase classname="com.selenium.PaymentManagement" name="selectStatusTypeReserve" time="0.015"/>
  <testcase classname="com.selenium.PaymentManagement" name="getReserveTransDetails" time="5.147"/>
  <testcase classname="com.selenium.PaymentManagement" name="addPaymentBtnReserve" time="5.076"/>
  <testcase classname="com.selenium.PaymentManagement" name="extractPopupTextReserve" time="2.005"/>
  <testcase classname="com.selenium.PaymentManagement" name="statusOKReserve" time="2.008"/>
  <testcase classname="com.selenium.PaymentManagement" name="selectSite" time="1.52"/>
  <testcase classname="com.selenium.PaymentManagement" name="redirectManagePage" time="3.028"/>
  <testcase classname="com.selenium.PaymentManagement" name="manageDatesEnabled" time="3.007"/>
  <testcase classname="com.selenium.PaymentManagement" name="selectManageStartDate" time="1.006"/>
  <testcase classname="com.selenium.PaymentManagement" name="selectManageEndDate" time="0.006"/>
  <testcase classname="com.selenium.PaymentManagement" name="selectMPOSdeviceType" time="3.005"/>
  <testcase classname="com.selenium.PaymentManagement" name="selectAndroiddeviceType" time="3.006"/>
  <testcase classname="com.selenium.PaymentManagement" name="selectIOSdeviceType" time="3.006"/>
  <testcase classname="com.selenium.PaymentManagement" name="selectMobileMposdeviceType" time="3.006"/>
  <testcase classname="com.selenium.PaymentManagement" name="selectIOSdeviceTypeAction" time="3.002"/>
  <testcase classname="com.selenium.PaymentManagement" name="manageViewBtn" time="3.006"/>
  <testcase classname="com.selenium.PaymentManagement" name="getDataMPOS" time="0.006"/>
  <testcase classname="com.selenium.PaymentManagement" name="performPaymentActions" time="0.005"/>
  <testcase classname="com.selenium.PaymentManagement" name="paymentPopUpClose" time="2.006"/>
  <testcase classname="com.selenium.PaymentManagement" name="deleteRecord" time="0.006"/>
  <testcase classname="com.selenium.PaymentManagement" name="selectOptionFromDropdown" time="3.006"/>
  <testcase classname="com.selenium.PaymentManagement" name="performSearch" time="3.006"/>
  <testcase classname="com.selenium.PaymentManagement" name="performSearchValidate" time="3.006"/>
</testsuite> <!-- PaymentManagement -->
