<?xml version="1.0" encoding="UTF-8"?>
<!-- Generated by org.testng.reporters.JUnitXMLReporter -->
<testsuite ignored="0" hostname="iramtech-Vostro-3470" failures="0" tests="40" name="Roles" time="95.104" errors="0" timestamp="2024-02-01T15:11:28 IST">
  <testcase classname="com.selenium.Roles" name="login" time="7.338"/>
  <testcase classname="com.selenium.Roles" name="revenueDashboard" time="5.296"/>
  <testcase classname="com.selenium.Roles" name="userMgmtPage" time="3.013"/>
  <testcase classname="com.selenium.Roles" name="clickAddRoleBtn" time="5.007"/>
  <testcase classname="com.selenium.Roles" name="selectAdminRole" time="0.006"/>
  <testcase classname="com.selenium.Roles" name="verifyAutoFillForAdminRole" time="0.007"/>
  <testcase classname="com.selenium.Roles" name="clickSaveButton" time="0.007"/>
  <testcase classname="com.selenium.Roles" name="extractPopupText" time="2.007"/>
  <testcase classname="com.selenium.Roles" name="statusOK" time="2.006"/>
  <testcase classname="com.selenium.Roles" name="addRolesPopUpClose" time="2.016"/>
  <testcase classname="com.selenium.Roles" name="verifyAdminActions" time="0.007"/>
  <testcase classname="com.selenium.Roles" name="clickCSVButton" time="3.012"/>
  <testcase classname="com.selenium.Roles" name="clickPDFButton" time="3.007"/>
  <testcase classname="com.selenium.Roles" name="performManagerRoleEdit" time="4.007"/>
  <testcase classname="com.selenium.Roles" name="selectAccessTypeRead" time="0.006"/>
  <testcase classname="com.selenium.Roles" name="getEditRoleDetails" time="3.003"/>
  <testcase classname="com.selenium.Roles" name="checkUpdateButton" time="3.004"/>
  <testcase classname="com.selenium.Roles" name="updateUser" time="2.006"/>
  <testcase classname="com.selenium.Roles" name="updateStatusOK" time="2.006"/>
  <testcase classname="com.selenium.Roles" name="performManagerRoleDelete" time="5.006"/>
  <testcase classname="com.selenium.Roles" name="confirmDeleteAction" time="0.003"/>
  <testcase classname="com.selenium.Roles" name="verifyManagerRoleDeletion" time="0.002"/>
  <testcase classname="com.selenium.Roles" name="tableNextPage" time="3.006"/>
  <testcase classname="com.selenium.Roles" name="clickAddRoleBtnTwice" time="5.005"/>
  <testcase classname="com.selenium.Roles" name="verifyAutoFillForAttenderRole" time="0.005"/>
  <testcase classname="com.selenium.Roles" name="clickSaveButtonTwice" time="0.002"/>
  <testcase classname="com.selenium.Roles" name="extractPopupTextTwice" time="2.007"/>
  <testcase classname="com.selenium.Roles" name="statusOKTwice" time="2.003"/>
  <testcase classname="com.selenium.Roles" name="addRolesPopUpCloseTwice" time="2.006"/>
  <testcase classname="com.selenium.Roles" name="performAttenderRoleEdit" time="4.007"/>
  <testcase classname="com.selenium.Roles" name="selectAccessTypeAttenderRead" time="0.006"/>
  <testcase classname="com.selenium.Roles" name="getEditAttenderRoleDetails" time="3.012"/>
  <testcase classname="com.selenium.Roles" name="checkAttenderUpdateButton" time="3.009"/>
  <testcase classname="com.selenium.Roles" name="updateUserTwice" time="2.01"/>
  <testcase classname="com.selenium.Roles" name="updateStatusOKTwice" time="2.008"/>
  <testcase classname="com.selenium.Roles" name="performAttenderRoleDelete" time="5.009"/>
  <testcase classname="com.selenium.Roles" name="confirmAttenderDeleteAction" time="0.009"/>
  <testcase classname="com.selenium.Roles" name="verifyAttenderRoleDeletion" time="0.006"/>
  <testcase classname="com.selenium.Roles" name="searchUserRole" time="5.007"/>
  <testcase classname="com.selenium.Roles" name="logout" time="2.28"/>
</testsuite> <!-- Roles -->
