<?xml version="1.0" encoding="UTF-8"?>
<!-- Generated by org.testng.reporters.JUnitXMLReporter -->
<testsuite ignored="0" hostname="iramtech-Vostro-3470" failures="0" tests="25" name="Slot_Analysis" time="61.225" errors="0" timestamp="2024-02-01T14:32:31 IST">
  <testcase classname="com.selenium.Slot_Analysis" name="login" time="7.773"/>
  <testcase classname="com.selenium.Slot_Analysis" name="revenueDashboardOpen" time="5.193"/>
  <testcase classname="com.selenium.Slot_Analysis" name="reportsAnalyticsPage" time="2.299"/>
  <testcase classname="com.selenium.Slot_Analysis" name="redirectSlotAnalysis" time="2.011"/>
  <testcase classname="com.selenium.Slot_Analysis" name="SlotAnalysis_selectSite" time="3.008"/>
  <testcase classname="com.selenium.Slot_Analysis" name="getSlot_AnalysisTab" time="0.014"/>
  <testcase classname="com.selenium.Slot_Analysis" name="dayHour_Occupancy_Dates" time="0.008"/>
  <testcase classname="com.selenium.Slot_Analysis" name="dayHour_Occupancy_Menu_ToClickSgv" time="2.006"/>
  <testcase classname="com.selenium.Slot_Analysis" name="dayHour_Occupancy_Sgv" time="2.008"/>
  <testcase classname="com.selenium.Slot_Analysis" name="dayHour_Occupancy_Menu_ToClickPng" time="2.008"/>
  <testcase classname="com.selenium.Slot_Analysis" name="dayHour_Occupancy_Png" time="3.007"/>
  <testcase classname="com.selenium.Slot_Analysis" name="peakHoursTab" time="2.087"/>
  <testcase classname="com.selenium.Slot_Analysis" name="select_PeakHours_TwoWheeler" time="2.003"/>
  <testcase classname="com.selenium.Slot_Analysis" name="peakHour_Dates_2W" time="1.007"/>
  <testcase classname="com.selenium.Slot_Analysis" name="select_PeakHours_FourWheeler" time="2.008"/>
  <testcase classname="com.selenium.Slot_Analysis" name="peakHour_Dates_4W" time="1.007"/>
  <testcase classname="com.selenium.Slot_Analysis" name="slotAvgDuration_Tab" time="2.205"/>
  <testcase classname="com.selenium.Slot_Analysis" name="slotAvgDuration_Dates" time="1.007"/>
  <testcase classname="com.selenium.Slot_Analysis" name="slotRotation_Tab" time="2.082"/>
  <testcase classname="com.selenium.Slot_Analysis" name="slotRotation_Dates" time="1.004"/>
  <testcase classname="com.selenium.Slot_Analysis" name="slotRotation_Menu_ToClickSgv" time="2.007"/>
  <testcase classname="com.selenium.Slot_Analysis" name="slotRotation_Sgv" time="2.007"/>
  <testcase classname="com.selenium.Slot_Analysis" name="slotRotation_Menu_ToClickPng" time="2.006"/>
  <testcase classname="com.selenium.Slot_Analysis" name="slotRotation_Png" time="3.003"/>
  <testcase classname="com.selenium.Slot_Analysis" name="logout" time="5.296"/>
</testsuite> <!-- Slot_Analysis -->
