<?xml version="1.0" encoding="UTF-8"?>
<!-- Generated by org.testng.reporters.JUnitXMLReporter -->
<testsuite ignored="0" hostname="iramtech-Vostro-3470" failures="0" tests="20" name="UserZoneAssignment" time="85.077" errors="0" timestamp="2024-02-01T15:16:25 IST">
  <testcase classname="com.selenium.UserZoneAssign" name="login" time="9.375"/>
  <testcase classname="com.selenium.UserZoneAssign" name="revenueDashboard" time="5.167"/>
  <testcase classname="com.selenium.UserZoneAssign" name="userMgmtPage" time="3.492"/>
  <testcase classname="com.selenium.UserZoneAssign" name="officerCount" time="5.259"/>
  <testcase classname="com.selenium.UserZoneAssign" name="searchOfficer" time="5.057"/>
  <testcase classname="com.selenium.UserZoneAssign" name="clickAddMoreOfficerButton" time="3.236"/>
  <testcase classname="com.selenium.UserZoneAssign" name="selectOfficerList" time="3.051"/>
  <testcase classname="com.selenium.UserZoneAssign" name="addMorePopUpClose" time="2.22"/>
  <testcase classname="com.selenium.UserZoneAssign" name="clickOperatorTab" time="5.234"/>
  <testcase classname="com.selenium.UserZoneAssign" name="operatorCount" time="5.285"/>
  <testcase classname="com.selenium.UserZoneAssign" name="searchOperator" time="3.055"/>
  <testcase classname="com.selenium.UserZoneAssign" name="selectOperatorList" time="3.011"/>
  <testcase classname="com.selenium.UserZoneAssign" name="addMoreOperatorPopUpClose" time="2.005"/>
  <testcase classname="com.selenium.UserZoneAssign" name="clickMonitorTab" time="5.232"/>
  <testcase classname="com.selenium.UserZoneAssign" name="monitorCount" time="5.251"/>
  <testcase classname="com.selenium.UserZoneAssign" name="searchMonitor" time="5.06"/>
  <testcase classname="com.selenium.UserZoneAssign" name="clickAddMoreMonitorButton" time="3.278"/>
  <testcase classname="com.selenium.UserZoneAssign" name="selectMonitor" time="3.047"/>
  <testcase classname="com.selenium.UserZoneAssign" name="addMoreMonitorPopUpClose" time="2.014"/>
  <testcase classname="com.selenium.UserZoneAssign" name="logout" time="2.009"/>
</testsuite> <!-- UserZoneAssignment -->
