<?xml version="1.0" encoding="UTF-8"?>
<!-- Generated by org.testng.reporters.JUnitXMLReporter -->
<testsuite ignored="0" hostname="iramtech-Vostro-3470" failures="2" tests="25" name="VehicleBlockList" time="144.821" errors="0" timestamp="2024-02-01T14:42:12 IST">
  <testcase classname="com.selenium.VehicleBlockList" name="login" time="6.386"/>
  <testcase classname="com.selenium.VehicleBlockList" name="revenueDashboardOpen" time="5.315"/>
  <testcase classname="com.selenium.VehicleBlockList" name="redirectVehicleBlockListPage" time="4.517"/>
  <testcase classname="com.selenium.VehicleBlockList" name="viewBlocklistSiteList" time="6.623"/>
  <testcase classname="com.selenium.VehicleBlockList" name="vehicleBlockListDates" time="4.882"/>
  <testcase classname="com.selenium.VehicleBlockList" name="selectBlocklistStartDate" time="8.659"/>
  <testcase classname="com.selenium.VehicleBlockList" name="selectBlockListEndDate" time="11.51"/>
  <testcase classname="com.selenium.VehicleBlockList" name="vehicleBlockDayCsv" time="1.017"/>
  <testcase classname="com.selenium.VehicleBlockList" name="vehicleBlockDayPdf" time="2.018"/>
  <testcase classname="com.selenium.VehicleBlockList" name="vehicleBlockWeekCsv" time="0.017">
    <failure type="org.openqa.selenium.ElementClickInterceptedException" message="Element &amp;lt;label class=&amp;quot;btn btn-outline-primary&amp;quot;&amp;gt; is not clickable at point (544,237) because another element &amp;lt;div id=&amp;quot;loading&amp;quot;&amp;gt; obscures it
Build info: version: &amp;apos;4.10.0&amp;apos;, revision: &amp;apos;c14d967899&amp;apos;
System info: os.name: &amp;apos;Linux&amp;apos;, os.arch: &amp;apos;amd64&amp;apos;, os.version: &amp;apos;6.2.0-39-generic&amp;apos;, java.version: &amp;apos;18.0.2-ea&amp;apos;
Driver info: org.openqa.selenium.firefox.FirefoxDriver
Command: [54d9f8ed-48e2-44bc-af4e-7f50889fce0b, clickElement {id=1373f203-8301-4270-ac02-e9b4535300f6}]
Capabilities {acceptInsecureCerts: true, browserName: firefox, browserVersion: 121.0, moz:accessibilityChecks: false, moz:buildID: 20231220184444, moz:debuggerAddress: 127.0.0.1:7361, moz:geckodriverVersion: 0.33.0, moz:headless: false, moz:platformVersion: 6.2.0-39-generic, moz:processID: 1194151, moz:profile: /tmp/rust_mozprofile7B9yaV, moz:shutdownTimeout: 60000, moz:webdriverClick: true, moz:windowless: false, pageLoadStrategy: normal, platformName: linux, proxy: Proxy(), se:cdp: ws://127.0.0.1:7361/devtool..., se:cdpVersion: 85.0, setWindowRect: true, strictFileInteractability: false, timeouts: {implicit: 0, pageLoad: 300000, script: 30000}, unhandledPromptBehavior: dismiss and notify}
Element: [[FirefoxDriver: firefox on linux (54d9f8ed-48e2-44bc-af4e-7f50889fce0b)] -&amp;gt; xpath: //*[@id=&amp;apos;dayRangeFilter&amp;apos;]/label[3]]
Session ID: 54d9f8ed-48e2-44bc-af4e-7f50889fce0b">
      <![CDATA[org.openqa.selenium.ElementClickInterceptedException: Element <label class="btn btn-outline-primary"> is not clickable at point (544,237) because another element <div id="loading"> obscures it
Build info: version: '4.10.0', revision: 'c14d967899'
System info: os.name: 'Linux', os.arch: 'amd64', os.version: '6.2.0-39-generic', java.version: '18.0.2-ea'
Driver info: org.openqa.selenium.firefox.FirefoxDriver
Command: [54d9f8ed-48e2-44bc-af4e-7f50889fce0b, clickElement {id=1373f203-8301-4270-ac02-e9b4535300f6}]
Capabilities {acceptInsecureCerts: true, browserName: firefox, browserVersion: 121.0, moz:accessibilityChecks: false, moz:buildID: 20231220184444, moz:debuggerAddress: 127.0.0.1:7361, moz:geckodriverVersion: 0.33.0, moz:headless: false, moz:platformVersion: 6.2.0-39-generic, moz:processID: 1194151, moz:profile: /tmp/rust_mozprofile7B9yaV, moz:shutdownTimeout: 60000, moz:webdriverClick: true, moz:windowless: false, pageLoadStrategy: normal, platformName: linux, proxy: Proxy(), se:cdp: ws://127.0.0.1:7361/devtool..., se:cdpVersion: 85.0, setWindowRect: true, strictFileInteractability: false, timeouts: {implicit: 0, pageLoad: 300000, script: 30000}, unhandledPromptBehavior: dismiss and notify}
Element: [[FirefoxDriver: firefox on linux (54d9f8ed-48e2-44bc-af4e-7f50889fce0b)] -> xpath: //*[@id='dayRangeFilter']/label[3]]
Session ID: 54d9f8ed-48e2-44bc-af4e-7f50889fce0b
at org.openqa.selenium.remote.codec.w3c.W3CHttpResponseCodec.createException(W3CHttpResponseCodec.java:199)
at org.openqa.selenium.remote.codec.w3c.W3CHttpResponseCodec.decode(W3CHttpResponseCodec.java:132)
at org.openqa.selenium.remote.codec.w3c.W3CHttpResponseCodec.decode(W3CHttpResponseCodec.java:51)
at org.openqa.selenium.remote.HttpCommandExecutor.execute(HttpCommandExecutor.java:191)
at org.openqa.selenium.remote.service.DriverCommandExecutor.invokeExecute(DriverCommandExecutor.java:196)
at org.openqa.selenium.remote.service.DriverCommandExecutor.execute(DriverCommandExecutor.java:171)
at org.openqa.selenium.remote.RemoteWebDriver.execute(RemoteWebDriver.java:531)
at org.openqa.selenium.remote.RemoteWebElement.execute(RemoteWebElement.java:242)
at org.openqa.selenium.remote.RemoteWebElement.click(RemoteWebElement.java:77)
at com.selenium.VehicleBlockList.vehicleBlockWeekCsv(VehicleBlockList.java:135)
at java.base/java.util.ArrayList.forEach(ArrayList.java:1511)
... Removed 32 stack frames]]>
    </failure>
  </testcase> <!-- vehicleBlockWeekCsv -->
  <testcase classname="com.selenium.VehicleBlockList" name="vehicleBlockWeekPdf" time="2.019"/>
  <testcase classname="com.selenium.VehicleBlockList" name="vehicleBlockMonthCsv" time="0.02">
    <failure type="org.openqa.selenium.ElementClickInterceptedException" message="Element &amp;lt;label class=&amp;quot;btn btn-outline-primary active&amp;quot;&amp;gt; is not clickable at point (588,237) because another element &amp;lt;div id=&amp;quot;loading&amp;quot;&amp;gt; obscures it
Build info: version: &amp;apos;4.10.0&amp;apos;, revision: &amp;apos;c14d967899&amp;apos;
System info: os.name: &amp;apos;Linux&amp;apos;, os.arch: &amp;apos;amd64&amp;apos;, os.version: &amp;apos;6.2.0-39-generic&amp;apos;, java.version: &amp;apos;18.0.2-ea&amp;apos;
Driver info: org.openqa.selenium.firefox.FirefoxDriver
Command: [54d9f8ed-48e2-44bc-af4e-7f50889fce0b, clickElement {id=3322e0fc-9beb-46e3-9c39-0d757ae33425}]
Capabilities {acceptInsecureCerts: true, browserName: firefox, browserVersion: 121.0, moz:accessibilityChecks: false, moz:buildID: 20231220184444, moz:debuggerAddress: 127.0.0.1:7361, moz:geckodriverVersion: 0.33.0, moz:headless: false, moz:platformVersion: 6.2.0-39-generic, moz:processID: 1194151, moz:profile: /tmp/rust_mozprofile7B9yaV, moz:shutdownTimeout: 60000, moz:webdriverClick: true, moz:windowless: false, pageLoadStrategy: normal, platformName: linux, proxy: Proxy(), se:cdp: ws://127.0.0.1:7361/devtool..., se:cdpVersion: 85.0, setWindowRect: true, strictFileInteractability: false, timeouts: {implicit: 0, pageLoad: 300000, script: 30000}, unhandledPromptBehavior: dismiss and notify}
Element: [[FirefoxDriver: firefox on linux (54d9f8ed-48e2-44bc-af4e-7f50889fce0b)] -&amp;gt; xpath: //*[@id=&amp;apos;dayRangeFilter&amp;apos;]/label[4]]
Session ID: 54d9f8ed-48e2-44bc-af4e-7f50889fce0b">
      <![CDATA[org.openqa.selenium.ElementClickInterceptedException: Element <label class="btn btn-outline-primary active"> is not clickable at point (588,237) because another element <div id="loading"> obscures it
Build info: version: '4.10.0', revision: 'c14d967899'
System info: os.name: 'Linux', os.arch: 'amd64', os.version: '6.2.0-39-generic', java.version: '18.0.2-ea'
Driver info: org.openqa.selenium.firefox.FirefoxDriver
Command: [54d9f8ed-48e2-44bc-af4e-7f50889fce0b, clickElement {id=3322e0fc-9beb-46e3-9c39-0d757ae33425}]
Capabilities {acceptInsecureCerts: true, browserName: firefox, browserVersion: 121.0, moz:accessibilityChecks: false, moz:buildID: 20231220184444, moz:debuggerAddress: 127.0.0.1:7361, moz:geckodriverVersion: 0.33.0, moz:headless: false, moz:platformVersion: 6.2.0-39-generic, moz:processID: 1194151, moz:profile: /tmp/rust_mozprofile7B9yaV, moz:shutdownTimeout: 60000, moz:webdriverClick: true, moz:windowless: false, pageLoadStrategy: normal, platformName: linux, proxy: Proxy(), se:cdp: ws://127.0.0.1:7361/devtool..., se:cdpVersion: 85.0, setWindowRect: true, strictFileInteractability: false, timeouts: {implicit: 0, pageLoad: 300000, script: 30000}, unhandledPromptBehavior: dismiss and notify}
Element: [[FirefoxDriver: firefox on linux (54d9f8ed-48e2-44bc-af4e-7f50889fce0b)] -> xpath: //*[@id='dayRangeFilter']/label[4]]
Session ID: 54d9f8ed-48e2-44bc-af4e-7f50889fce0b
at org.openqa.selenium.remote.codec.w3c.W3CHttpResponseCodec.createException(W3CHttpResponseCodec.java:199)
at org.openqa.selenium.remote.codec.w3c.W3CHttpResponseCodec.decode(W3CHttpResponseCodec.java:132)
at org.openqa.selenium.remote.codec.w3c.W3CHttpResponseCodec.decode(W3CHttpResponseCodec.java:51)
at org.openqa.selenium.remote.HttpCommandExecutor.execute(HttpCommandExecutor.java:191)
at org.openqa.selenium.remote.service.DriverCommandExecutor.invokeExecute(DriverCommandExecutor.java:196)
at org.openqa.selenium.remote.service.DriverCommandExecutor.execute(DriverCommandExecutor.java:171)
at org.openqa.selenium.remote.RemoteWebDriver.execute(RemoteWebDriver.java:531)
at org.openqa.selenium.remote.RemoteWebElement.execute(RemoteWebElement.java:242)
at org.openqa.selenium.remote.RemoteWebElement.click(RemoteWebElement.java:77)
at com.selenium.VehicleBlockList.vehicleBlockMonthCsv(VehicleBlockList.java:146)
at java.base/java.util.ArrayList.forEach(ArrayList.java:1511)
... Removed 32 stack frames]]>
    </failure>
  </testcase> <!-- vehicleBlockMonthCsv -->
  <testcase classname="com.selenium.VehicleBlockList" name="vehicleBlockMonthPdf" time="2.017"/>
  <testcase classname="com.selenium.VehicleBlockList" name="selectListCount" time="2.299"/>
  <testcase classname="com.selenium.VehicleBlockList" name="vehicleBlockListTable" time="61.074"/>
  <testcase classname="com.selenium.VehicleBlockList" name="searchVehicleNumber" time="8.043"/>
  <testcase classname="com.selenium.VehicleBlockList" name="searchBlockListMobileNumber" time="8.082"/>
  <testcase classname="com.selenium.VehicleBlockList" name="validateBlockListDate" time="0.032"/>
  <testcase classname="com.selenium.VehicleBlockList" name="validateBlockListUser" time="0.019"/>
  <testcase classname="com.selenium.VehicleBlockList" name="validateBlockListMobileNum" time="0.01"/>
  <testcase classname="com.selenium.VehicleBlockList" name="validateBlockListVehicleNum" time="0.01"/>
  <testcase classname="com.selenium.VehicleBlockList" name="validateBlockListAmount" time="0.007"/>
  <testcase classname="com.selenium.VehicleBlockList" name="validateBlockListStatus" time="0.007"/>
  <testcase classname="com.selenium.VehicleBlockList" name="selectAction" time="5.009"/>
  <testcase classname="com.selenium.VehicleBlockList" name="logout" time="2.309"/>
</testsuite> <!-- VehicleBlockList -->
