<?xml version="1.0" encoding="UTF-8"?>
<testsuite xmlns:xsi="http://www.w3.org/2001/XMLSchema-instance" xsi:noNamespaceSchemaLocation="https://maven.apache.org/surefire/maven-surefire-plugin/xsd/surefire-test-report.xsd" name="com.selenium.AlertMessages" time="165.315" tests="49" errors="0" skipped="0" failures="0">
  <properties>
[...]
</properties>
  <testcase name="login" classname="com.selenium.AlertMessages" time="4.773"/>
  <testcase name="revenueDashboardOpen" classname="com.selenium.AlertMessages" time="3.246"/>
  <testcase name="siteConfigurationPage" classname="com.selenium.AlertMessages" time="2.4"/>
  <testcase name="jstreeOrg" classname="com.selenium.AlertMessages" time="3.269"/>
  <testcase name="applicationMsgs" classname="com.selenium.AlertMessages" time="2.226"/>
  <testcase name="applicationMsgsAnchor" classname="com.selenium.AlertMessages" time="5.278"/>
  <testcase name="selectEng" classname="com.selenium.AlertMessages" time="3.365"/>
  <testcase name="createMessage_English" classname="com.selenium.AlertMessages" time="0.079"/>
  <testcase name="msgSubmit" classname="com.selenium.AlertMessages" time="3.234"/>
  <testcase name="alertStatus" classname="com.selenium.AlertMessages" time="3.044"/>
  <testcase name="engStatusOk" classname="com.selenium.AlertMessages" time="3.245"/>
  <testcase name="messagesToView" classname="com.selenium.AlertMessages" time="5.313"/>
  <testcase name="getAlertMessagesTableDetails" classname="com.selenium.AlertMessages" time="0.406"/>
  <testcase name="engMsgDeleteRow" classname="com.selenium.AlertMessages" time="5.087"/>
  <testcase name="engMsgDeleteBtn" classname="com.selenium.AlertMessages" time="2.253"/>
  <testcase name="alertDelStatus" classname="com.selenium.AlertMessages" time="3.013"/>
  <testcase name="engDeleteOK" classname="com.selenium.AlertMessages" time="3.24"/>
  <testcase name="applicationMsgs_ToCreate_Hindi" classname="com.selenium.AlertMessages" time="5.302"/>
  <testcase name="selectHindi" classname="com.selenium.AlertMessages" time="3.375"/>
  <testcase name="createMessageHindi" classname="com.selenium.AlertMessages" time="0.068"/>
  <testcase name="hindiSubmit" classname="com.selenium.AlertMessages" time="3.238"/>
  <testcase name="alertHindiStatus" classname="com.selenium.AlertMessages" time="6.037"/>
  <testcase name="hindiOK" classname="com.selenium.AlertMessages" time="3.229"/>
  <testcase name="messagesToView_AfterCreate_Hindi" classname="com.selenium.AlertMessages" time="5.307"/>
  <testcase name="messsgesAnchorHindi" classname="com.selenium.AlertMessages" time="0.326"/>
  <testcase name="hindiMsgDeleteRow" classname="com.selenium.AlertMessages" time="0.019"/>
  <testcase name="deleteAlertMsgHindi" classname="com.selenium.AlertMessages" time="2.268"/>
  <testcase name="alertHindiDelStatus" classname="com.selenium.AlertMessages" time="6.015"/>
  <testcase name="hindiDeleteOK" classname="com.selenium.AlertMessages" time="3.233"/>
  <testcase name="applicationMsgs_ToCreate_TwiceEnglish" classname="com.selenium.AlertMessages" time="5.294"/>
  <testcase name="secondSelectEng" classname="com.selenium.AlertMessages" time="3.349"/>
  <testcase name="secondCreateEng" classname="com.selenium.AlertMessages" time="0.057"/>
  <testcase name="secondMsgSubmit" classname="com.selenium.AlertMessages" time="3.218"/>
  <testcase name="secondStatus" classname="com.selenium.AlertMessages" time="6.041"/>
  <testcase name="secondStatusOk" classname="com.selenium.AlertMessages" time="3.242"/>
  <testcase name="messagesToView_AfterCreate_TwiceEnglish" classname="com.selenium.AlertMessages" time="5.311"/>
  <testcase name="applicationMsgs_ToCreate_Marathi" classname="com.selenium.AlertMessages" time="5.303"/>
  <testcase name="selectMarathi" classname="com.selenium.AlertMessages" time="3.362"/>
  <testcase name="createMessageMarathi" classname="com.selenium.AlertMessages" time="2.048"/>
  <testcase name="MarathiSubmit" classname="com.selenium.AlertMessages" time="3.215"/>
  <testcase name="alertMarathiStatus" classname="com.selenium.AlertMessages" time="6.032"/>
  <testcase name="marathiOK" classname="com.selenium.AlertMessages" time="3.265"/>
  <testcase name="messagesToView_AfterCreate_Marathi" classname="com.selenium.AlertMessages" time="5.311"/>
  <testcase name="messsgesAnchorMarathi" classname="com.selenium.AlertMessages" time="0.424"/>
  <testcase name="marathiMsgDeleteRow" classname="com.selenium.AlertMessages" time="0.008"/>
  <testcase name="deleteAlertMsgMarathi" classname="com.selenium.AlertMessages" time="2.222"/>
  <testcase name="alertMarathiDelStatus" classname="com.selenium.AlertMessages" time="6.034"/>
  <testcase name="marathiDeleteOK" classname="com.selenium.AlertMessages" time="0.23"/>
  <testcase name="logout" classname="com.selenium.AlertMessages" time="5.25"/>
</testsuite>